In file included from /tmp/tmpeko54mpr/test.c:1:
/usr/lib/gcc/x86_64-linux-gnu/11/include/varargs.h:4:2: error: #error "GCC no longer implements <varargs.h>."
    4 | #error "GCC no longer implements <varargs.h>."
      |  ^~~~~
/usr/lib/gcc/x86_64-linux-gnu/11/include/varargs.h:5:2: error: #error "Revise your code to use <stdarg.h>."
    5 | #error "Revise your code to use <stdarg.h>."
      |  ^~~~~
In file included from /tmp/tmp81l6jd_r/undef.c:1:
/usr/lib/gcc/x86_64-linux-gnu/11/include/varargs.h:4:2: error: #error "GCC no longer implements <varargs.h>."
    4 | #error "GCC no longer implements <varargs.h>."
      |  ^~~~~
/usr/lib/gcc/x86_64-linux-gnu/11/include/varargs.h:5:2: error: #error "Revise your code to use <stdarg.h>."
    5 | #error "Revise your code to use <stdarg.h>."
      |  ^~~~~
Traceback (most recent call last):
  File "/home/materialofmouse/await-glibc/glibc-builder/glibc-2.35/conform/linknamespace.py", line 217, in <module>
    main()
  File "/home/materialofmouse/await-glibc/glibc-builder/glibc-2.35/conform/linknamespace.py", line 176, in main
    subprocess.check_call(cmd, shell=True)
  File "/usr/lib/python3.10/subprocess.py", line 369, in check_call
    raise CalledProcessError(retcode, cmd)
subprocess.CalledProcessError: Command 'gcc -I../include  -I/home/materialofmouse/await-glibc/glibc-builder/glibc-2.35/build  -I../sysdeps/unix/sysv/linux/x86_64/64  -I../sysdeps/unix/sysv/linux/x86_64  -I../sysdeps/unix/sysv/linux/x86/include -I../sysdeps/unix/sysv/linux/x86  -I../sysdeps/x86/nptl  -I../sysdeps/unix/sysv/linux/wordsize-64  -I../sysdeps/x86_64/nptl  -I../sysdeps/unix/sysv/linux/include -I../sysdeps/unix/sysv/linux  -I../sysdeps/nptl  -I../sysdeps/pthread  -I../sysdeps/gnu  -I../sysdeps/unix/inet  -I../sysdeps/unix/sysv  -I../sysdeps/unix/x86_64  -I../sysdeps/unix  -I../sysdeps/posix  -I../sysdeps/x86_64/64  -I../sysdeps/x86_64/fpu/multiarch  -I../sysdeps/x86_64/fpu  -I../sysdeps/x86/fpu  -I../sysdeps/x86_64/multiarch  -I../sysdeps/x86_64  -I../sysdeps/x86/include -I../sysdeps/x86  -I../sysdeps/ieee754/float128  -I../sysdeps/ieee754/ldbl-96/include -I../sysdeps/ieee754/ldbl-96  -I../sysdeps/ieee754/dbl-64  -I../sysdeps/ieee754/flt-32  -I../sysdeps/wordsize-64  -I../sysdeps/ieee754  -I../sysdeps/generic  -I.. -D_ISOMAC -ansi -D_XOPEN_SOURCE -c /tmp/tmp81l6jd_r/undef.c -o /tmp/tmp81l6jd_r/undef.o' returned non-zero exit status 1.
