<!DOCTYPE html PUBLIC '-//W3C//DTD XHTML 1.0 Transitional//EN' 'http://www.w3.org/TR/xhtml1/DTD/xhtml1-transitional.dtd'>
<html xmlns='http://www.w3.org/1999/xhtml'>
<head>
<title>error</title>
<meta name='robots' content='noindex,nofollow' />
<meta name='generator' content='GLOBAL-6.6.12' />
<meta http-equiv='Content-Style-Type' content='text/css' />
<link rel='stylesheet' type='text/css' href='../style.css' />
</head>
<body>
<pre>
<span class='curline'><a href='../S/6877.html#L49'>error</a>              49 benchtests/bench-rawmemchr.c       error (0, 0, "Wrong result in function %s %p %p", impl-&gt;name,</span>
<span class='curline'><a href='../S/6883.html#L52'>error</a>              52 benchtests/bench-strcasecmp.c       error (0, 0, "Wrong result in function %s %d %d", impl-&gt;name,</span>
<span class='curline'><a href='../S/7021.html#L59'>error</a>              59 benchtests/bench-strcat.c       error (0, 0, "Wrong result in function %s %p %p", impl-&gt;name,</span>
<span class='curline'><a href='../S/7021.html#L67'>error</a>              67 benchtests/bench-strcat.c       error (0, 0, "Wrong result in function %s dst \"%" sfmt "\" src \"%" sfmt "\"",</span>
<span class='curline'><a href='../S/7022.html#L62'>error</a>              62 benchtests/bench-strcpy.c       error (0, 0, "Wrong result in function %s %p %p", impl-&gt;name,</span>
<span class='curline'><a href='../S/7022.html#L70'>error</a>              70 benchtests/bench-strcpy.c       error (0, 0,</span>
<span class='curline'><a href='../S/6898.html#L257'>error</a>             257 benchtests/bench-string.h   error (EXIT_FAILURE, errno, "%s: %s failed", id, func);</span>
<span class='curline'><a href='../S/7039.html#L56'>error</a>              56 benchtests/bench-strlen.c       error (0, 0, "Wrong result in function %s %zd %zd", impl-&gt;name,</span>
<span class='curline'><a href='../S/7026.html#L59'>error</a>              59 benchtests/bench-strncat.c       error (0, 0, "Wrong result in function %s %p != %p", impl-&gt;name,</span>
<span class='curline'><a href='../S/7026.html#L68'>error</a>              68 benchtests/bench-strncat.c       error (0, 0, "Incorrect concatenation in function %s",</span>
<span class='curline'><a href='../S/7026.html#L75'>error</a>              75 benchtests/bench-strncat.c       error (0, 0, "There is no zero in the end of output string in %s",</span>
<span class='curline'><a href='../S/7029.html#L62'>error</a>              62 benchtests/bench-strncpy.c       error (0, 0, "Wrong result in function %s %p %p", impl-&gt;name,</span>
<span class='curline'><a href='../S/7029.html#L70'>error</a>              70 benchtests/bench-strncpy.c       error (0, 0, "Wrong result in function %s", impl-&gt;name);</span>
<span class='curline'><a href='../S/7029.html#L82'>error</a>              82 benchtests/bench-strncpy.c 	    error (0, 0, "Wrong result in function %s", impl-&gt;name);</span>
<span class='curline'><a href='../S/6939.html#L59'>error</a>              59 benchtests/bench-strnlen.c       error (0, 0, "Wrong result in function %s %zd %zd", impl-&gt;name,</span>
<span class='curline'><a href='../S/6864.html#L74'>error</a>              74 benchtests/bench-strpbrk.c       error (0, 0, "Wrong result in function %s %p %p", impl-&gt;name,</span>
<span class='curline'><a href='../S/6976.html#L64'>error</a>              64 benchtests/bench-strrchr.c       error (0, 0, "Wrong result in function %s %p %p", impl-&gt;name,</span>
<span class='curline'><a href='../S/6899.html#L68'>error</a>              68 benchtests/bench-strspn.c       error (0, 0, "Wrong result in function %s %p %p", impl-&gt;name,</span>
<span class='curline'><a href='../S/6972.html#L149'>error</a>             149 benchtests/bench-strstr.c       error (0, 0, "Wrong result in function %s %s %s", impl-&gt;name,</span>
<span class='curline'><a href='../S/5411.html#L286'>error</a>             286 catgets/gencat.c       error (0, errno, gettext ("cannot open input file `%s'"), fname);</span>
<span class='curline'><a href='../S/5411.html#L983'>error</a>             983 catgets/gencat.c 	error (EXIT_FAILURE, errno, gettext ("cannot open output file `%s'"),</span>
<span class='curline'><a href='../S/5411.html#L1023'>error</a>            1023 catgets/gencat.c 	    error (EXIT_FAILURE, errno,</span>
<span class='curline'><a href='../S/5411.html#L1233'>error</a>            1233 catgets/gencat.c 	error (EXIT_FAILURE, errno,</span>
<span class='curline'><a href='../S/5411.html#L1325'>error</a>            1325 catgets/gencat.c       error (0, 0, gettext ("conversion modules not available"));</span>
<span class='curline'><a href='../S/5411.html#L1351'>error</a>            1351 catgets/gencat.c       error (0, 0, gettext ("cannot determine escape character"));</span>
<span class='curline'><a href='../S/2371.html#L107'>error</a>             107 debug/pcprofiledump.c 	error (EXIT_FAILURE, errno, _("cannot open input file"));</span>
<span class='curline'><a href='../S/2371.html#L114'>error</a>             114 debug/pcprofiledump.c     error (EXIT_FAILURE, errno, _("cannot read header"));</span>
<span class='curline'><a href='../S/2371.html#L178'>error</a>             178 debug/pcprofiledump.c     error (EXIT_FAILURE, 0, _("invalid pointer size"));</span>
<span class='curline'><a href='../S/1447.html#L31'>error</a>              31 dlfcn/glrefmain.c     error (EXIT_FAILURE, errno, "cannot load `%s'", name);</span>
<span class='curline'><a href='../S/1447.html#L51'>error</a>              51 dlfcn/glrefmain.c     error (EXIT_FAILURE, errno, "cannot get pointer to `%s'", "ref2");</span>
<span class='curline'><a href='../S/1447.html#L54'>error</a>              54 dlfcn/glrefmain.c     error (EXIT_FAILURE, 0, "wrong result from `%s'", "ref2");</span>
<span class='curline'><a href='../S/1447.html#L67'>error</a>              67 dlfcn/glrefmain.c     error (EXIT_FAILURE, 0, "wrong result from `%s' (second call)", "ref2");</span>
<span class='curline'><a href='../S/1430.html#L41'>error</a>              41 dlfcn/tst-dladdr.c     error (EXIT_FAILURE, 0, "cannot load: glreflib1.so");</span>
<span class='curline'><a href='../S/1430.html#L45'>error</a>              45 dlfcn/tst-dladdr.c     error (EXIT_FAILURE, 0, "dlsym failed");</span>
<span class='curline'><a href='../S/1430.html#L51'>error</a>              51 dlfcn/tst-dladdr.c     error (EXIT_FAILURE, 0, "dladdr failed");</span>
<span class='curline'><a href='../S/1430.html#L60'>error</a>              60 dlfcn/tst-dladdr.c     error (EXIT_FAILURE, 0, "dli_fname is NULL");</span>
<span class='curline'><a href='../S/1430.html#L62'>error</a>              62 dlfcn/tst-dladdr.c     error (EXIT_FAILURE, 0, "dli_fbase is NULL");</span>
<span class='curline'><a href='../S/1430.html#L64'>error</a>              64 dlfcn/tst-dladdr.c     error (EXIT_FAILURE, 0, "dli_sname is NULL");</span>
<span class='curline'><a href='../S/1430.html#L66'>error</a>              66 dlfcn/tst-dladdr.c     error (EXIT_FAILURE, 0, "dli_saddr is NULL");</span>
<span class='curline'><a href='../S/1458.html#L33'>error</a>              33 dlfcn/tst-dlinfo.c     error (EXIT_FAILURE, 0, "cannot load: glreflib1.so: %s", dlerror ());</span>
<span class='curline'><a href='../S/2762.html#L296'>error</a>             296 elf/cache.c        error (EXIT_FAILURE, 0, _("Cache file has wrong endianness.\n"));</span>
<span class='curline'><a href='../S/2762.html#L319'>error</a>             319 elf/cache.c        error (EXIT_FAILURE, errno, _("Can't open cache file %s\n"), cache_name);</span>
<span class='curline'><a href='../S/2762.html#L333'>error</a>             333 elf/cache.c        error (EXIT_FAILURE, errno, _("mmap of cache file failed.\n"));</span>
<span class='curline'><a href='../S/2762.html#L337'>error</a>             337 elf/cache.c        error (EXIT_FAILURE, 0, _("File is not a cache file.\n"));</span>
<span class='curline'><a href='../S/2762.html#L351'>error</a>             351 elf/cache.c    	error (EXIT_FAILURE, 0, _("File is not a cache file.\n"));</span>
<span class='curline'><a href='../S/2762.html#L362'>error</a>             362 elf/cache.c    	error (EXIT_FAILURE, 0, _("File is not a cache file.\n"));</span>
<span class='curline'><a href='../S/2762.html#L403'>error</a>             403 elf/cache.c    	error (EXIT_FAILURE, 0,</span>
<span class='curline'><a href='../S/2762.html#L547'>error</a>             547 elf/cache.c        error (EXIT_FAILURE, errno, _("Writing of cache extension data failed"));</span>
<span class='curline'><a href='../S/2762.html#L558'>error</a>             558 elf/cache.c        error (EXIT_FAILURE, 0, _("%s: ISA level is too high (%d &gt; %d)"),</span>
<span class='curline'><a href='../S/2762.html#L725'>error</a>             725 elf/cache.c        error (EXIT_FAILURE, errno, _("Can't create temporary cache file %s"),</span>
<span class='curline'><a href='../S/2762.html#L733'>error</a>             733 elf/cache.c    	error (EXIT_FAILURE, errno, _("Writing of cache data failed"));</span>
<span class='curline'><a href='../S/2762.html#L743'>error</a>             743 elf/cache.c    	    error (EXIT_FAILURE, errno, _("Writing of cache data failed"));</span>
<span class='curline'><a href='../S/2762.html#L747'>error</a>             747 elf/cache.c    	error (EXIT_FAILURE, errno, _("Writing of cache data failed"));</span>
<span class='curline'><a href='../S/2762.html#L752'>error</a>             752 elf/cache.c        error (EXIT_FAILURE, errno, _("Writing of cache data failed"));</span>
<span class='curline'><a href='../S/2762.html#L764'>error</a>             764 elf/cache.c        error (EXIT_FAILURE, errno,</span>
<span class='curline'><a href='../S/2762.html#L770'>error</a>             770 elf/cache.c        error (EXIT_FAILURE, errno, _("Writing of cache data failed"));</span>
<span class='curline'><a href='../S/2762.html#L774'>error</a>             774 elf/cache.c        error (EXIT_FAILURE, errno, _("Renaming of %s to %s failed"), temp_name,</span>
<span class='curline'><a href='../S/2762.html#L805'>error</a>             805 elf/cache.c          error (EXIT_FAILURE, errno, _("Could not create library path"));</span>
<span class='curline'><a href='../S/2860.html#L121'>error</a>             121 elf/chroot_canon.c 	      goto error;</span>
<span class='curline'><a href='../S/2860.html#L132'>error</a>             132 elf/chroot_canon.c 		  goto error;</span>
<span class='curline'><a href='../S/2860.html#L140'>error</a>             140 elf/chroot_canon.c 		  goto error;</span>
<span class='curline'><a href='../S/2860.html#L151'>error</a>             151 elf/chroot_canon.c 		  goto error;</span>
<span class='curline'><a href='../S/2860.html#L174'>error</a>             174 elf/chroot_canon.c  error:</span>
<span class='curline'><a href='../S/3133.html#L19'>error</a>              19 elf/constload1.c     error (EXIT_FAILURE, errno, "cannot load module \"constload2.so\"");</span>
<span class='curline'><a href='../S/2619.html#L371'>error</a>             371 elf/ldconfig.c 	      error (0, 0, _("Path `%s' given more than once"), entry-&gt;path);</span>
<span class='curline'><a href='../S/2619.html#L404'>error</a>             404 elf/ldconfig.c     error (EXIT_FAILURE, errno, _("Could not form glibc-hwcaps path"));</span>
<span class='curline'><a href='../S/2619.html#L418'>error</a>             418 elf/ldconfig.c 		error (EXIT_FAILURE, errno, _("Listing directory %s"), path);</span>
<span class='curline'><a href='../S/2619.html#L444'>error</a>             444 elf/ldconfig.c 		error (EXIT_FAILURE, errno,</span>
<span class='curline'><a href='../S/2619.html#L487'>error</a>             487 elf/ldconfig.c 	error (0, 0, _("%s is not a known library type"), equal_sign);</span>
<span class='curline'><a href='../S/2619.html#L519'>error</a>             519 elf/ldconfig.c 	error (0, errno, _("Can't stat %s"), entry-&gt;path);</span>
<span class='curline'><a href='../S/2619.html#L600'>error</a>             600 elf/ldconfig.c 	  error (0, 0, _("Can't stat %s\n"), full_libname);</span>
<span class='curline'><a href='../S/2619.html#L610'>error</a>             610 elf/ldconfig.c 	  error (0, 0, _("%s is not a symbolic link\n"), full_soname);</span>
<span class='curline'><a href='../S/2619.html#L629'>error</a>             629 elf/ldconfig.c 	    error (0, 0, _("Can't unlink %s"), full_soname);</span>
<span class='curline'><a href='../S/2619.html#L635'>error</a>             635 elf/ldconfig.c 	  error (0, 0, _("Can't link %s to %s"), full_soname, libname);</span>
<span class='curline'><a href='../S/2619.html#L699'>error</a>             699 elf/ldconfig.c 	  error (0, errno, _("Can't find %s"), path);</span>
<span class='curline'><a href='../S/2619.html#L715'>error</a>             715 elf/ldconfig.c       error (0, errno, _("Cannot lstat %s"), library);</span>
<span class='curline'><a href='../S/2619.html#L721'>error</a>             721 elf/ldconfig.c       error (0, 0, _("Ignored file %s since it is not a regular file."),</span>
<span class='curline'><a href='../S/2619.html#L729'>error</a>             729 elf/ldconfig.c       error (0, 0, _("No link created since soname could not be found for %s"),</span>
<span class='curline'><a href='../S/2619.html#L828'>error</a>             828 elf/ldconfig.c 	error (0, errno, _("Can't open directory %s"), entry-&gt;path);</span>
<span class='curline'><a href='../S/2619.html#L895'>error</a>             895 elf/ldconfig.c 	    error (0, errno, _("Cannot lstat %s"), file_name);</span>
<span class='curline'><a href='../S/2619.html#L913'>error</a>             913 elf/ldconfig.c 		    error (0, 0, _("Input file %s not found.\n"), file_name);</span>
<span class='curline'><a href='../S/2619.html#L920'>error</a>             920 elf/ldconfig.c 		error (0, errno, _("Cannot stat %s"), file_name);</span>
<span class='curline'><a href='../S/2619.html#L955'>error</a>             955 elf/ldconfig.c 	      error (0, errno, _("Cannot lstat %s"), file_name);</span>
<span class='curline'><a href='../S/2619.html#L975'>error</a>             975 elf/ldconfig.c 		error (0, 0, _("Input file %s not found.\n"), file_name);</span>
<span class='curline'><a href='../S/2619.html#L987'>error</a>             987 elf/ldconfig.c 	  error (0, errno, _("Cannot lstat %s"), file_name);</span>
<span class='curline'><a href='../S/2619.html#L1073'>error</a>            1073 elf/ldconfig.c 	    error (0, 0, _("libc5 library %s in wrong directory"), file_name);</span>
<span class='curline'><a href='../S/2619.html#L1076'>error</a>            1076 elf/ldconfig.c 	    error (0, 0, _("libc6 library %s in wrong directory"), file_name);</span>
<span class='curline'><a href='../S/2619.html#L1079'>error</a>            1079 elf/ldconfig.c 	    error (0, 0, _("libc4 library %s in wrong directory"), file_name);</span>
<span class='curline'><a href='../S/2619.html#L1107'>error</a>            1107 elf/ldconfig.c 			error (0, 0, _("libraries %s and %s in directory %s have same soname but different type."),</span>
<span class='curline'><a href='../S/2619.html#L1237'>error</a>            1237 elf/ldconfig.c 	error (0, errno, _("\</span>
<span class='curline'><a href='../S/2619.html#L1285'>error</a>            1285 elf/ldconfig.c 	error (0, 0, _("%s:%u: hwcap directive ignored"), filename, lineno);</span>
<span class='curline'><a href='../S/2619.html#L1303'>error</a>            1303 elf/ldconfig.c     error (EXIT_FAILURE, 0,</span>
<span class='curline'><a href='../S/2619.html#L1311'>error</a>            1311 elf/ldconfig.c 	error (EXIT_FAILURE, 0, _("memory exhausted"));</span>
<span class='curline'><a href='../S/2619.html#L1344'>error</a>            1344 elf/ldconfig.c 	error (0, errno, _("%s:%u: cannot read directory %s"),</span>
<span class='curline'><a href='../S/2619.html#L1391'>error</a>            1391 elf/ldconfig.c 	  error (EXIT_FAILURE, 0,</span>
<span class='curline'><a href='../S/2619.html#L1416'>error</a>            1416 elf/ldconfig.c 		error (EXIT_FAILURE, errno, _("Can't chdir to /"));</span>
<span class='curline'><a href='../S/2619.html#L1437'>error</a>            1437 elf/ldconfig.c 	    error (EXIT_FAILURE, errno, _("Can't open cache file %s\n"),</span>
<span class='curline'><a href='../S/2619.html#L1456'>error</a>            1456 elf/ldconfig.c 	error (EXIT_FAILURE, errno,</span>
<span class='curline'><a href='../S/3174.html#L21'>error</a>              21 elf/loadfail.c     error (EXIT_FAILURE, 0, "failed to load shared object: %s", dlerror ());</span>
<span class='curline'><a href='../S/2630.html#L122'>error</a>             122 elf/loadtest.c 	    error (EXIT_FAILURE, 0, "cannot load `%s': %s",</span>
<span class='curline'><a href='../S/2630.html#L128'>error</a>             128 elf/loadtest.c 	    error (EXIT_FAILURE, 0,</span>
<span class='curline'><a href='../S/2497.html#L15'>error</a>              15 elf/origtest.c     error (EXIT_FAILURE, 0, "while loading `%s': %s", "testobj1.so",</span>
<span class='curline'><a href='../S/2497.html#L20'>error</a>              20 elf/origtest.c     error (EXIT_FAILURE, 0, "getting `obj1func1' in `%s': %s",</span>
<span class='curline'><a href='../S/2497.html#L27'>error</a>              27 elf/origtest.c     error (EXIT_FAILURE, 0, "while close `%s': %s",</span>
<span class='curline'><a href='../S/2851.html#L103'>error</a>             103 elf/pldd-xx.c      error (EXIT_FAILURE, 0, gettext ("cannot find program header of process"));</span>
<span class='curline'><a href='../S/2851.html#L107'>error</a>             107 elf/pldd-xx.c      error (EXIT_FAILURE, 0, gettext ("cannot read program header"));</span>
<span class='curline'><a href='../S/2851.html#L129'>error</a>             129 elf/pldd-xx.c  	  error (EXIT_FAILURE, 0, gettext ("cannot read dynamic section"));</span>
<span class='curline'><a href='../S/2851.html#L141'>error</a>             141 elf/pldd-xx.c  		  error (EXIT_FAILURE, 0, gettext ("cannot read r_debug"));</span>
<span class='curline'><a href='../S/2851.html#L159'>error</a>             159 elf/pldd-xx.c  	  error (EXIT_FAILURE, 0, gettext ("cannot read program interpreter"));</span>
<span class='curline'><a href='../S/2851.html#L188'>error</a>             188 elf/pldd-xx.c  	error (EXIT_FAILURE, 0, gettext ("cannot read link map"));</span>
<span class='curline'><a href='../S/2851.html#L195'>error</a>             195 elf/pldd-xx.c  	    error (EXIT_FAILURE, 0, gettext ("cannot read object name"));</span>
<span class='curline'><a href='../S/2851.html#L201'>error</a>             201 elf/pldd-xx.c  	    error (EXIT_FAILURE, 0,</span>
<span class='curline'><a href='../S/2670.html#L102'>error</a>             102 elf/pldd.c         error (EXIT_FAILURE, 0, gettext ("invalid process ID '%s'"),</span>
<span class='curline'><a href='../S/2670.html#L110'>error</a>             110 elf/pldd.c         error (EXIT_FAILURE, errno, gettext ("cannot open %s"), buf);</span>
<span class='curline'><a href='../S/2670.html#L141'>error</a>             141 elf/pldd.c         error (EXIT_FAILURE, errno, gettext ("cannot open %s/task"), buf);</span>
<span class='curline'><a href='../S/2670.html#L144'>error</a>             144 elf/pldd.c         error (EXIT_FAILURE, errno, gettext ("cannot prepare reading %s/task"),</span>
<span class='curline'><a href='../S/2670.html#L157'>error</a>             157 elf/pldd.c     	error (EXIT_FAILURE, 0, gettext ("invalid thread ID '%s'"),</span>
<span class='curline'><a href='../S/2670.html#L168'>error</a>             168 elf/pldd.c     	  error (EXIT_FAILURE, errno, gettext ("cannot attach to process %lu"),</span>
<span class='curline'><a href='../S/2670.html#L183'>error</a>             183 elf/pldd.c         error (EXIT_FAILURE, 0, gettext ("no valid %s/task entries"), buf);</span>
<span class='curline'><a href='../S/2670.html#L289'>error</a>             289 elf/pldd.c           error (0, errno, gettext ("cannot get information about process %lu"),</span>
<span class='curline'><a href='../S/2670.html#L302'>error</a>             302 elf/pldd.c           error (0, 0, gettext ("process %lu is no ELF program"), pid);</span>
<span class='curline'><a href='../S/3096.html#L34'>error</a>              34 elf/readelflib.c 	error (0, 0, _("file %s is truncated\n"), file_name);	\</span>
<span class='curline'><a href='../S/3096.html#L65'>error</a>              65 elf/readelflib.c 	    error (0, 0, _("%s is a 32 bit ELF file.\n"), file_name);</span>
<span class='curline'><a href='../S/3096.html#L67'>error</a>              67 elf/readelflib.c 	    error (0, 0, _("%s is a 64 bit ELF file.\n"), file_name);</span>
<span class='curline'><a href='../S/3096.html#L69'>error</a>              69 elf/readelflib.c 	    error (0, 0, _("Unknown ELFCLASS in file %s.\n"), file_name);</span>
<span class='curline'><a href='../S/3096.html#L76'>error</a>              76 elf/readelflib.c       error (0, 0, _("%s is not a shared object file (Type: %d).\n"), file_name,</span>
<span class='curline'><a href='../S/3096.html#L104'>error</a>             104 elf/readelflib.c 	    error (0, 0, _("more than one dynamic segment\n"));</span>
<span class='curline'><a href='../S/2741.html#L96'>error</a>              96 elf/readlib.c        error (0, 0, _("Input file %s not found.\n"), file_name);</span>
<span class='curline'><a href='../S/2741.html#L102'>error</a>             102 elf/readlib.c        error (0, 0, _("Cannot fstat file %s.\n"), file_name);</span>
<span class='curline'><a href='../S/2741.html#L113'>error</a>             113 elf/readlib.c  	error (0, 0, _("File %s is empty, not checked."), file_name);</span>
<span class='curline'><a href='../S/2741.html#L119'>error</a>             119 elf/readlib.c  	    error (0, 0, _("File %s is too small, not checked."), file_name);</span>
<span class='curline'><a href='../S/2741.html#L129'>error</a>             129 elf/readlib.c        error (0, 0, _("Cannot mmap file %s.\n"), file_name);</span>
<span class='curline'><a href='../S/2741.html#L168'>error</a>             168 elf/readlib.c  	error (0, 0, _("%s is not an ELF file - it has the wrong magic bytes at the start.\n"),</span>
<span class='curline'><a href='../S/3150.html#L21'>error</a>              21 elf/restest1.c     error (EXIT_FAILURE, 0, "while loading `%s': %s", "testobj1.so",</span>
<span class='curline'><a href='../S/3150.html#L26'>error</a>              26 elf/restest1.c     error (EXIT_FAILURE, 0, "while loading `%s': %s", "testobj1_1.so",</span>
<span class='curline'><a href='../S/3150.html#L31'>error</a>              31 elf/restest1.c     error (EXIT_FAILURE, 0, "getting `obj1func1' in `%s': %s",</span>
<span class='curline'><a href='../S/3150.html#L36'>error</a>              36 elf/restest1.c     error (EXIT_FAILURE, 0, "getting `obj1func1' in `%s': %s",</span>
<span class='curline'><a href='../S/3150.html#L44'>error</a>              44 elf/restest1.c     error (EXIT_FAILURE, 0, "cannot close testobj1.so: %s\n", dlerror ());</span>
<span class='curline'><a href='../S/3150.html#L46'>error</a>              46 elf/restest1.c     error (EXIT_FAILURE, 0, "cannot close testobj1_1.so: %s\n", dlerror ());</span>
<span class='curline'><a href='../S/2946.html#L15'>error</a>              15 elf/restest2.c     error (EXIT_FAILURE, 0, "dlsym (RTLD_NEXT, \"getpid\"): %s", dlerror ());</span>
<span class='curline'><a href='../S/2946.html#L28'>error</a>              28 elf/restest2.c     error (EXIT_FAILURE, 0, "dlsym (RTLD_DEFAULT, \"getpid\"): %s", dlerror ());</span>
<span class='curline'><a href='../S/2946.html#L31'>error</a>              31 elf/restest2.c     error (EXIT_FAILURE, 0, "main getpid() not called");</span>
<span class='curline'><a href='../S/2465.html#L157'>error</a>             157 elf/sln.c        const char *error;</span>
<span class='curline'><a href='../S/2465.html#L177'>error</a>             177 elf/sln.c            error = strerror (errno);</span>
<span class='curline'><a href='../S/2465.html#L178'>error</a>             178 elf/sln.c            fprintf (stderr, _("%s: invalid destination: %s\n"), dest, error);</span>
<span class='curline'><a href='../S/2465.html#L187'>error</a>             187 elf/sln.c      	  error = strerror (errno);</span>
<span class='curline'><a href='../S/2465.html#L190'>error</a>             190 elf/sln.c      		   src, dest, error);</span>
<span class='curline'><a href='../S/2465.html#L197'>error</a>             197 elf/sln.c            error = strerror (errno);</span>
<span class='curline'><a href='../S/2465.html#L199'>error</a>             199 elf/sln.c      	       src, dest, error);</span>
<span class='curline'><a href='../S/2736.html#L127'>error</a>             127 elf/sotruss-lib.c     error (1, 0, "cannot handle interface version %u", v);</span>
<span class='curline'><a href='../S/2856.html#L432'>error</a>             432 elf/sprof.c    	  error (0, errno, _("failed to load shared object `%s'"), name);</span>
<span class='curline'><a href='../S/2856.html#L441'>error</a>             441 elf/sprof.c          error (0, errno, _("cannot create internal descriptor"));</span>
<span class='curline'><a href='../S/2856.html#L553'>error</a>             553 elf/sprof.c        error (EXIT_FAILURE, errno, _("Reopening shared object `%s' failed"),</span>
<span class='curline'><a href='../S/2856.html#L560'>error</a>             560 elf/sprof.c        error (EXIT_FAILURE, errno, _("reading of section headers failed"));</span>
<span class='curline'><a href='../S/2856.html#L567'>error</a>             567 elf/sprof.c        error (EXIT_FAILURE, errno,</span>
<span class='curline'><a href='../S/2856.html#L615'>error</a>             615 elf/sprof.c    	error (EXIT_FAILURE, errno, _("cannot determine file name"));</span>
<span class='curline'><a href='../S/2856.html#L647'>error</a>             647 elf/sprof.c    	    error (EXIT_FAILURE, errno,</span>
<span class='curline'><a href='../S/2856.html#L654'>error</a>             654 elf/sprof.c    	    error (EXIT_FAILURE, errno,</span>
<span class='curline'><a href='../S/2856.html#L662'>error</a>             662 elf/sprof.c    	    error (EXIT_FAILURE, errno,</span>
<span class='curline'><a href='../S/2856.html#L714'>error</a>             714 elf/sprof.c    	error (EXIT_FAILURE, errno, _("failed to load symbol data"));</span>
<span class='curline'><a href='../S/2856.html#L779'>error</a>             779 elf/sprof.c    	  error (0, errno, _("cannot load profiling data"));</span>
<span class='curline'><a href='../S/2856.html#L788'>error</a>             788 elf/sprof.c          error (0, errno, _("while stat'ing profiling data file"));</span>
<span class='curline'><a href='../S/2856.html#L795'>error</a>             795 elf/sprof.c          error (0, 0,</span>
<span class='curline'><a href='../S/2856.html#L807'>error</a>             807 elf/sprof.c          error (0, errno, _("failed to mmap the profiling data file"));</span>
<span class='curline'><a href='../S/2856.html#L815'>error</a>             815 elf/sprof.c          error (0, errno, _("error while closing the profiling data file"));</span>
<span class='curline'><a href='../S/2856.html#L824'>error</a>             824 elf/sprof.c          error (0, errno, _("cannot create internal descriptor"));</span>
<span class='curline'><a href='../S/2856.html#L898'>error</a>             898 elf/sprof.c          error (0, 0, _("`%s' is no correct profile data file for `%s'"),</span>
<span class='curline'><a href='../S/2856.html#L922'>error</a>             922 elf/sprof.c          error (0, errno, _("cannot create internal descriptor"));</span>
<span class='curline'><a href='../S/2856.html#L1079'>error</a>            1079 elf/sprof.c    	      error (EXIT_FAILURE, errno, _("cannot allocate symbol data"));</span>
<span class='curline'><a href='../S/2856.html#L1137'>error</a>            1137 elf/sprof.c    		error (EXIT_FAILURE, errno, _("cannot allocate symbol data"));</span>
<span class='curline'><a href='../S/2712.html#L90'>error</a>              90 elf/stringtable.c     error (EXIT_FAILURE, 0, _("String table string is too long"));</span>
<span class='curline'><a href='../S/2712.html#L103'>error</a>             103 elf/stringtable.c     error (EXIT_FAILURE, 0, _("String table has too many entries"));</span>
<span class='curline'><a href='../S/2712.html#L188'>error</a>             188 elf/stringtable.c         error (EXIT_FAILURE, 0, _("String table is too large"));</span>
<span class='curline'><a href='../S/2712.html#L196'>error</a>             196 elf/stringtable.c       error (EXIT_FAILURE, 0, _("String table is too large"));</span>
<span class='curline'><a href='../S/2719.html#L100'>error</a>             100 elf/tst-execstack.c 	error (1, rc, "pthread_create");</span>
<span class='curline'><a href='../S/2719.html#L212'>error</a>             212 elf/tst-execstack.c       error (1, rc, "pthread_create");</span>
<span class='curline'><a href='../S/2611.html#L48'>error</a>              48 elf/tst-nodelete-dlclose-dso.c   char *error;</span>
<span class='curline'><a href='../S/2611.html#L59'>error</a>              59 elf/tst-nodelete-dlclose-dso.c   error = dlerror ();</span>
<span class='curline'><a href='../S/2611.html#L60'>error</a>              60 elf/tst-nodelete-dlclose-dso.c   if (error != NULL)</span>
<span class='curline'><a href='../S/2611.html#L63'>error</a>              63 elf/tst-nodelete-dlclose-dso.c 	      error);</span>
<span class='curline'><a href='../S/2882.html#L53'>error</a>              53 elf/tst-unwind-main.c     error (1, rc, "pthread_create");</span>
<span class='curline'><a href='../S/2882.html#L56'>error</a>              56 elf/tst-unwind-main.c     error (1, rc, "pthread_join");</span>
<span class='curline'><a href='../S/2616.html#L28'>error</a>              28 elf/unload2.c      error (EXIT_FAILURE, errno, "cannot load \"unload2mod.so\"");</span>
<span class='curline'><a href='../S/2616.html#L31'>error</a>              31 elf/unload2.c      error (EXIT_FAILURE, errno, "cannot load \"unload2dep.so\"");</span>
<span class='curline'><a href='../S/18313.html#L53'>error</a>              53 htl/tests/test-1.c 	error (1, err, "pthread_create");</span>
<span class='curline'><a href='../S/18313.html#L63'>error</a>              63 htl/tests/test-1.c 	error (1, err, "pthread_join");</span>
<span class='curline'><a href='../S/18299.html#L35'>error</a>              35 htl/tests/test-10.c     error (1, err, "pthread_mutexattr_init");</span>
<span class='curline'><a href='../S/18299.html#L39'>error</a>              39 htl/tests/test-10.c     error (1, err, "pthread_mutexattr_settype");</span>
<span class='curline'><a href='../S/18299.html#L43'>error</a>              43 htl/tests/test-10.c     error (1, err, "pthread_mutex_init");</span>
<span class='curline'><a href='../S/18299.html#L47'>error</a>              47 htl/tests/test-10.c     error (1, err, "pthread_mutexattr_destroy");</span>
<span class='curline'><a href='../S/18309.html#L71'>error</a>              71 htl/tests/test-11.c     error (1, err, "pthread_rwlockattr_init");</span>
<span class='curline'><a href='../S/18309.html#L75'>error</a>              75 htl/tests/test-11.c     error (1, err, "pthread_rwlockattr_getpshared");</span>
<span class='curline'><a href='../S/18309.html#L82'>error</a>              82 htl/tests/test-11.c     error (1, err, "pthread_rwlockattr_setpshared");</span>
<span class='curline'><a href='../S/18309.html#L86'>error</a>              86 htl/tests/test-11.c     error (1, err, "pthread_rwlock_init");</span>
<span class='curline'><a href='../S/18309.html#L90'>error</a>              90 htl/tests/test-11.c     error (1, err, "pthread_rwlockattr_destroy");</span>
<span class='curline'><a href='../S/18309.html#L98'>error</a>              98 htl/tests/test-11.c 	error (1, err, "pthread_create");</span>
<span class='curline'><a href='../S/18309.html#L122'>error</a>             122 htl/tests/test-11.c 	error (1, err, "pthread_join");</span>
<span class='curline'><a href='../S/18309.html#L156'>error</a>             156 htl/tests/test-11.c     error (1, err, "pthread_rwlock_destroy");</span>
<span class='curline'><a href='../S/18308.html#L42'>error</a>              42 htl/tests/test-13.c     error (1, err, "pthread_condattr_init");</span>
<span class='curline'><a href='../S/18308.html#L46'>error</a>              46 htl/tests/test-13.c     error (1, err, "pthread_condattr_getpshared");</span>
<span class='curline'><a href='../S/18308.html#L54'>error</a>              54 htl/tests/test-13.c     error (1, err, "pthread_cond_init");</span>
<span class='curline'><a href='../S/18308.html#L58'>error</a>              58 htl/tests/test-13.c     error (1, err, "pthread_condattr_destroy");</span>
<span class='curline'><a href='../S/18308.html#L79'>error</a>              79 htl/tests/test-13.c     error (1, EGRATUITOUS, "pthread_cond_timedwait waited %d us", diff);</span>
<span class='curline'><a href='../S/18312.html#L57'>error</a>              57 htl/tests/test-14.c     error (1, EGRATUITOUS, "pthread_mutex_timedlock waited %d us", diff);</span>
<span class='curline'><a href='../S/18296.html#L63'>error</a>              63 htl/tests/test-15.c     error (1, EGRATUITOUS, "pthread_mutex_timedlock waited %d us", diff);</span>
<span class='curline'><a href='../S/18296.html#L77'>error</a>              77 htl/tests/test-15.c     error (1, err, "pthread_rwlock_init");</span>
<span class='curline'><a href='../S/18296.html#L87'>error</a>              87 htl/tests/test-15.c 	error (1, err, "pthread_create");</span>
<span class='curline'><a href='../S/18296.html#L96'>error</a>              96 htl/tests/test-15.c 	error (1, err, "pthread_join");</span>
<span class='curline'><a href='../S/18311.html#L42'>error</a>              42 htl/tests/test-16.c     error (1, err, "pthread_kill");</span>
<span class='curline'><a href='../S/18311.html#L74'>error</a>              74 htl/tests/test-16.c     error (1, err, "sigaction");</span>
<span class='curline'><a href='../S/18311.html#L78'>error</a>              78 htl/tests/test-16.c     error (1, err, "pthread_create");</span>
<span class='curline'><a href='../S/18311.html#L82'>error</a>              82 htl/tests/test-16.c     error (1, err, "pthread_join");</span>
<span class='curline'><a href='../S/18300.html#L43'>error</a>              43 htl/tests/test-2.c     error (1, err, "pthread_create");</span>
<span class='curline'><a href='../S/18300.html#L47'>error</a>              47 htl/tests/test-2.c     error (1, err, "pthread_detach");</span>
<span class='curline'><a href='../S/18298.html#L53'>error</a>              53 htl/tests/test-4.c       error (1, errno, "fork");</span>
<span class='curline'><a href='../S/18297.html#L52'>error</a>              52 htl/tests/test-5.c     error (1, err, "setrlimit");</span>
<span class='curline'><a href='../S/18297.html#L58'>error</a>              58 htl/tests/test-5.c       error (1, errno, "fork");</span>
<span class='curline'><a href='../S/18297.html#L68'>error</a>              68 htl/tests/test-5.c 	  error (1, err, "pthread_create");</span>
<span class='curline'><a href='../S/18306.html#L55'>error</a>              55 htl/tests/test-6.c     error (1, err, "pthread_barrierattr_init");</span>
<span class='curline'><a href='../S/18306.html#L59'>error</a>              59 htl/tests/test-6.c     error (1, err, "pthread_barrierattr_getpshared");</span>
<span class='curline'><a href='../S/18306.html#L64'>error</a>              64 htl/tests/test-6.c     error (1, err, "pthread_barrierattr_setpshared");</span>
<span class='curline'><a href='../S/18306.html#L68'>error</a>              68 htl/tests/test-6.c     error (1, err, "pthread_barrier_init");</span>
<span class='curline'><a href='../S/18306.html#L77'>error</a>              77 htl/tests/test-6.c 	    error (1, err, "pthread_create (%d)", i);</span>
<span class='curline'><a href='../S/18306.html#L91'>error</a>              91 htl/tests/test-6.c 	    error (1, err, "pthread_join");</span>
<span class='curline'><a href='../S/18303.html#L74'>error</a>              74 htl/tests/test-7.c 	error (1, err, "pthread_create (%d)", i);</span>
<span class='curline'><a href='../S/18303.html#L83'>error</a>              83 htl/tests/test-7.c 	error (1, err, "pthread_join");</span>
<span class='curline'><a href='../S/18310.html#L59'>error</a>              59 htl/tests/test-8.c 	error (1, err, "pthread_create (%d)", i);</span>
<span class='curline'><a href='../S/18310.html#L70'>error</a>              70 htl/tests/test-8.c 	error (1, err, "pthread_join");</span>
<span class='curline'><a href='../S/18301.html#L62'>error</a>              62 htl/tests/test-9.c     error (1, err, "pthread_mutexattr_init");</span>
<span class='curline'><a href='../S/18301.html#L66'>error</a>              66 htl/tests/test-9.c     error (1, err, "pthread_mutexattr_settype");</span>
<span class='curline'><a href='../S/18301.html#L70'>error</a>              70 htl/tests/test-9.c     error (1, err, "pthread_mutex_init");</span>
<span class='curline'><a href='../S/18301.html#L74'>error</a>              74 htl/tests/test-9.c     error (1, err, "pthread_mutexattr_destroy");</span>
<span class='curline'><a href='../S/18301.html#L85'>error</a>              85 htl/tests/test-9.c 	error (1, err, "pthread_create (%d)", i);</span>
<span class='curline'><a href='../S/18301.html#L94'>error</a>              94 htl/tests/test-9.c 	error (1, err, "pthread_join");</span>
<span class='curline'><a href='../S/18301.html#L101'>error</a>             101 htl/tests/test-9.c     error (1, err, "pthread_mutex_destroy");</span>
<span class='curline'><a href='../S/18302.html#L37'>error</a>              37 htl/tests/test-__pthread_destroy_specific-skip.c     error (1, 0, "FAILED %d %d", v, *i);</span>
<span class='curline'><a href='../S/18302.html#L56'>error</a>              56 htl/tests/test-__pthread_destroy_specific-skip.c 	error (1, err, "pthread_key_create %d", i);</span>
<span class='curline'><a href='../S/18302.html#L64'>error</a>              64 htl/tests/test-__pthread_destroy_specific-skip.c 	error (1, err, "pthread_setspecific %d", i);</span>
<span class='curline'><a href='../S/18302.html#L72'>error</a>              72 htl/tests/test-__pthread_destroy_specific-skip.c 	error (1, err, "pthread_key_delete %d", i);</span>
<span class='curline'><a href='../S/18302.html#L90'>error</a>              90 htl/tests/test-__pthread_destroy_specific-skip.c     error (1, err, "pthread_create");</span>
<span class='curline'><a href='../S/18302.html#L94'>error</a>              94 htl/tests/test-__pthread_destroy_specific-skip.c     error (1, err, "pthread_join");</span>
<span class='curline'><a href='../S/18302.html#L97'>error</a>              97 htl/tests/test-__pthread_destroy_specific-skip.c     error (1, 0, "FAILED END %d %d", v, N_k + 1);</span>
<span class='curline'><a href='../S/2098.html#L44'>error</a>              44 hurd/catch-signal.c   error_t error;</span>
<span class='curline'><a href='../S/2098.html#L48'>error</a>              48 hurd/catch-signal.c     error = 0;</span>
<span class='curline'><a href='../S/2098.html#L51'>error</a>              51 hurd/catch-signal.c     error = sigsetjmp (buf, 1);</span>
<span class='curline'><a href='../S/2098.html#L53'>error</a>              53 hurd/catch-signal.c   if (error == 0)</span>
<span class='curline'><a href='../S/2098.html#L74'>error</a>              74 hurd/catch-signal.c   return error;</span>
<span class='curline'><a href='../S/2098.html#L141'>error</a>             141 hurd/catch-signal.c   error_t error;</span>
<span class='curline'><a href='../S/2098.html#L144'>error</a>             144 hurd/catch-signal.c   error = setjmp (buf);</span>
<span class='curline'><a href='../S/2098.html#L146'>error</a>             146 hurd/catch-signal.c   if (error == 0)</span>
<span class='curline'><a href='../S/2098.html#L167'>error</a>             167 hurd/catch-signal.c   return error;</span>
<span class='curline'><a href='../S/2148.html#L31'>error</a>              31 hurd/exc2signal.c   detail-&gt;error = 0;</span>
<span class='curline'><a href='../S/2148.html#L46'>error</a>              46 hurd/exc2signal.c       detail-&gt;error = detail-&gt;exc_code;</span>
<span class='curline'><a href='../S/2102.html#L77'>error</a>              77 hurd/fopenport.c   error_t error = __mach_port_deallocate (__mach_task_self (),</span>
<span class='curline'><a href='../S/2102.html#L79'>error</a>              79 hurd/fopenport.c   if (error)</span>
<span class='curline'><a href='../S/2102.html#L80'>error</a>              80 hurd/fopenport.c     return __hurd_fail (error);</span>
<span class='curline'><a href='../S/2122.html#L187'>error</a>             187 hurd/hurd/fd.h 	= { exc: 0, exc_code: 0, exc_subcode: 0, code: fd, error: err };</span>
<span class='curline'><a href='../S/2121.html#L58'>error</a>              58 hurd/hurd/signal.h     error_t error;</span>
<span class='curline'><a href='../S/2186.html#L26'>error</a>              26 hurd/hurdlookup.c lookup_error (error_t error)</span>
<span class='curline'><a href='../S/2186.html#L28'>error</a>              28 hurd/hurdlookup.c   switch (error)</span>
<span class='curline'><a href='../S/2186.html#L36'>error</a>              36 hurd/hurdlookup.c       return error;</span>
<span class='curline'><a href='../S/2104.html#L67'>error</a>              67 hurd/hurdselect.c       int error;</span>
<span class='curline'><a href='../S/2104.html#L147'>error</a>             147 hurd/hurdselect.c       int error = 0;</span>
<span class='curline'><a href='../S/2104.html#L191'>error</a>             191 hurd/hurdselect.c 	    d[i].error = EBADF;</span>
<span class='curline'><a href='../S/2104.html#L193'>error</a>             193 hurd/hurdselect.c 	    error = 1;</span>
<span class='curline'><a href='../S/2104.html#L199'>error</a>             199 hurd/hurdselect.c       if (error)</span>
<span class='curline'><a href='../S/2104.html#L357'>error</a>             357 hurd/hurdselect.c 		d[i].error = err;</span>
<span class='curline'><a href='../S/2104.html#L394'>error</a>             394 hurd/hurdselect.c 	    } error;</span>
<span class='curline'><a href='../S/2104.html#L409'>error</a>             409 hurd/hurdselect.c 	    } error;</span>
<span class='curline'><a href='../S/2104.html#L462'>error</a>             462 hurd/hurdselect.c 	      &amp;&amp; msg.head.msgh_size &gt;= sizeof msg.error</span>
<span class='curline'><a href='../S/2104.html#L465'>error</a>             465 hurd/hurdselect.c 	      &amp;&amp; msg.error.err_type.word == inttype.word</span>
<span class='curline'><a href='../S/2104.html#L471'>error</a>             471 hurd/hurdselect.c 	      if (msg.error.err == EINTR</span>
<span class='curline'><a href='../S/2104.html#L472'>error</a>             472 hurd/hurdselect.c 		  &amp;&amp; msg.head.msgh_size == sizeof msg.error)</span>
<span class='curline'><a href='../S/2104.html#L481'>error</a>             481 hurd/hurdselect.c 	      if (msg.error.err</span>
<span class='curline'><a href='../S/2104.html#L488'>error</a>             488 hurd/hurdselect.c 		  if (!msg.error.err)</span>
<span class='curline'><a href='../S/2104.html#L489'>error</a>             489 hurd/hurdselect.c 		    msg.error.err = EIO;</span>
<span class='curline'><a href='../S/2104.html#L502'>error</a>             502 hurd/hurdselect.c 			if (msg.error.err)</span>
<span class='curline'><a href='../S/2104.html#L504'>error</a>             504 hurd/hurdselect.c 			    d[i].error = msg.error.err;</span>
<span class='curline'><a href='../S/2104.html#L581'>error</a>             581 hurd/hurdselect.c 	  switch (d[i].error)</span>
<span class='curline'><a href='../S/2170.html#L315'>error</a>             315 hurd/hurdsig.c 			   signo, detail-&gt;code, detail-&gt;error,</span>
<span class='curline'><a href='../S/2170.html#L1127'>error</a>            1127 hurd/hurdsig.c 	scp-&gt;sc_error = detail-&gt;error;</span>
<span class='curline'><a href='../S/2146.html#L32'>error</a>              32 hurd/lookup-retry.c lookup_error (error_t error)</span>
<span class='curline'><a href='../S/2146.html#L34'>error</a>              34 hurd/lookup-retry.c   switch (error)</span>
<span class='curline'><a href='../S/2146.html#L42'>error</a>              42 hurd/lookup-retry.c       return error;</span>
<span class='curline'><a href='../S/2172.html#L28'>error</a>              28 hurd/vpprintf.c   error_t error = __io_write ((io_t) cookie, buf, n, -1,</span>
<span class='curline'><a href='../S/2172.html#L30'>error</a>              30 hurd/vpprintf.c   if (error)</span>
<span class='curline'><a href='../S/2172.html#L31'>error</a>              31 hurd/vpprintf.c     return __hurd_fail (error);</span>
<span class='curline'><a href='../S/7070.html#L146'>error</a>             146 iconv/iconv_charmap.c 	error (EXIT_FAILURE, errno, _("cannot open output file"));</span>
<span class='curline'><a href='../S/7070.html#L172'>error</a>             172 iconv/iconv_charmap.c 		error (0, errno, _("cannot open input file `%s'"),</span>
<span class='curline'><a href='../S/7070.html#L191'>error</a>             191 iconv/iconv_charmap.c 	      error (EXIT_FAILURE, errno,</span>
<span class='curline'><a href='../S/7070.html#L443'>error</a>             443 iconv/iconv_charmap.c 		error (0, 0, _("illegal input sequence at position %Zd"), n);</span>
<span class='curline'><a href='../S/7070.html#L462'>error</a>             462 iconv/iconv_charmap.c 		error (0, 0, _("\</span>
<span class='curline'><a href='../S/7070.html#L507'>error</a>             507 iconv/iconv_charmap.c 	  error (0, errno, _("error while reading the input"));</span>
<span class='curline'><a href='../S/7070.html#L525'>error</a>             525 iconv/iconv_charmap.c 	    error (0, errno, _("unable to allocate buffer for input"));</span>
<span class='curline'><a href='../S/7070.html#L543'>error</a>             543 iconv/iconv_charmap.c 		error (0, errno, _("error while reading the input"));</span>
<span class='curline'><a href='../S/7087.html#L175'>error</a>             175 iconv/iconv_prog.c           error (EXIT_FAILURE, errno,</span>
<span class='curline'><a href='../S/7087.html#L211'>error</a>             211 iconv/iconv_prog.c 		    error (0, 0,</span>
<span class='curline'><a href='../S/7087.html#L216'>error</a>             216 iconv/iconv_prog.c 		    error (0, 0,</span>
<span class='curline'><a href='../S/7087.html#L223'>error</a>             223 iconv/iconv_prog.c 		    error (0, 0,</span>
<span class='curline'><a href='../S/7087.html#L227'>error</a>             227 iconv/iconv_prog.c 		    error (0, 0,</span>
<span class='curline'><a href='../S/7087.html#L237'>error</a>             237 iconv/iconv_prog.c 	    error (EXIT_FAILURE, errno,</span>
<span class='curline'><a href='../S/7087.html#L272'>error</a>             272 iconv/iconv_prog.c 		    error (0, errno, _("cannot open input file `%s'"),</span>
<span class='curline'><a href='../S/7087.html#L289'>error</a>             289 iconv/iconv_prog.c 		  error (EXIT_FAILURE, errno,</span>
<span class='curline'><a href='../S/7087.html#L336'>error</a>             336 iconv/iconv_prog.c 	error (EXIT_FAILURE, errno, _("error while closing output file"));</span>
<span class='curline'><a href='../S/7087.html#L427'>error</a>             427 iconv/iconv_prog.c 	    error (EXIT_FAILURE, errno, _("cannot open output file"));</span>
<span class='curline'><a href='../S/7087.html#L437'>error</a>             437 iconv/iconv_prog.c       error (0, 0, _("\</span>
<span class='curline'><a href='../S/7087.html#L514'>error</a>             514 iconv/iconv_prog.c 		error (0, 0, _("illegal input sequence at position %ld"),</span>
<span class='curline'><a href='../S/7087.html#L518'>error</a>             518 iconv/iconv_prog.c 	      error (0, 0, _("\</span>
<span class='curline'><a href='../S/7087.html#L522'>error</a>             522 iconv/iconv_prog.c 	      error (0, 0, _("internal error (illegal descriptor)"));</span>
<span class='curline'><a href='../S/7087.html#L525'>error</a>             525 iconv/iconv_prog.c 	      error (0, 0, _("unknown iconv() error %d"), errno);</span>
<span class='curline'><a href='../S/7087.html#L561'>error</a>             561 iconv/iconv_prog.c 	  error (0, errno, _("error while reading the input"));</span>
<span class='curline'><a href='../S/7087.html#L579'>error</a>             579 iconv/iconv_prog.c 	    error (0, errno, _("unable to allocate buffer for input"));</span>
<span class='curline'><a href='../S/7087.html#L597'>error</a>             597 iconv/iconv_prog.c 		error (0, errno, _("error while reading the input"));</span>
<span class='curline'><a href='../S/7064.html#L300'>error</a>             300 iconv/iconvconfig.c     error (2, 0, _("Directory arguments required when using --nostdlib"));</span>
<span class='curline'><a href='../S/7064.html#L342'>error</a>             342 iconv/iconvconfig.c     error (1, 0, _("no output file produced because warnings were issued"));</span>
<span class='curline'><a href='../S/7064.html#L431'>error</a>             431 iconv/iconvconfig.c     error (EXIT_FAILURE, errno, gettext ("while inserting in search tree"));</span>
<span class='curline'><a href='../S/7064.html#L553'>error</a>             553 iconv/iconvconfig.c     error (EXIT_FAILURE, errno, "while inserting in search tree");</span>
<span class='curline'><a href='../S/7064.html#L673'>error</a>             673 iconv/iconvconfig.c       error (0, errno, "failed to open gconv configuration files in `%s'",</span>
<span class='curline'><a href='../S/7064.html#L675'>error</a>             675 iconv/iconvconfig.c       error (0, 0,</span>
<span class='curline'><a href='../S/7064.html#L1194'>error</a>            1194 iconv/iconvconfig.c       error (EXIT_FAILURE, save_errno,</span>
<span class='curline'><a href='../S/17961.html#L210'>error</a>             210 include/alloc_buffer.h       __errordecl (error, "type size is not constant");</span>
<span class='curline'><a href='../S/17961.html#L211'>error</a>             211 include/alloc_buffer.h       error ();</span>
<span class='curline'><a href='../S/17961.html#L215'>error</a>             215 include/alloc_buffer.h       __errordecl (error, "type size is zero");</span>
<span class='curline'><a href='../S/17961.html#L216'>error</a>             216 include/alloc_buffer.h       error ();</span>
<span class='curline'><a href='../S/17961.html#L228'>error</a>             228 include/alloc_buffer.h       __errordecl (error, "type alignment is not constant");</span>
<span class='curline'><a href='../S/17961.html#L229'>error</a>             229 include/alloc_buffer.h       error ();</span>
<span class='curline'><a href='../S/17961.html#L233'>error</a>             233 include/alloc_buffer.h       __errordecl (error, "type alignment is zero");</span>
<span class='curline'><a href='../S/17961.html#L234'>error</a>             234 include/alloc_buffer.h       error ();</span>
<span class='curline'><a href='../S/17961.html#L238'>error</a>             238 include/alloc_buffer.h       __errordecl (error, "type alignment is not a power of two");</span>
<span class='curline'><a href='../S/17961.html#L239'>error</a>             239 include/alloc_buffer.h       error ();</span>
<span class='curline'><a href='../S/1541.html#L119'>error</a>             119 inet/rcmd.c    	int s, lport, timo, error;</span>
<span class='curline'><a href='../S/1541.html#L138'>error</a>             138 inet/rcmd.c    	error = getaddrinfo(*ahost, num, &amp;hints, &amp;res);</span>
<span class='curline'><a href='../S/1541.html#L139'>error</a>             139 inet/rcmd.c    	if (error) {</span>
<span class='curline'><a href='../S/1541.html#L140'>error</a>             140 inet/rcmd.c    		if (error == EAI_NONAME &amp;&amp; *ahost != NULL)</span>
<span class='curline'><a href='../S/1541.html#L144'>error</a>             144 inet/rcmd.c    				   gai_strerror(error));</span>
<span class='curline'><a href='../S/5380.html#L64'>error</a>              64 io/test-lfs.c  	  error (0, 0, "open64 is not supported");</span>
<span class='curline'><a href='../S/5380.html#L68'>error</a>              68 io/test-lfs.c  	error (EXIT_FAILURE, errno, "cannot create temporary file");</span>
<span class='curline'><a href='../S/5380.html#L76'>error</a>              76 io/test-lfs.c        error (0, errno, "cannot get resource limit");</span>
<span class='curline'><a href='../S/5380.html#L84'>error</a>              84 io/test-lfs.c  	  error (0, errno, "cannot reset file size limits");</span>
<span class='curline'><a href='../S/5380.html#L102'>error</a>             102 io/test-lfs.c        error (0, 0, "fseeko64 is not supported.");</span>
<span class='curline'><a href='../S/5380.html#L107'>error</a>             107 io/test-lfs.c        error (0, 0, "LFS seems not to be supported");</span>
<span class='curline'><a href='../S/5380.html#L112'>error</a>             112 io/test-lfs.c        error (0, errno, "fseeko64 failed with error");</span>
<span class='curline'><a href='../S/5380.html#L119'>error</a>             119 io/test-lfs.c        error (0, errno, "LFS seems not to be supported");</span>
<span class='curline'><a href='../S/5380.html#L125'>error</a>             125 io/test-lfs.c        error (0, 0, "Not enough space to write file.");</span>
<span class='curline'><a href='../S/5380.html#L130'>error</a>             130 io/test-lfs.c      error (EXIT_FAILURE, errno, "Cannot write test string to large file");</span>
<span class='curline'><a href='../S/5380.html#L136'>error</a>             136 io/test-lfs.c        error (0, 0, "ftello64 gives wrong result.");</span>
<span class='curline'><a href='../S/5380.html#L152'>error</a>             152 io/test-lfs.c        error (0, 0, "lseek64 is not supported.");</span>
<span class='curline'><a href='../S/5380.html#L157'>error</a>             157 io/test-lfs.c        error (0, 0, "LFS seems not to be supported.");</span>
<span class='curline'><a href='../S/5380.html#L162'>error</a>             162 io/test-lfs.c        error (0, errno, "lseek64 failed with error");</span>
<span class='curline'><a href='../S/5380.html#L168'>error</a>             168 io/test-lfs.c        error (0, 0, "lseek64 did not return expected offset");</span>
<span class='curline'><a href='../S/5380.html#L176'>error</a>             176 io/test-lfs.c  	  error (0, 0, "lseek did not fail with EOVERFLOW");</span>
<span class='curline'><a href='../S/5380.html#L183'>error</a>             183 io/test-lfs.c  	error (0, 0, "lseek did not return expected offset");</span>
<span class='curline'><a href='../S/5380.html#L190'>error</a>             190 io/test-lfs.c        error (0, 0, "LFS seems not to be supported.");</span>
<span class='curline'><a href='../S/5380.html#L196'>error</a>             196 io/test-lfs.c        error (0, 0, "Not enough space to write file.");</span>
<span class='curline'><a href='../S/5380.html#L201'>error</a>             201 io/test-lfs.c      error (EXIT_FAILURE, errno, "cannot write test string to large file");</span>
<span class='curline'><a href='../S/5380.html#L206'>error</a>             206 io/test-lfs.c      error (EXIT_FAILURE, errno, "error closing file");</span>
<span class='curline'><a href='../S/5380.html#L211'>error</a>             211 io/test-lfs.c      error (0, 0, "stat64 is not supported.");</span>
<span class='curline'><a href='../S/5380.html#L213'>error</a>             213 io/test-lfs.c      error (EXIT_FAILURE, errno, "cannot stat file `%s'", name);</span>
<span class='curline'><a href='../S/5380.html#L215'>error</a>             215 io/test-lfs.c      error (EXIT_FAILURE, 0, "stat reported size %lld instead of %lld.",</span>
<span class='curline'><a href='../S/5380.html#L224'>error</a>             224 io/test-lfs.c  	  error (0, 0, "openat64 is not supported");</span>
<span class='curline'><a href='../S/5380.html#L227'>error</a>             227 io/test-lfs.c  	error (EXIT_FAILURE, errno, "openat64 failed to open big file");</span>
<span class='curline'><a href='../S/5380.html#L234'>error</a>             234 io/test-lfs.c  	error (EXIT_FAILURE, errno, "error closing file");</span>
<span class='curline'><a href='../S/5339.html#L21'>error</a>              21 io/tst-ttyname_r.c     error (1, errno, "cannot create temporary file");</span>
<span class='curline'><a href='../S/5688.html#L70'>error</a>              70 libio/bug-ungetwc2.c       error (EXIT_FAILURE, errno, "cannot open %s", fname);</span>
<span class='curline'><a href='../S/5644.html#L24'>error</a>              24 libio/tst-mmap-eofsync.c     error (1, errno, "cannot create temporary file");</span>
<span class='curline'><a href='../S/5644.html#L29'>error</a>              29 libio/tst-mmap-eofsync.c 	error (1, errno, "cannot write to temporary file");</span>
<span class='curline'><a href='../S/5615.html#L24'>error</a>              24 libio/tst-mmap-fflushsync.c     error (1, errno, "cannot create temporary file");</span>
<span class='curline'><a href='../S/5615.html#L29'>error</a>              29 libio/tst-mmap-fflushsync.c 	error (1, errno, "cannot write to temporary file");</span>
<span class='curline'><a href='../S/5590.html#L22'>error</a>              22 libio/tst-mmap-offend.c     error (1, errno, "cannot create temporary file");</span>
<span class='curline'><a href='../S/5590.html#L27'>error</a>              27 libio/tst-mmap-offend.c 	error (1, errno, "cannot write to temporary file");</span>
<span class='curline'><a href='../S/5626.html#L29'>error</a>              29 libio/tst-mmap2-eofsync.c     error (1, errno, "cannot create temporary file");</span>
<span class='curline'><a href='../S/5626.html#L34'>error</a>              34 libio/tst-mmap2-eofsync.c 	error (1, errno, "cannot write to temporary file");</span>
<span class='curline'><a href='../S/5630.html#L23'>error</a>              23 libio/tst-setvbuf1.c     error (EXIT_FAILURE, errno, "fdopen(,\"a\")");</span>
<span class='curline'><a href='../S/5484.html#L47'>error</a>              47 libio/tst_putwc.c     error (EXIT_FAILURE, errno, "cannot open temporary file");</span>
<span class='curline'><a href='../S/5484.html#L115'>error</a>             115 libio/tst_putwc.c     error (EXIT_FAILURE, errno, "cannot open temporary file");</span>
<span class='curline'><a href='../S/5572.html#L24'>error</a>              24 libio/tst_wprintf2.c     error (EXIT_FAILURE, errno, "cannot open temporary file");</span>
<span class='curline'><a href='../S/5572.html#L32'>error</a>              32 libio/tst_wprintf2.c     error (EXIT_FAILURE, errno, "fdopen(,\"w\")");</span>
<span class='curline'><a href='../S/5572.html#L44'>error</a>              44 libio/tst_wprintf2.c     error (EXIT_FAILURE, errno, "fdopen(,\"a\")");</span>
<span class='curline'><a href='../S/5572.html#L58'>error</a>              58 libio/tst_wprintf2.c     error (EXIT_FAILURE, errno, "fdopen(,\"r\")");</span>
<span class='curline'><a href='../S/5572.html#L61'>error</a>              61 libio/tst_wprintf2.c     error (EXIT_FAILURE, errno, "first fgets");</span>
<span class='curline'><a href='../S/5572.html#L75'>error</a>              75 libio/tst_wprintf2.c     error (EXIT_FAILURE, errno, "second fgets");</span>
<span class='curline'><a href='../S/5572.html#L89'>error</a>              89 libio/tst_wprintf2.c     error (EXIT_FAILURE, errno, "third fgets");</span>
<span class='curline'><a href='../S/2273.html#L129'>error</a>             129 locale/programs/locale-spec.c   error (1, 0, gettext ("unknown name \"%s\""), name);</span>
<span class='curline'><a href='../S/2257.html#L521'>error</a>             521 locale/programs/locale.c     error (1, errno, gettext ("while preparing output"));</span>
<span class='curline'><a href='../S/2257.html#L999'>error</a>             999 locale/programs/locale.c       error (0, errno, gettext ("Cannot set %s to default locale"),</span>
<span class='curline'><a href='../S/2244.html#L238'>error</a>             238 locale/programs/localedef.c     error (4, errno, _("cannot create directory for output files"));</span>
<span class='curline'><a href='../S/2268.html#L132'>error</a>             132 locale/programs/locarchive.c     error (EXIT_FAILURE, errno, _("cannot create temporary file: %s"), fname);</span>
<span class='curline'><a href='../S/2268.html#L166'>error</a>             166 locale/programs/locarchive.c       error (EXIT_FAILURE, errval, _("cannot initialize archive file"));</span>
<span class='curline'><a href='../S/2268.html#L173'>error</a>             173 locale/programs/locarchive.c       error (EXIT_FAILURE, errval, _("cannot resize archive file"));</span>
<span class='curline'><a href='../S/2268.html#L188'>error</a>             188 locale/programs/locarchive.c       error (EXIT_FAILURE, errval, _("cannot map archive header"));</span>
<span class='curline'><a href='../S/2268.html#L210'>error</a>             210 locale/programs/locarchive.c       error (EXIT_FAILURE, errval, _("failed to create new locale archive"));</span>
<span class='curline'><a href='../S/2268.html#L221'>error</a>             221 locale/programs/locarchive.c       error (EXIT_FAILURE, errval,</span>
<span class='curline'><a href='../S/2268.html#L354'>error</a>             354 locale/programs/locarchive.c     error (EXIT_FAILURE, errno, _("cannot map locale archive file"));</span>
<span class='curline'><a href='../S/2268.html#L379'>error</a>             379 locale/programs/locarchive.c     error (EXIT_FAILURE, errno, _("cannot create temporary file: %s"), fname);</span>
<span class='curline'><a href='../S/2268.html#L429'>error</a>             429 locale/programs/locarchive.c       error (EXIT_FAILURE, errval, _("cannot initialize archive file"));</span>
<span class='curline'><a href='../S/2268.html#L436'>error</a>             436 locale/programs/locarchive.c       error (EXIT_FAILURE, errval, _("cannot resize archive file"));</span>
<span class='curline'><a href='../S/2268.html#L451'>error</a>             451 locale/programs/locarchive.c       error (EXIT_FAILURE, errval, _("cannot map archive header"));</span>
<span class='curline'><a href='../S/2268.html#L459'>error</a>             459 locale/programs/locarchive.c       error (EXIT_FAILURE, errval, _("cannot lock new archive"));</span>
<span class='curline'><a href='../S/2268.html#L528'>error</a>             528 locale/programs/locarchive.c 	error (EXIT_FAILURE, 0, _("cannot extend locale archive file"));</span>
<span class='curline'><a href='../S/2268.html#L536'>error</a>             536 locale/programs/locarchive.c       error (EXIT_FAILURE, errval,</span>
<span class='curline'><a href='../S/2268.html#L545'>error</a>             545 locale/programs/locarchive.c       error (EXIT_FAILURE, errval, _("cannot rename new archive"));</span>
<span class='curline'><a href='../S/2268.html#L607'>error</a>             607 locale/programs/locarchive.c 	    error (EXIT_FAILURE, errno, _("cannot open locale archive \"%s\""),</span>
<span class='curline'><a href='../S/2268.html#L612'>error</a>             612 locale/programs/locarchive.c 	error (EXIT_FAILURE, errno, _("cannot stat locale archive \"%s\""),</span>
<span class='curline'><a href='../S/2268.html#L631'>error</a>             631 locale/programs/locarchive.c 	  error (EXIT_FAILURE, errno, _("cannot lock locale archive \"%s\""),</span>
<span class='curline'><a href='../S/2268.html#L654'>error</a>             654 locale/programs/locarchive.c       error (EXIT_FAILURE, errno, _("cannot read archive header"));</span>
<span class='curline'><a href='../S/2268.html#L661'>error</a>             661 locale/programs/locarchive.c       error (EXIT_FAILURE, 0, _("bad magic value in archive header"));</span>
<span class='curline'><a href='../S/2268.html#L680'>error</a>             680 locale/programs/locarchive.c       error (EXIT_FAILURE, errno, _("cannot map archive header"));</span>
<span class='curline'><a href='../S/2268.html#L734'>error</a>             734 locale/programs/locarchive.c 		error (0, 0, _("locale '%s' already exists"), name);</span>
<span class='curline'><a href='../S/2268.html#L743'>error</a>             743 locale/programs/locarchive.c 	  error (0, 0, "hash collision (%u) %s, %s",</span>
<span class='curline'><a href='../S/2268.html#L1009'>error</a>            1009 locale/programs/locarchive.c 	  error (EXIT_FAILURE, errno, _("cannot add to locale archive"));</span>
<span class='curline'><a href='../S/2268.html#L1023'>error</a>            1023 locale/programs/locarchive.c 	      error (EXIT_FAILURE, errno,</span>
<span class='curline'><a href='../S/2268.html#L1036'>error</a>            1036 locale/programs/locarchive.c 	      error (EXIT_FAILURE, errno, _("cannot add to locale archive"));</span>
<span class='curline'><a href='../S/2268.html#L1048'>error</a>            1048 locale/programs/locarchive.c 	  error (EXIT_FAILURE, errno, _("cannot add to locale archive"));</span>
<span class='curline'><a href='../S/2268.html#L1209'>error</a>            1209 locale/programs/locarchive.c 	error (1, errno, _("locale alias file `%s' not found"),</span>
<span class='curline'><a href='../S/2268.html#L1363'>error</a>            1363 locale/programs/locarchive.c 	  error (0, 0, _("stat of \"%s\" failed: %s: ignored"), fname,</span>
<span class='curline'><a href='../S/2268.html#L1369'>error</a>            1369 locale/programs/locarchive.c 	  error (0, 0, _("\"%s\" is no directory; ignored"), fname);</span>
<span class='curline'><a href='../S/2268.html#L1376'>error</a>            1376 locale/programs/locarchive.c 	  error (0, 0, _("cannot open directory \"%s\": %s: ignored"),</span>
<span class='curline'><a href='../S/2268.html#L1444'>error</a>            1444 locale/programs/locarchive.c 	  error (0, 0, _("incomplete set of locale files in \"%s\""),</span>
<span class='curline'><a href='../S/2268.html#L1508'>error</a>            1508 locale/programs/locarchive.c 	  error (0, 0, _("cannot read all files in \"%s\": ignored"), fname);</span>
<span class='curline'><a href='../S/2268.html#L1578'>error</a>            1578 locale/programs/locarchive.c 	error (0, 0, _("locale \"%s\" not in archive"), locname);</span>
<span class='curline'><a href='../S/2270.html#L349'>error</a>             349 locale/programs/locfile.c 	error (EXIT_FAILURE, errno, _("cannot add to locale archive"));</span>
<span class='curline'><a href='../S/2272.html#L61'>error</a>              61 locale/programs/record-status.c     error (0, 0, "failed to read locale!");</span>
<span class='curline'><a href='../S/2272.html#L64'>error</a>              64 locale/programs/record-status.c     error (0, 0, "failed to set locale!");</span>
<span class='curline'><a href='../S/2272.html#L87'>error</a>              87 locale/programs/record-status.c 	error (0, 0, "failed to restore %s locale!", ls.cur_locale);</span>
<span class='curline'><a href='../S/2272.html#L192'>error</a>             192 locale/programs/record-status.c       error (status, errnum, "[error] %s", str);</span>
<span class='curline'><a href='../S/2250.html#L31'>error</a>              31 locale/programs/xasprintf.c     error (EXIT_FAILURE, 0, _("memory exhausted"));</span>
<span class='curline'><a href='../S/2263.html#L63'>error</a>              63 locale/programs/xmalloc.c     error (xmalloc_exit_failure, 0, _("memory exhausted"));</span>
<span class='curline'><a href='../S/4290.html#L52'>error</a>              52 localedata/collate-test.c     error (1, 0, "usage: %s &lt;random seed&gt;", argv[0]);</span>
<span class='curline'><a href='../S/4762.html#L38'>error</a>              38 localedata/tst-wctype.c     error (EXIT_FAILURE, 0, "jhira: no such character class");</span>
<span class='curline'><a href='../S/4762.html#L59'>error</a>              59 localedata/tst-wctype.c     error (EXIT_FAILURE, 0, "jkata: no such character class");</span>
<span class='curline'><a href='../S/4762.html#L80'>error</a>              80 localedata/tst-wctype.c     error (EXIT_FAILURE, 0, "jdigit: no such character class");</span>
<span class='curline'><a href='../S/4762.html#L101'>error</a>             101 localedata/tst-wctype.c     error (EXIT_FAILURE, 0, "jspace: no such character class");</span>
<span class='curline'><a href='../S/4762.html#L122'>error</a>             122 localedata/tst-wctype.c     error (EXIT_FAILURE, 0, "jkanji: no such character class");</span>
<span class='curline'><a href='../S/4281.html#L50'>error</a>              50 localedata/xfrm-test.c     error (1, 0, "usage: %s &lt;random seed&gt; [-nocache]", argv[0]);</span>
<span class='curline'><a href='../S/116.html#L203'>error</a>             203 login/programs/pt_chown.c       error (0, 0, gettext ("too many arguments"));</span>
<span class='curline'><a href='../S/116.html#L211'>error</a>             211 login/programs/pt_chown.c     error (FAIL_EXEC, 0, gettext ("needs to be installed setuid `root'"));</span>
<span class='curline'><a href='../S/105.html#L69'>error</a>              69 login/tst-utmp.c     error (EXIT_FAILURE, errno, "cannot open test file `%s'", name);</span>
<span class='curline'><a href='../S/105.html#L106'>error</a>             106 login/tst-utmp.c 	  error (0, errno, "cannot write UTMP entry");</span>
<span class='curline'><a href='../S/105.html#L131'>error</a>             131 login/tst-utmp.c 	  error (0, 0, "UTMP entry does not match");</span>
<span class='curline'><a href='../S/105.html#L140'>error</a>             140 login/tst-utmp.c       error (0, 0, "number of UTMP entries is incorrect");</span>
<span class='curline'><a href='../S/105.html#L168'>error</a>             168 login/tst-utmp.c 	      error (0, errno, "cannot write UTMP entry");</span>
<span class='curline'><a href='../S/105.html#L178'>error</a>             178 login/tst-utmp.c   error (0, 0, "no entries available");</span>
<span class='curline'><a href='../S/105.html#L198'>error</a>             198 login/tst-utmp.c 	      error (0, errno, "cannot write UTMP entry");</span>
<span class='curline'><a href='../S/105.html#L208'>error</a>             208 login/tst-utmp.c   error (0, 0, "no entry found for `%s'", line);</span>
<span class='curline'><a href='../S/105.html#L225'>error</a>             225 login/tst-utmp.c       error (0, errno, "cannot get entry for line `%s'", line);</span>
<span class='curline'><a href='../S/105.html#L237'>error</a>             237 login/tst-utmp.c 	      error (0, 0, "UTMP entry does not match");</span>
<span class='curline'><a href='../S/105.html#L245'>error</a>             245 login/tst-utmp.c   error (0, 0, "bogus entry for line `%s'", line);</span>
<span class='curline'><a href='../S/105.html#L259'>error</a>             259 login/tst-utmp.c       error (0, 0, "bogus login entry for `%s'", line);</span>
<span class='curline'><a href='../S/105.html#L282'>error</a>             282 login/tst-utmp.c       error (0, errno, "cannot get entry for ID `%s'", id);</span>
<span class='curline'><a href='../S/105.html#L294'>error</a>             294 login/tst-utmp.c 	      error (0, 0, "UTMP entry does not match");</span>
<span class='curline'><a href='../S/105.html#L302'>error</a>             302 login/tst-utmp.c   error (0, 0, "bogus entry for ID `%s'", id);</span>
<span class='curline'><a href='../S/105.html#L319'>error</a>             319 login/tst-utmp.c       error (0, errno, "cannot get entry for type `%d'", type);</span>
<span class='curline'><a href='../S/105.html#L331'>error</a>             331 login/tst-utmp.c 	      error (0, 0, "UTMP entry does not match");</span>
<span class='curline'><a href='../S/105.html#L339'>error</a>             339 login/tst-utmp.c   error (0, 0, "bogus entry for type `%d'", type);</span>
<span class='curline'><a href='../S/5178.html#L39'>error</a>              39 mach/setup-thread.c   kern_return_t error;</span>
<span class='curline'><a href='../S/5178.html#L50'>error</a>              50 mach/setup-thread.c   error = __vm_allocate (task, &amp;stack, size + __vm_page_size, anywhere);</span>
<span class='curline'><a href='../S/5178.html#L51'>error</a>              51 mach/setup-thread.c   if (error)</span>
<span class='curline'><a href='../S/5178.html#L52'>error</a>              52 mach/setup-thread.c     return error;</span>
<span class='curline'><a href='../S/5178.html#L73'>error</a>              73 mach/setup-thread.c   if (error = __vm_protect (task, stack, __vm_page_size, 0, VM_PROT_NONE))</span>
<span class='curline'><a href='../S/5178.html#L74'>error</a>              74 mach/setup-thread.c     return error;</span>
<span class='curline'><a href='../S/5178.html#L86'>error</a>              86 mach/setup-thread.c   kern_return_t error;</span>
<span class='curline'><a href='../S/5178.html#L95'>error</a>              95 mach/setup-thread.c   if (error = __thread_get_state (thread, MACHINE_THREAD_STATE_FLAVOR,</span>
<span class='curline'><a href='../S/5178.html#L97'>error</a>              97 mach/setup-thread.c     return error;</span>
<span class='curline'><a href='../S/5178.html#L102'>error</a>             102 mach/setup-thread.c   error = __thread_set_state (thread, MACHINE_THREAD_STATE_FLAVOR,</span>
<span class='curline'><a href='../S/5178.html#L104'>error</a>             104 mach/setup-thread.c   return error;</span>
<span class='curline'><a href='../S/1879.html#L173'>error</a>             173 malloc/memusagestat.c     error (EXIT_FAILURE, errno, "cannot open input file");</span>
<span class='curline'><a href='../S/1879.html#L177'>error</a>             177 malloc/memusagestat.c       error (EXIT_FAILURE, errno, "cannot get size of input file");</span>
<span class='curline'><a href='../S/1879.html#L185'>error</a>             185 malloc/memusagestat.c       error (EXIT_FAILURE, 0, "input file has incorrect size");</span>
<span class='curline'><a href='../S/1879.html#L506'>error</a>             506 malloc/memusagestat.c     error (EXIT_FAILURE, errno, "cannot open output file");</span>
<span class='curline'><a href='../S/1924.html#L49'>error</a>              49 malloc/tst-calloc.c 	    error (EXIT_FAILURE, 0,</span>
<span class='curline'><a href='../S/1924.html#L82'>error</a>              82 malloc/tst-calloc.c 	    error (EXIT_FAILURE, 0,</span>
<span class='curline'><a href='../S/6546.html#L167'>error</a>             167 manual/examples/argp-ex4.c     error (10, 0, "ABORTED");</span>
<span class='curline'><a href='../S/3722.html#L603'>error</a>             603 math/gen-auto-libm-tests.c     error (EXIT_FAILURE, errno, "xmalloc failed");</span>
<span class='curline'><a href='../S/3722.html#L612'>error</a>             612 math/gen-auto-libm-tests.c     error (EXIT_FAILURE, errno, "xrealloc failed");</span>
<span class='curline'><a href='../S/3722.html#L621'>error</a>             621 math/gen-auto-libm-tests.c     error (EXIT_FAILURE, errno, "xstrdup failed");</span>
<span class='curline'><a href='../S/3722.html#L1420'>error</a>            1420 math/gen-auto-libm-tests.c     error (EXIT_FAILURE, errno, "open '%s'", filename);</span>
<span class='curline'><a href='../S/3722.html#L1435'>error</a>            1435 math/gen-auto-libm-tests.c     error (EXIT_FAILURE, errno, "read from '%s'", filename);</span>
<span class='curline'><a href='../S/3722.html#L1437'>error</a>            1437 math/gen-auto-libm-tests.c     error (EXIT_FAILURE, errno, "close '%s'", filename);</span>
<span class='curline'><a href='../S/3722.html#L1678'>error</a>            1678 math/gen-auto-libm-tests.c 	error (EXIT_FAILURE, errno, "write to '%s'", filename);</span>
<span class='curline'><a href='../S/3722.html#L1711'>error</a>            1711 math/gen-auto-libm-tests.c 	    error (EXIT_FAILURE, errno, "write to '%s'", filename);</span>
<span class='curline'><a href='../S/3722.html#L1717'>error</a>            1717 math/gen-auto-libm-tests.c 	    error (EXIT_FAILURE, errno, "mpfr_fprintf to '%s'", filename);</span>
<span class='curline'><a href='../S/3722.html#L1731'>error</a>            1731 math/gen-auto-libm-tests.c 	    error (EXIT_FAILURE, errno, "mpfr_fprintf to '%s'", filename);</span>
<span class='curline'><a href='../S/3722.html#L1736'>error</a>            1736 math/gen-auto-libm-tests.c 	    error (EXIT_FAILURE, errno, "mpfr_fprintf to '%s'", filename);</span>
<span class='curline'><a href='../S/3722.html#L1987'>error</a>            1987 math/gen-auto-libm-tests.c 		    error (EXIT_FAILURE, errno, "write to '%s'", filename);</span>
<span class='curline'><a href='../S/3722.html#L1994'>error</a>            1994 math/gen-auto-libm-tests.c 		    error (EXIT_FAILURE, errno, "write to '%s'", filename);</span>
<span class='curline'><a href='../S/3722.html#L2001'>error</a>            2001 math/gen-auto-libm-tests.c 		error (EXIT_FAILURE, errno, "write to '%s'", filename);</span>
<span class='curline'><a href='../S/3722.html#L2044'>error</a>            2044 math/gen-auto-libm-tests.c 		error (EXIT_FAILURE, errno, "write to '%s'", filename);</span>
<span class='curline'><a href='../S/3722.html#L2057'>error</a>            2057 math/gen-auto-libm-tests.c 		      error (EXIT_FAILURE, errno, "write to '%s'",</span>
<span class='curline'><a href='../S/3722.html#L2066'>error</a>            2066 math/gen-auto-libm-tests.c 			error (EXIT_FAILURE, errno, "write to '%s'",</span>
<span class='curline'><a href='../S/3722.html#L2081'>error</a>            2081 math/gen-auto-libm-tests.c 		  error (EXIT_FAILURE, errno, "write to '%s'", filename);</span>
<span class='curline'><a href='../S/3722.html#L2131'>error</a>            2131 math/gen-auto-libm-tests.c 			error (EXIT_FAILURE, errno, "write to '%s'",</span>
<span class='curline'><a href='../S/3722.html#L2138'>error</a>            2138 math/gen-auto-libm-tests.c 			  error (EXIT_FAILURE, errno, "write to '%s'",</span>
<span class='curline'><a href='../S/3722.html#L2142'>error</a>            2142 math/gen-auto-libm-tests.c 			  error (EXIT_FAILURE, errno, "write to '%s'",</span>
<span class='curline'><a href='../S/3722.html#L2171'>error</a>            2171 math/gen-auto-libm-tests.c 				error (EXIT_FAILURE, errno, "write to '%s'",</span>
<span class='curline'><a href='../S/3722.html#L2185'>error</a>            2185 math/gen-auto-libm-tests.c 		    error (EXIT_FAILURE, errno, "write to '%s'",</span>
<span class='curline'><a href='../S/3722.html#L2192'>error</a>            2192 math/gen-auto-libm-tests.c 		      error (EXIT_FAILURE, errno, "write to '%s'",</span>
<span class='curline'><a href='../S/3722.html#L2203'>error</a>            2203 math/gen-auto-libm-tests.c 			error (EXIT_FAILURE, errno, "write to '%s'",</span>
<span class='curline'><a href='../S/3722.html#L2214'>error</a>            2214 math/gen-auto-libm-tests.c 		    error (EXIT_FAILURE, errno, "write to '%s'",</span>
<span class='curline'><a href='../S/3722.html#L2221'>error</a>            2221 math/gen-auto-libm-tests.c 		      error (EXIT_FAILURE, errno, "write to '%s'",</span>
<span class='curline'><a href='../S/3722.html#L2235'>error</a>            2235 math/gen-auto-libm-tests.c 			error (EXIT_FAILURE, errno, "write to '%s'",</span>
<span class='curline'><a href='../S/3722.html#L2239'>error</a>            2239 math/gen-auto-libm-tests.c 		error (EXIT_FAILURE, errno, "write to '%s'", filename);</span>
<span class='curline'><a href='../S/3722.html#L2263'>error</a>            2263 math/gen-auto-libm-tests.c     error (EXIT_FAILURE, errno, "open '%s'", filename);</span>
<span class='curline'><a href='../S/3722.html#L2273'>error</a>            2273 math/gen-auto-libm-tests.c 	    error (EXIT_FAILURE, errno, "write to '%s'", filename);</span>
<span class='curline'><a href='../S/3722.html#L2280'>error</a>            2280 math/gen-auto-libm-tests.c     error (EXIT_FAILURE, errno, "close '%s'", filename);</span>
<span class='curline'><a href='../S/3722.html#L2288'>error</a>            2288 math/gen-auto-libm-tests.c     error (EXIT_FAILURE, 0,</span>
<span class='curline'><a href='../S/3775.html#L23'>error</a>              23 misc/bits/error-ldbl.h __LDBL_REDIR_DECL (error)</span>
<span class='curline'><a href='../S/3779.html#L26'>error</a>              26 misc/bits/error.h 			error)</span>
<span class='curline'><a href='../S/3779.html#L30'>error</a>              30 misc/bits/error.h 			error)</span>
<span class='curline'><a href='../S/3884.html#L56'>error</a>              56 misc/err.c       int error = errno;</span>
<span class='curline'><a href='../S/3884.html#L63'>error</a>              63 misc/err.c           __set_errno (error);</span>
<span class='curline'><a href='../S/3884.html#L68'>error</a>              68 misc/err.c           __set_errno (error);</span>
<span class='curline'><a href='../S/3847.html#L358'>error</a>             358 misc/error.c   weak_alias (__error, error)</span>
<span class='curline'><a href='../S/3964.html#L31'>error</a>              31 misc/error.h   extern void error (int __status, int __errnum, const char *__format, ...)</span>
<span class='curline'><a href='../S/3836.html#L19'>error</a>              19 misc/tst-error1.c   error (0, 0, str);</span>
<span class='curline'><a href='../S/3836.html#L27'>error</a>              27 misc/tst-error1.c   error (0, 0, buf);</span>
<span class='curline'><a href='../S/3836.html#L28'>error</a>              28 misc/tst-error1.c   error (0, 0, buf);</span>
<span class='curline'><a href='../S/3836.html#L32'>error</a>              32 misc/tst-error1.c   error (0, 0, str);</span>
<span class='curline'><a href='../S/3965.html#L68'>error</a>              68 misc/tst-ldbl-error.c   error (0, 0, "%Lf", (long double) -1);</span>
<span class='curline'><a href='../S/3796.html#L57'>error</a>              57 misc/tst-tsearch.c static int error = 0;</span>
<span class='curline'><a href='../S/3796.html#L203'>error</a>             203 misc/tst-tsearch.c 	error = 1;</span>
<span class='curline'><a href='../S/3796.html#L213'>error</a>             213 misc/tst-tsearch.c       error = 1;</span>
<span class='curline'><a href='../S/3796.html#L298'>error</a>             298 misc/tst-tsearch.c 		  error = 1;</span>
<span class='curline'><a href='../S/3796.html#L306'>error</a>             306 misc/tst-tsearch.c 		  error = 1;</span>
<span class='curline'><a href='../S/3796.html#L321'>error</a>             321 misc/tst-tsearch.c 	      error = 1;</span>
<span class='curline'><a href='../S/3796.html#L329'>error</a>             329 misc/tst-tsearch.c 	      error = 1;</span>
<span class='curline'><a href='../S/3796.html#L358'>error</a>             358 misc/tst-tsearch.c       error = 0;</span>
<span class='curline'><a href='../S/3796.html#L402'>error</a>             402 misc/tst-tsearch.c       fputs (error ? " failed!\n" : " ok.\n", stdout);</span>
<span class='curline'><a href='../S/3796.html#L403'>error</a>             403 misc/tst-tsearch.c       total_error |= error;</span>
<span class='curline'><a href='../S/3796.html#L411'>error</a>             411 misc/tst-tsearch.c       error = 0;</span>
<span class='curline'><a href='../S/3796.html#L422'>error</a>             422 misc/tst-tsearch.c       fputs (error ? " failed!\n" : " ok.\n", stdout);</span>
<span class='curline'><a href='../S/3796.html#L423'>error</a>             423 misc/tst-tsearch.c       total_error |= error;</span>
<span class='curline'><a href='../S/2356.html#L826'>error</a>             826 nis/ypclnt.c   yperr_string (const int error)</span>
<span class='curline'><a href='../S/2356.html#L829'>error</a>             829 nis/ypclnt.c     switch (error)</span>
<span class='curline'><a href='../S/2356.html#L915'>error</a>             915 nis/ypclnt.c   ypbinderr_string (const int error)</span>
<span class='curline'><a href='../S/2356.html#L918'>error</a>             918 nis/ypclnt.c     switch (error)</span>
<span class='curline'><a href='../S/18700.html#L108'>error</a>             108 nptl/descr.h     volatile int error; /* -1: no call yet, 0: success seen, &gt;0: error seen.  */</span>
<span class='curline'><a href='../S/18543.html#L30'>error</a>              30 nptl/nptl_setxid.c setxid_error (struct xid_command *cmdp, int error)</span>
<span class='curline'><a href='../S/18543.html#L34'>error</a>              34 nptl/nptl_setxid.c       int olderror = cmdp-&gt;error;</span>
<span class='curline'><a href='../S/18543.html#L35'>error</a>              35 nptl/nptl_setxid.c       if (olderror == error)</span>
<span class='curline'><a href='../S/18543.html#L42'>error</a>              42 nptl/nptl_setxid.c           volatile int xid_err __attribute__ ((unused)) = error;</span>
<span class='curline'><a href='../S/18543.html#L46'>error</a>              46 nptl/nptl_setxid.c   while (atomic_compare_and_exchange_bool_acq (&amp;cmdp-&gt;error, error, -1));</span>
<span class='curline'><a href='../S/18543.html#L71'>error</a>              71 nptl/nptl_setxid.c   int error = 0;</span>
<span class='curline'><a href='../S/18543.html#L73'>error</a>              73 nptl/nptl_setxid.c     error = INTERNAL_SYSCALL_ERRNO (result);</span>
<span class='curline'><a href='../S/18543.html#L74'>error</a>              74 nptl/nptl_setxid.c   setxid_error (xidcmd, error);</span>
<span class='curline'><a href='../S/18543.html#L183'>error</a>             183 nptl/nptl_setxid.c   cmdp-&gt;error = -1;</span>
<span class='curline'><a href='../S/18543.html#L267'>error</a>             267 nptl/nptl_setxid.c   int error = 0;</span>
<span class='curline'><a href='../S/18543.html#L270'>error</a>             270 nptl/nptl_setxid.c       error = INTERNAL_SYSCALL_ERRNO (result);</span>
<span class='curline'><a href='../S/18543.html#L271'>error</a>             271 nptl/nptl_setxid.c       __set_errno (error);</span>
<span class='curline'><a href='../S/18543.html#L274'>error</a>             274 nptl/nptl_setxid.c   setxid_error (cmdp, error);</span>
<span class='curline'><a href='../S/18581.html#L298'>error</a>             298 nptl/perf.c    	    error (EXIT_FAILURE, err, "cannot join thread");</span>
<span class='curline'><a href='../S/18581.html#L308'>error</a>             308 nptl/perf.c    	error (EXIT_FAILURE, err, "cannot start thread");</span>
<span class='curline'><a href='../S/18581.html#L324'>error</a>             324 nptl/perf.c    	    error (EXIT_FAILURE, err, "cannot join thread");</span>
<span class='curline'><a href='../S/18581.html#L360'>error</a>             360 nptl/perf.c    	error (EXIT_FAILURE, errno,</span>
<span class='curline'><a href='../S/18581.html#L396'>error</a>             396 nptl/perf.c    	error (EXIT_FAILURE, errno, "cannot set signal mask");</span>
<span class='curline'><a href='../S/18581.html#L440'>error</a>             440 nptl/perf.c    	    error (EXIT_FAILURE, err, "cannot start thread %lu", starts);</span>
<span class='curline'><a href='../S/18581.html#L472'>error</a>             472 nptl/perf.c    	    error (EXIT_FAILURE, err, "cannot start thread");</span>
<span class='curline'><a href='../S/18581.html#L483'>error</a>             483 nptl/perf.c    	    error (EXIT_FAILURE, err, "cannot join thread");</span>
<span class='curline'><a href='../S/18671.html#L289'>error</a>             289 nptl/sem_waitcommon.c 		  goto error;</span>
<span class='curline'><a href='../S/18671.html#L306'>error</a>             306 nptl/sem_waitcommon.c error:</span>
<span class='curline'><a href='../S/18400.html#L43'>error</a>              43 nptl/tst-attr3.c 	  error (0, err, "pthread_attr_init failed");</span>
<span class='curline'><a href='../S/18400.html#L53'>error</a>              53 nptl/tst-attr3.c       error (0, err, "pthread_getattr_np failed");</span>
<span class='curline'><a href='../S/18400.html#L61'>error</a>              61 nptl/tst-attr3.c       error (0, err, "pthread_attr_getdetachstate failed");</span>
<span class='curline'><a href='../S/18400.html#L69'>error</a>              69 nptl/tst-attr3.c 	  error (0, err, "pthread_attr_getdetachstate failed");</span>
<span class='curline'><a href='../S/18400.html#L74'>error</a>              74 nptl/tst-attr3.c 	  error (0, 0, "detachstate differs %d != %d",</span>
<span class='curline'><a href='../S/18400.html#L85'>error</a>              85 nptl/tst-attr3.c       error (0, err, "pthread_attr_getstack failed");</span>
<span class='curline'><a href='../S/18400.html#L91'>error</a>              91 nptl/tst-attr3.c       error (0, 0, "pthread_attr_getstack returned range does not cover thread's stack");</span>
<span class='curline'><a href='../S/18400.html#L102'>error</a>             102 nptl/tst-attr3.c       error (0, err, "pthread_attr_getguardsize failed");</span>
<span class='curline'><a href='../S/18400.html#L110'>error</a>             110 nptl/tst-attr3.c 	  error (0, err, "pthread_attr_getguardsize failed");</span>
<span class='curline'><a href='../S/18400.html#L115'>error</a>             115 nptl/tst-attr3.c 	  error (0, 0, "guardsize differs %zd != %zd",</span>
<span class='curline'><a href='../S/18400.html#L127'>error</a>             127 nptl/tst-attr3.c       error (0, err, "pthread_attr_getscope failed");</span>
<span class='curline'><a href='../S/18400.html#L135'>error</a>             135 nptl/tst-attr3.c 	  error (0, err, "pthread_attr_getscope failed");</span>
<span class='curline'><a href='../S/18400.html#L140'>error</a>             140 nptl/tst-attr3.c 	  error (0, 0, "scope differs %d != %d",</span>
<span class='curline'><a href='../S/18400.html#L150'>error</a>             150 nptl/tst-attr3.c       error (0, err, "pthread_attr_getinheritsched failed");</span>
<span class='curline'><a href='../S/18400.html#L158'>error</a>             158 nptl/tst-attr3.c 	  error (0, err, "pthread_attr_getinheritsched failed");</span>
<span class='curline'><a href='../S/18400.html#L163'>error</a>             163 nptl/tst-attr3.c 	  error (0, 0, "inheritsched differs %d != %d",</span>
<span class='curline'><a href='../S/18400.html#L176'>error</a>             176 nptl/tst-attr3.c 	  error (0, err, "pthread_attr_getaffinity_np failed");</span>
<span class='curline'><a href='../S/18400.html#L181'>error</a>             181 nptl/tst-attr3.c 	  error (0, 0, "pthread_attr_getaffinity_np returned different CPU mask than pthread_getattr_np");</span>
<span class='curline'><a href='../S/18400.html#L189'>error</a>             189 nptl/tst-attr3.c       error (0, err, "pthread_attr_destroy failed");</span>
<span class='curline'><a href='../S/18400.html#L198'>error</a>             198 nptl/tst-attr3.c 	  error (0, err, "pthread_attr_destroy failed");</span>
<span class='curline'><a href='../S/18400.html#L217'>error</a>             217 nptl/tst-attr3.c       error (0, err, "pthread_attr_init failed");</span>
<span class='curline'><a href='../S/18400.html#L224'>error</a>             224 nptl/tst-attr3.c       error (0, err, "pthread_attr_getaffinity_np failed");</span>
<span class='curline'><a href='../S/18400.html#L231'>error</a>             231 nptl/tst-attr3.c       error (0, err, "pthread_attr_destroy failed");</span>
<span class='curline'><a href='../S/18400.html#L238'>error</a>             238 nptl/tst-attr3.c       error (0, err, "pthread_getattr_np failed");</span>
<span class='curline'><a href='../S/18400.html#L246'>error</a>             246 nptl/tst-attr3.c       error (0, err, "pthread_attr_getdetachstate failed");</span>
<span class='curline'><a href='../S/18400.html#L251'>error</a>             251 nptl/tst-attr3.c       error (0, 0, "initial thread not joinable");</span>
<span class='curline'><a href='../S/18400.html#L260'>error</a>             260 nptl/tst-attr3.c       error (0, err, "pthread_attr_getstack failed");</span>
<span class='curline'><a href='../S/18400.html#L266'>error</a>             266 nptl/tst-attr3.c       error (0, 0, "pthread_attr_getstack returned range does not cover main's stack");</span>
<span class='curline'><a href='../S/18400.html#L277'>error</a>             277 nptl/tst-attr3.c       error (0, err, "pthread_attr_getguardsize failed");</span>
<span class='curline'><a href='../S/18400.html#L282'>error</a>             282 nptl/tst-attr3.c       error (0, 0, "pthread_attr_getguardsize returned %zd != 0",</span>
<span class='curline'><a href='../S/18400.html#L291'>error</a>             291 nptl/tst-attr3.c       error (0, err, "pthread_attr_getscope failed");</span>
<span class='curline'><a href='../S/18400.html#L296'>error</a>             296 nptl/tst-attr3.c       error (0, 0, "pthread_attr_getscope returned %d != PTHREAD_SCOPE_SYSTEM",</span>
<span class='curline'><a href='../S/18400.html#L305'>error</a>             305 nptl/tst-attr3.c       error (0, err, "pthread_attr_getinheritsched failed");</span>
<span class='curline'><a href='../S/18400.html#L310'>error</a>             310 nptl/tst-attr3.c       error (0, 0, "pthread_attr_getinheritsched returned %d != PTHREAD_INHERIT_SCHED",</span>
<span class='curline'><a href='../S/18400.html#L321'>error</a>             321 nptl/tst-attr3.c 	  error (0, err, "pthread_attr_getaffinity_np failed");</span>
<span class='curline'><a href='../S/18400.html#L326'>error</a>             326 nptl/tst-attr3.c 	  error (0, 0, "pthread_attr_getaffinity_np returned different CPU mask than pthread_getattr_np");</span>
<span class='curline'><a href='../S/18400.html#L334'>error</a>             334 nptl/tst-attr3.c       error (0, err, "pthread_attr_destroy failed");</span>
<span class='curline'><a href='../S/18400.html#L342'>error</a>             342 nptl/tst-attr3.c       error (0, err, "pthread_create #1 failed");</span>
<span class='curline'><a href='../S/18400.html#L351'>error</a>             351 nptl/tst-attr3.c 	  error (0, err, "pthread_join #1 failed");</span>
<span class='curline'><a href='../S/18400.html#L361'>error</a>             361 nptl/tst-attr3.c       error (0, err, "pthread_attr_init failed");</span>
<span class='curline'><a href='../S/18400.html#L377'>error</a>             377 nptl/tst-attr3.c       error (0, err, "pthread_create #2 failed");</span>
<span class='curline'><a href='../S/18400.html#L386'>error</a>             386 nptl/tst-attr3.c 	  error (0, err, "pthread_join #2 failed");</span>
<span class='curline'><a href='../S/18400.html#L396'>error</a>             396 nptl/tst-attr3.c       error (0, err, "pthread_attr_setguardsize failed");</span>
<span class='curline'><a href='../S/18400.html#L412'>error</a>             412 nptl/tst-attr3.c       error (0, err, "pthread_create #3 failed");</span>
<span class='curline'><a href='../S/18400.html#L421'>error</a>             421 nptl/tst-attr3.c 	  error (0, err, "pthread_join #3 failed");</span>
<span class='curline'><a href='../S/18400.html#L431'>error</a>             431 nptl/tst-attr3.c       error (0, err, "pthread_attr_destroy failed");</span>
<span class='curline'><a href='../S/18396.html#L55'>error</a>              55 nptl/tst-setgroups.c       error (0, errno, "getgroups failed");</span>
<span class='curline'><a href='../S/18396.html#L64'>error</a>              64 nptl/tst-setgroups.c 	  error (0, errno, "setgroups failed");</span>
<span class='curline'><a href='../S/18396.html#L71'>error</a>              71 nptl/tst-setgroups.c       error (0, errno, "setgroups failed");</span>
<span class='curline'><a href='../S/1661.html#L42'>error</a>              42 nscd/aicache.c   .error = 0</span>
<span class='curline'><a href='../S/1661.html#L373'>error</a>             373 nscd/aicache.c       dataset-&gt;resp.error = NETDB_SUCCESS;</span>
<span class='curline'><a href='../S/1629.html#L225'>error</a>             225 nscd/cachedumper.c 		printf (" addrtype %d error %d", hst-&gt;h_addrtype, hst-&gt;error);</span>
<span class='curline'><a href='../S/1629.html#L262'>error</a>             262 nscd/cachedumper.c 			(long) ai-&gt;canonlen, ai-&gt;error);</span>
<span class='curline'><a href='../S/1662.html#L52'>error</a>              52 nscd/hstcache.c   .error = NETDB_INTERNAL</span>
<span class='curline'><a href='../S/1662.html#L73'>error</a>              73 nscd/hstcache.c   .error = HOST_NOT_FOUND</span>
<span class='curline'><a href='../S/1662.html#L87'>error</a>              87 nscd/hstcache.c   .error = TRY_AGAIN</span>
<span class='curline'><a href='../S/1662.html#L265'>error</a>             265 nscd/hstcache.c       dataset-&gt;resp.error = NETDB_SUCCESS;</span>
<span class='curline'><a href='../S/1662.html#L268'>error</a>             268 nscd/hstcache.c       assert ((char *) (&amp;dataset-&gt;resp.error + 1) == dataset-&gt;strdata);</span>
<span class='curline'><a href='../S/1643.html#L128'>error</a>             128 nscd/nscd-client.h   int32_t error;</span>
<span class='curline'><a href='../S/1643.html#L141'>error</a>             141 nscd/nscd-client.h   int32_t error;</span>
<span class='curline'><a href='../S/1630.html#L158'>error</a>             158 nscd/nscd.c          error (0, 0, gettext ("wrong number of arguments"));</span>
<span class='curline'><a href='../S/1630.html#L172'>error</a>             172 nscd/nscd.c        error (EXIT_FAILURE, 0,</span>
<span class='curline'><a href='../S/1630.html#L182'>error</a>             182 nscd/nscd.c        error (EXIT_FAILURE, 0, _("already running"));</span>
<span class='curline'><a href='../S/1630.html#L201'>error</a>             201 nscd/nscd.c    	    error (EXIT_FAILURE, errno,</span>
<span class='curline'><a href='../S/1630.html#L206'>error</a>             206 nscd/nscd.c    	    error (EXIT_FAILURE, errno, _("cannot fork"));</span>
<span class='curline'><a href='../S/1630.html#L363'>error</a>             363 nscd/nscd.c          error (EXIT_FAILURE, err, _("write incomplete"));</span>
<span class='curline'><a href='../S/1630.html#L374'>error</a>             374 nscd/nscd.c          error (EXIT_FAILURE, err, _("cannot read invalidate ACK"));</span>
<span class='curline'><a href='../S/1630.html#L380'>error</a>             380 nscd/nscd.c        error (EXIT_FAILURE, resp, _("invalidation failed"));</span>
<span class='curline'><a href='../S/1630.html#L429'>error</a>             429 nscd/nscd.c    	error (4, 0, _("Only root is allowed to use this option!"));</span>
<span class='curline'><a href='../S/1630.html#L454'>error</a>             454 nscd/nscd.c    	error (4, 0, _("Only root is allowed to use this option!"));</span>
<span class='curline'><a href='../S/1630.html#L464'>error</a>             464 nscd/nscd.c          error (0, 0, _("secure services not implemented anymore"));</span>
<span class='curline'><a href='../S/1620.html#L53'>error</a>              53 nscd/nscd_conf.c   error (0, 0, _("database %s is not supported"), name);</span>
<span class='curline'><a href='../S/1620.html#L104'>error</a>             104 nscd/nscd_conf.c 	error (0, 0, _("Parse error: %s"), line);</span>
<span class='curline'><a href='../S/1620.html#L190'>error</a>             190 nscd/nscd_conf.c 	    error (0, 0, _("Must specify user name for server-user option"));</span>
<span class='curline'><a href='../S/1620.html#L200'>error</a>             200 nscd/nscd_conf.c 	    error (0, 0, _("Must specify user name for stat-user option"));</span>
<span class='curline'><a href='../S/1620.html#L258'>error</a>             258 nscd/nscd_conf.c 	    error (0, 0, _("Must specify value for restart-interval option"));</span>
<span class='curline'><a href='../S/1620.html#L272'>error</a>             272 nscd/nscd_conf.c 	error (0, 0, _("Unknown option: %s %s %s"), entry, arg1, arg2);</span>
<span class='curline'><a href='../S/1620.html#L285'>error</a>             285 nscd/nscd_conf.c 	  error (0, 0, _("\</span>
<span class='curline'><a href='../S/1620.html#L305'>error</a>             305 nscd/nscd_conf.c 	  error (0, 0, _("maximum file size for %s database too small"),</span>
<span class='curline'><a href='../S/1652.html#L181'>error</a>             181 nscd/nscd_getai.c       *h_errnop = ai_resp.error;</span>
<span class='curline'><a href='../S/1655.html#L423'>error</a>             423 nscd/nscd_gethst_r.c       *h_errnop = hst_resp.error;</span>
<span class='curline'><a href='../S/1649.html#L184'>error</a>             184 nscd/nscd_stat.c 	    error (EXIT_FAILURE, 0,</span>
<span class='curline'><a href='../S/1649.html#L188'>error</a>             188 nscd/nscd_stat.c 	    error (EXIT_FAILURE, 0,</span>
<span class='curline'><a href='../S/1649.html#L196'>error</a>             196 nscd/nscd_stat.c     error (EXIT_FAILURE, 0, _("nscd not running!\n"));</span>
<span class='curline'><a href='../S/1649.html#L208'>error</a>             208 nscd/nscd_stat.c       error (EXIT_FAILURE, err, _("write incomplete"));</span>
<span class='curline'><a href='../S/1649.html#L220'>error</a>             220 nscd/nscd_stat.c       error (EXIT_FAILURE, err, _("cannot read statistics data"));</span>
<span class='curline'><a href='../S/1713.html#L900'>error</a>             900 nss/getent.c   	    error (EXIT_FAILURE, 0, gettext ("Unknown database name"));</span>
<span class='curline'><a href='../S/1713.html#L986'>error</a>             986 nss/getent.c         error (0, 0, gettext ("wrong number of arguments"));</span>
<span class='curline'><a href='../S/1732.html#L206'>error</a>             206 nss/makedb.c   	  error (0, 0, gettext ("wrong number of arguments"));</span>
<span class='curline'><a href='../S/1732.html#L227'>error</a>             227 nss/makedb.c   	error (EXIT_FAILURE, errno, gettext ("cannot open database file `%s'"),</span>
<span class='curline'><a href='../S/1732.html#L246'>error</a>             246 nss/makedb.c   	error (EXIT_FAILURE, errno, gettext ("cannot open input file `%s'"),</span>
<span class='curline'><a href='../S/1732.html#L272'>error</a>             272 nss/makedb.c   	error (EXIT_SUCCESS, 0, gettext ("no entries to be processed"));</span>
<span class='curline'><a href='../S/1732.html#L282'>error</a>             282 nss/makedb.c       error (EXIT_FAILURE, errno, gettext ("cannot create temporary file name"));</span>
<span class='curline'><a href='../S/1732.html#L288'>error</a>             288 nss/makedb.c       error (EXIT_FAILURE, errno, gettext ("cannot create temporary file"));</span>
<span class='curline'><a href='../S/1732.html#L304'>error</a>             304 nss/makedb.c   	  error (0, errno, gettext ("cannot stat newly created file"));</span>
<span class='curline'><a href='../S/1732.html#L315'>error</a>             315 nss/makedb.c   	  error (0, errno, gettext ("cannot rename temporary file"));</span>
<span class='curline'><a href='../S/1732.html#L527'>error</a>             527 nss/makedb.c   	error (EXIT_FAILURE, errno, gettext ("cannot create search tree"));</span>
<span class='curline'><a href='../S/1732.html#L550'>error</a>             550 nss/makedb.c   	error (EXIT_FAILURE, errno, gettext ("cannot create search tree"));</span>
<span class='curline'><a href='../S/1732.html#L568'>error</a>             568 nss/makedb.c         error (0, 0, gettext ("problems while reading `%s'"), inname);</span>
<span class='curline'><a href='../S/1732.html#L804'>error</a>             804 nss/makedb.c         error (0, errno, gettext ("failed to write new database file"));</span>
<span class='curline'><a href='../S/1732.html#L821'>error</a>             821 nss/makedb.c       error (EXIT_FAILURE, errno, gettext ("cannot stat database file"));</span>
<span class='curline'><a href='../S/1732.html#L826'>error</a>             826 nss/makedb.c       error (EXIT_FAILURE, errno, gettext ("cannot map database file"));</span>
<span class='curline'><a href='../S/1732.html#L829'>error</a>             829 nss/makedb.c       error (EXIT_FAILURE, 0, gettext ("file not a database file"));</span>
<span class='curline'><a href='../S/1732.html#L886'>error</a>             886 nss/makedb.c   	error (enforcing &gt; 0 ? EXIT_FAILURE : 0, 0,</span>
<span class='curline'><a href='../S/1114.html#L458'>error</a>             458 posix/getconf.c 	  error (3, 0, _("memory exhausted"));</span>
<span class='curline'><a href='../S/1114.html#L460'>error</a>             460 posix/getconf.c 	  error (3, errno, "confstr");</span>
<span class='curline'><a href='../S/1114.html#L572'>error</a>             572 posix/getconf.c 	error (2, 0, _("unknown specification \"%s\""), spec);</span>
<span class='curline'><a href='../S/1114.html#L624'>error</a>             624 posix/getconf.c 	      error (4, errno, _("Couldn't execute %s"), getconf_name);</span>
<span class='curline'><a href='../S/1114.html#L667'>error</a>             667 posix/getconf.c 		  error (3, errno, "pathconf: %s", argv[ai + 1]);</span>
<span class='curline'><a href='../S/1114.html#L697'>error</a>             697 posix/getconf.c 	      error (3, 0, _("memory exhausted"));</span>
<span class='curline'><a href='../S/1114.html#L700'>error</a>             700 posix/getconf.c 	      error (3, errno, "confstr");</span>
<span class='curline'><a href='../S/1114.html#L707'>error</a>             707 posix/getconf.c   error (2, 0, _("Unrecognized variable `%s'"), argv[ai]);</span>
<span class='curline'><a href='../S/987.html#L21'>error</a>              21 posix/regexbug1.c       error (EXIT_FAILURE, 0, "%s", buf);</span>
<span class='curline'><a href='../S/987.html#L26'>error</a>              26 posix/regexbug1.c       error (0, 0, "\"0*[0-9][0-9]\" does not match \"002\"");</span>
<span class='curline'><a href='../S/987.html#L38'>error</a>              38 posix/regexbug1.c       error (EXIT_FAILURE, 0, "%s", buf);</span>
<span class='curline'><a href='../S/987.html#L43'>error</a>              43 posix/regexbug1.c       error (0, 0, "\"[0a]*[0-9][0-9]\" does not match \"002\"");</span>
<span class='curline'><a href='../S/1074.html#L30'>error</a>              30 posix/test-vfork.c     error (1, errno, "vfork");</span>
<span class='curline'><a href='../S/1185.html#L56'>error</a>              56 posix/tst-chmod.c     error (EXIT_FAILURE, 0, "no parameters");</span>
<span class='curline'><a href='../S/1187.html#L86'>error</a>              86 posix/tst-exec.c     error (EXIT_FAILURE, 0, "value of fd1 and fd2 is the same");</span>
<span class='curline'><a href='../S/1187.html#L91'>error</a>              91 posix/tst-exec.c     error (EXIT_FAILURE, errno, "file 2 not in right position");</span>
<span class='curline'><a href='../S/1187.html#L93'>error</a>              93 posix/tst-exec.c     error (EXIT_FAILURE, 0, "cannot reset position in file 2");</span>
<span class='curline'><a href='../S/1187.html#L95'>error</a>              95 posix/tst-exec.c     error (EXIT_FAILURE, 0, "cannot read file 2");</span>
<span class='curline'><a href='../S/1187.html#L97'>error</a>              97 posix/tst-exec.c     error (EXIT_FAILURE, 0, "file 2 does not match");</span>
<span class='curline'><a href='../S/1187.html#L101'>error</a>             101 posix/tst-exec.c     error (EXIT_FAILURE, 0, "file 1 (%d) is not closed", fd1);</span>
<span class='curline'><a href='../S/1187.html#L106'>error</a>             106 posix/tst-exec.c     error (EXIT_FAILURE, errno,</span>
<span class='curline'><a href='../S/1187.html#L110'>error</a>             110 posix/tst-exec.c     error (EXIT_FAILURE, errno, "cannot read file 1");</span>
<span class='curline'><a href='../S/1187.html#L112'>error</a>             112 posix/tst-exec.c     error (EXIT_FAILURE, 0, "file 1 does not match");</span>
<span class='curline'><a href='../S/1187.html#L140'>error</a>             140 posix/tst-exec.c 	error (EXIT_FAILURE, 0, "wrong number of arguments (%d)", argc);</span>
<span class='curline'><a href='../S/1187.html#L146'>error</a>             146 posix/tst-exec.c     error (EXIT_FAILURE, 0, "wrong number of arguments (%d)", argc);</span>
<span class='curline'><a href='../S/1187.html#L154'>error</a>             154 posix/tst-exec.c      error (EXIT_FAILURE, errno, "cannot get flags");</span>
<span class='curline'><a href='../S/1187.html#L157'>error</a>             157 posix/tst-exec.c      error (EXIT_FAILURE, errno, "cannot set flags");</span>
<span class='curline'><a href='../S/1187.html#L161'>error</a>             161 posix/tst-exec.c      error (EXIT_FAILURE, errno, "cannot write to first file");</span>
<span class='curline'><a href='../S/1187.html#L163'>error</a>             163 posix/tst-exec.c      error (EXIT_FAILURE, errno, "cannot write to second file");</span>
<span class='curline'><a href='../S/1187.html#L184'>error</a>             184 posix/tst-exec.c       error (EXIT_FAILURE, errno, "cannot exec");</span>
<span class='curline'><a href='../S/1187.html#L187'>error</a>             187 posix/tst-exec.c     error (EXIT_FAILURE, errno, "cannot fork");</span>
<span class='curline'><a href='../S/1187.html#L191'>error</a>             191 posix/tst-exec.c     error (EXIT_FAILURE, errno, "wrong child");</span>
<span class='curline'><a href='../S/1187.html#L194'>error</a>             194 posix/tst-exec.c     error (EXIT_FAILURE, 0, "Child terminated incorrectly");</span>
<span class='curline'><a href='../S/1154.html#L366'>error</a>             366 posix/tst-fnmatch.c 	error (EXIT_FAILURE, errno, "while allocating buffer for printing");</span>
<span class='curline'><a href='../S/1087.html#L50'>error</a>              50 posix/tst-fork.c     error (EXIT_FAILURE, errno, "cannot allocate file name");</span>
<span class='curline'><a href='../S/1087.html#L58'>error</a>              58 posix/tst-fork.c      error (EXIT_FAILURE, errno, "cannot open test file `%s'", name);</span>
<span class='curline'><a href='../S/1087.html#L65'>error</a>              65 posix/tst-fork.c     error (EXIT_FAILURE, errno, "cannot write test data");</span>
<span class='curline'><a href='../S/1087.html#L70'>error</a>              70 posix/tst-fork.c     error (EXIT_FAILURE, errno, "wrong file position");</span>
<span class='curline'><a href='../S/1087.html#L81'>error</a>              81 posix/tst-fork.c 	error (EXIT_FAILURE, 0, "child and parent have same PID");</span>
<span class='curline'><a href='../S/1087.html#L86'>error</a>              86 posix/tst-fork.c 	error (EXIT_FAILURE, 0,</span>
<span class='curline'><a href='../S/1087.html#L93'>error</a>              93 posix/tst-fork.c 	error (EXIT_FAILURE, errno, "wrong file position in child");</span>
<span class='curline'><a href='../S/1087.html#L97'>error</a>              97 posix/tst-fork.c 	error (EXIT_FAILURE, errno, "cannot reset position in child");</span>
<span class='curline'><a href='../S/1087.html#L101'>error</a>             101 posix/tst-fork.c 	error (EXIT_FAILURE, errno, "cannot read data in child");</span>
<span class='curline'><a href='../S/1087.html#L105'>error</a>             105 posix/tst-fork.c 	error (EXIT_FAILURE, 0, "data comparison failed in child");</span>
<span class='curline'><a href='../S/1087.html#L109'>error</a>             109 posix/tst-fork.c 	error (EXIT_FAILURE, errno, "cannot reset position again in child");</span>
<span class='curline'><a href='../S/1087.html#L113'>error</a>             113 posix/tst-fork.c 	error (EXIT_FAILURE, errno, "cannot write new data in child");</span>
<span class='curline'><a href='../S/1087.html#L122'>error</a>             122 posix/tst-fork.c     error (EXIT_FAILURE, errno, "cannot fork");</span>
<span class='curline'><a href='../S/1087.html#L126'>error</a>             126 posix/tst-fork.c     error (EXIT_FAILURE, 0, "Oops, wrong test program terminated");</span>
<span class='curline'><a href='../S/1087.html#L129'>error</a>             129 posix/tst-fork.c     error (EXIT_FAILURE, 0, "Child terminated incorrectly");</span>
<span class='curline'><a href='../S/1087.html#L137'>error</a>             137 posix/tst-fork.c 	error (EXIT_FAILURE, 0, "file position not changed");</span>
<span class='curline'><a href='../S/1087.html#L140'>error</a>             140 posix/tst-fork.c 	error (EXIT_FAILURE, errno, "cannot reset file position");</span>
<span class='curline'><a href='../S/1087.html#L143'>error</a>             143 posix/tst-fork.c 	error (EXIT_FAILURE, errno, "cannot read new data");</span>
<span class='curline'><a href='../S/1087.html#L146'>error</a>             146 posix/tst-fork.c 	error (EXIT_FAILURE, 0, "new data not read correctly");</span>
<span class='curline'><a href='../S/1207.html#L183'>error</a>             183 posix/tst-gnuglob-skeleton.c     error (EXIT_FAILURE, errno, "cannot allocate directory handle");</span>
<span class='curline'><a href='../S/1093.html#L42'>error</a>              42 posix/tst-preadwrite-common.c     error (EXIT_FAILURE, errno, "cannot create temporary file");</span>
<span class='curline'><a href='../S/1093.html#L58'>error</a>              58 posix/tst-preadwrite-common.c     error (EXIT_FAILURE, errno, "during write");</span>
<span class='curline'><a href='../S/1093.html#L64'>error</a>              64 posix/tst-preadwrite-common.c     error (EXIT_FAILURE, errno, "during pwrite");</span>
<span class='curline'><a href='../S/1093.html#L70'>error</a>              70 posix/tst-preadwrite-common.c     error (EXIT_FAILURE, errno, "during pwrite");</span>
<span class='curline'><a href='../S/1093.html#L74'>error</a>              74 posix/tst-preadwrite-common.c     error (EXIT_FAILURE, errno, "during pread");</span>
<span class='curline'><a href='../S/887.html#L74'>error</a>              74 posix/tst-regex.c     error (EXIT_FAILURE, errno, "cannot open %s", basename (file));</span>
<span class='curline'><a href='../S/887.html#L77'>error</a>              77 posix/tst-regex.c     error (EXIT_FAILURE, errno, "cannot stat %s", basename (file));</span>
<span class='curline'><a href='../S/887.html#L82'>error</a>              82 posix/tst-regex.c     error (EXIT_FAILURE, errno, "while allocating buffer");</span>
<span class='curline'><a href='../S/887.html#L85'>error</a>              85 posix/tst-regex.c     error (EXIT_FAILURE, 0, "cannot read entire file");</span>
<span class='curline'><a href='../S/887.html#L93'>error</a>              93 posix/tst-regex.c     error (EXIT_FAILURE, errno, "cannot get conversion descriptor");</span>
<span class='curline'><a href='../S/887.html#L99'>error</a>              99 posix/tst-regex.c     error (EXIT_FAILURE, errno, "while allocating buffer");</span>
<span class='curline'><a href='../S/887.html#L108'>error</a>             108 posix/tst-regex.c     error (EXIT_FAILURE, errno, "cannot convert buffer");</span>
<span class='curline'><a href='../S/887.html#L193'>error</a>             193 posix/tst-regex.c     error (EXIT_FAILURE, errno, "cannot convert expression");</span>
<span class='curline'><a href='../S/887.html#L233'>error</a>             233 posix/tst-regex.c       error (EXIT_FAILURE, 0, "cannot compile expression: %s", buf);</span>
<span class='curline'><a href='../S/887.html#L253'>error</a>             253 posix/tst-regex.c 	  error (EXIT_FAILURE, 0, "cannot use expression: %s", buf);</span>
<span class='curline'><a href='../S/887.html#L378'>error</a>             378 posix/tst-regex.c     error (EXIT_FAILURE, errno, "cannot allocate fastmap");</span>
<span class='curline'><a href='../S/887.html#L382'>error</a>             382 posix/tst-regex.c     error (EXIT_FAILURE, 0, "cannot compile expression: %s", err);</span>
<span class='curline'><a href='../S/887.html#L385'>error</a>             385 posix/tst-regex.c     error (EXIT_FAILURE, 0, "couldn't compile fastmap");</span>
<span class='curline'><a href='../S/887.html#L401'>error</a>             401 posix/tst-regex.c 	error (EXIT_FAILURE, 0, "internal error in re_search");</span>
<span class='curline'><a href='../S/1155.html#L373'>error</a>             373 posix/wordexp.c   int error;</span>
<span class='curline'><a href='../S/1155.html#L377'>error</a>             377 posix/wordexp.c   error = glob (glob_word, GLOB_NOCHECK, NULL, &amp;globbuf);</span>
<span class='curline'><a href='../S/1155.html#L379'>error</a>             379 posix/wordexp.c   if (error != 0)</span>
<span class='curline'><a href='../S/1155.html#L382'>error</a>             382 posix/wordexp.c       assert (error == GLOB_NOSPACE);</span>
<span class='curline'><a href='../S/1155.html#L430'>error</a>             430 posix/wordexp.c   int error = WRDE_NOSPACE;</span>
<span class='curline'><a href='../S/1155.html#L475'>error</a>             475 posix/wordexp.c 	  error = parse_dollars (word, word_length, max_length, words,</span>
<span class='curline'><a href='../S/1155.html#L478'>error</a>             478 posix/wordexp.c 	  if (error)</span>
<span class='curline'><a href='../S/1155.html#L486'>error</a>             486 posix/wordexp.c 	    error = parse_qtd_backslash (word, word_length, max_length,</span>
<span class='curline'><a href='../S/1155.html#L489'>error</a>             489 posix/wordexp.c 	    error = parse_backslash (word, word_length, max_length,</span>
<span class='curline'><a href='../S/1155.html#L492'>error</a>             492 posix/wordexp.c 	  if (error)</span>
<span class='curline'><a href='../S/1155.html#L507'>error</a>             507 posix/wordexp.c   error = w_addword (&amp;glob_list, *word);</span>
<span class='curline'><a href='../S/1155.html#L509'>error</a>             509 posix/wordexp.c   for (i = 0; error == 0 &amp;&amp; i &lt; glob_list.we_wordc; i++)</span>
<span class='curline'><a href='../S/1155.html#L510'>error</a>             510 posix/wordexp.c     error = do_parse_glob (glob_list.we_wordv[i], word, word_length,</span>
<span class='curline'><a href='../S/1155.html#L516'>error</a>             516 posix/wordexp.c   return error;</span>
<span class='curline'><a href='../S/1155.html#L655'>error</a>             655 posix/wordexp.c   int error;</span>
<span class='curline'><a href='../S/1155.html#L667'>error</a>             667 posix/wordexp.c 	  error = parse_dollars (&amp;expr, &amp;expr_length, &amp;expr_maxlen,</span>
<span class='curline'><a href='../S/1155.html#L672'>error</a>             672 posix/wordexp.c 	  if (error)</span>
<span class='curline'><a href='../S/1155.html#L675'>error</a>             675 posix/wordexp.c 	      return error;</span>
<span class='curline'><a href='../S/1155.html#L681'>error</a>             681 posix/wordexp.c 	  error = parse_backtick (&amp;expr, &amp;expr_length, &amp;expr_maxlen,</span>
<span class='curline'><a href='../S/1155.html#L686'>error</a>             686 posix/wordexp.c 	  if (error)</span>
<span class='curline'><a href='../S/1155.html#L689'>error</a>             689 posix/wordexp.c 	      return error;</span>
<span class='curline'><a href='../S/1155.html#L694'>error</a>             694 posix/wordexp.c 	  error = parse_qtd_backslash (&amp;expr, &amp;expr_length, &amp;expr_maxlen,</span>
<span class='curline'><a href='../S/1155.html#L696'>error</a>             696 posix/wordexp.c 	  if (error)</span>
<span class='curline'><a href='../S/1155.html#L699'>error</a>             699 posix/wordexp.c 	      return error;</span>
<span class='curline'><a href='../S/1155.html#L1109'>error</a>            1109 posix/wordexp.c   int error = 0;</span>
<span class='curline'><a href='../S/1155.html#L1142'>error</a>            1142 posix/wordexp.c 		  error = exec_comm (comm, word, word_length, max_length,</span>
<span class='curline'><a href='../S/1155.html#L1147'>error</a>            1147 posix/wordexp.c 	      return error;</span>
<span class='curline'><a href='../S/1155.html#L1204'>error</a>            1204 posix/wordexp.c   int error;</span>
<span class='curline'><a href='../S/1155.html#L1497'>error</a>            1497 posix/wordexp.c       error = WRDE_BADVAL;</span>
<span class='curline'><a href='../S/1155.html#L1593'>error</a>            1593 posix/wordexp.c 		  error = parse_dollars (&amp;expanded, &amp;exp_len, &amp;exp_maxl, p,</span>
<span class='curline'><a href='../S/1155.html#L1595'>error</a>            1595 posix/wordexp.c 		  if (error)</span>
<span class='curline'><a href='../S/1155.html#L1613'>error</a>            1613 posix/wordexp.c 		  error = parse_tilde (&amp;expanded, &amp;exp_len, &amp;exp_maxl, p,</span>
<span class='curline'><a href='../S/1155.html#L1615'>error</a>            1615 posix/wordexp.c 		  if (error)</span>
<span class='curline'><a href='../S/1155.html#L1785'>error</a>            1785 posix/wordexp.c 	  error = 0;</span>
<span class='curline'><a href='../S/1155.html#L1980'>error</a>            1980 posix/wordexp.c   error = 0;</span>
<span class='curline'><a href='../S/1155.html#L1984'>error</a>            1984 posix/wordexp.c   error = WRDE_NOSPACE;</span>
<span class='curline'><a href='../S/1155.html#L1988'>error</a>            1988 posix/wordexp.c   error = WRDE_SYNTAX;</span>
<span class='curline'><a href='../S/1155.html#L1995'>error</a>            1995 posix/wordexp.c   return error;</span>
<span class='curline'><a href='../S/1155.html#L2064'>error</a>            2064 posix/wordexp.c   int error;</span>
<span class='curline'><a href='../S/1155.html#L2076'>error</a>            2076 posix/wordexp.c 	  error = exec_comm (comm, word, word_length, max_length, flags,</span>
<span class='curline'><a href='../S/1155.html#L2079'>error</a>            2079 posix/wordexp.c 	  return error;</span>
<span class='curline'><a href='../S/1155.html#L2084'>error</a>            2084 posix/wordexp.c 	      error = parse_qtd_backslash (&amp;comm, &amp;comm_length, &amp;comm_maxlen,</span>
<span class='curline'><a href='../S/1155.html#L2087'>error</a>            2087 posix/wordexp.c 	      if (error)</span>
<span class='curline'><a href='../S/1155.html#L2090'>error</a>            2090 posix/wordexp.c 		  return error;</span>
<span class='curline'><a href='../S/1155.html#L2096'>error</a>            2096 posix/wordexp.c 	  error = parse_backslash (&amp;comm, &amp;comm_length, &amp;comm_maxlen, words,</span>
<span class='curline'><a href='../S/1155.html#L2099'>error</a>            2099 posix/wordexp.c 	  if (error)</span>
<span class='curline'><a href='../S/1155.html#L2102'>error</a>            2102 posix/wordexp.c 	      return error;</span>
<span class='curline'><a href='../S/1155.html#L2128'>error</a>            2128 posix/wordexp.c   int error;</span>
<span class='curline'><a href='../S/1155.html#L2138'>error</a>            2138 posix/wordexp.c 	  error = parse_dollars (word, word_length, max_length, words, offset,</span>
<span class='curline'><a href='../S/1155.html#L2143'>error</a>            2143 posix/wordexp.c 	  if (error)</span>
<span class='curline'><a href='../S/1155.html#L2144'>error</a>            2144 posix/wordexp.c 	    return error;</span>
<span class='curline'><a href='../S/1155.html#L2150'>error</a>            2150 posix/wordexp.c 	  error = parse_backtick (word, word_length, max_length, words,</span>
<span class='curline'><a href='../S/1155.html#L2155'>error</a>            2155 posix/wordexp.c 	  if (error)</span>
<span class='curline'><a href='../S/1155.html#L2156'>error</a>            2156 posix/wordexp.c 	    return error;</span>
<span class='curline'><a href='../S/1155.html#L2161'>error</a>            2161 posix/wordexp.c 	  error = parse_qtd_backslash (word, word_length, max_length, words,</span>
<span class='curline'><a href='../S/1155.html#L2164'>error</a>            2164 posix/wordexp.c 	  if (error)</span>
<span class='curline'><a href='../S/1155.html#L2165'>error</a>            2165 posix/wordexp.c 	    return error;</span>
<span class='curline'><a href='../S/1155.html#L2213'>error</a>            2213 posix/wordexp.c   int error;</span>
<span class='curline'><a href='../S/1155.html#L2234'>error</a>            2234 posix/wordexp.c 	      error = WRDE_NOSPACE;</span>
<span class='curline'><a href='../S/1155.html#L2243'>error</a>            2243 posix/wordexp.c 	      error = WRDE_NOSPACE;</span>
<span class='curline'><a href='../S/1155.html#L2288'>error</a>            2288 posix/wordexp.c 	error = parse_backslash (&amp;word, &amp;word_length, &amp;max_length, words,</span>
<span class='curline'><a href='../S/1155.html#L2291'>error</a>            2291 posix/wordexp.c 	if (error)</span>
<span class='curline'><a href='../S/1155.html#L2297'>error</a>            2297 posix/wordexp.c 	error = parse_dollars (&amp;word, &amp;word_length, &amp;max_length, words,</span>
<span class='curline'><a href='../S/1155.html#L2301'>error</a>            2301 posix/wordexp.c 	if (error)</span>
<span class='curline'><a href='../S/1155.html#L2308'>error</a>            2308 posix/wordexp.c 	error = parse_backtick (&amp;word, &amp;word_length, &amp;max_length, words,</span>
<span class='curline'><a href='../S/1155.html#L2312'>error</a>            2312 posix/wordexp.c 	if (error)</span>
<span class='curline'><a href='../S/1155.html#L2319'>error</a>            2319 posix/wordexp.c 	error = parse_dquote (&amp;word, &amp;word_length, &amp;max_length, words,</span>
<span class='curline'><a href='../S/1155.html#L2322'>error</a>            2322 posix/wordexp.c 	if (error)</span>
<span class='curline'><a href='../S/1155.html#L2327'>error</a>            2327 posix/wordexp.c 	    error = w_addword (pwordexp, NULL);</span>
<span class='curline'><a href='../S/1155.html#L2329'>error</a>            2329 posix/wordexp.c 	    if (error)</span>
<span class='curline'><a href='../S/1155.html#L2330'>error</a>            2330 posix/wordexp.c 	      return error;</span>
<span class='curline'><a href='../S/1155.html#L2337'>error</a>            2337 posix/wordexp.c 	error = parse_squote (&amp;word, &amp;word_length, &amp;max_length, words,</span>
<span class='curline'><a href='../S/1155.html#L2340'>error</a>            2340 posix/wordexp.c 	if (error)</span>
<span class='curline'><a href='../S/1155.html#L2345'>error</a>            2345 posix/wordexp.c 	    error = w_addword (pwordexp, NULL);</span>
<span class='curline'><a href='../S/1155.html#L2347'>error</a>            2347 posix/wordexp.c 	    if (error)</span>
<span class='curline'><a href='../S/1155.html#L2348'>error</a>            2348 posix/wordexp.c 	      return error;</span>
<span class='curline'><a href='../S/1155.html#L2354'>error</a>            2354 posix/wordexp.c 	error = parse_tilde (&amp;word, &amp;word_length, &amp;max_length, words,</span>
<span class='curline'><a href='../S/1155.html#L2357'>error</a>            2357 posix/wordexp.c 	if (error)</span>
<span class='curline'><a href='../S/1155.html#L2365'>error</a>            2365 posix/wordexp.c 	error = parse_glob (&amp;word, &amp;word_length, &amp;max_length, words,</span>
<span class='curline'><a href='../S/1155.html#L2368'>error</a>            2368 posix/wordexp.c 	if (error)</span>
<span class='curline'><a href='../S/1155.html#L2383'>error</a>            2383 posix/wordexp.c 		error = WRDE_BADCHAR;</span>
<span class='curline'><a href='../S/1155.html#L2392'>error</a>            2392 posix/wordexp.c 		error = WRDE_NOSPACE;</span>
<span class='curline'><a href='../S/1155.html#L2402'>error</a>            2402 posix/wordexp.c 	    error = w_addword (pwordexp, word);</span>
<span class='curline'><a href='../S/1155.html#L2403'>error</a>            2403 posix/wordexp.c 	    if (error)</span>
<span class='curline'><a href='../S/1155.html#L2427'>error</a>            2427 posix/wordexp.c   if (error == WRDE_NOSPACE)</span>
<span class='curline'><a href='../S/1155.html#L2434'>error</a>            2434 posix/wordexp.c   return error;</span>
<span class='curline'><a href='../S/6277.html#L922'>error</a>             922 resolv/res_debug.c 	static const char error[] = "?";</span>
<span class='curline'><a href='../S/6277.html#L1002'>error</a>            1002 resolv/res_debug.c 		sizestr = (char *) error;</span>
<span class='curline'><a href='../S/6277.html#L1004'>error</a>            1004 resolv/res_debug.c 		hpstr = (char *) error;</span>
<span class='curline'><a href='../S/6277.html#L1006'>error</a>            1006 resolv/res_debug.c 		vpstr = (char *) error;</span>
<span class='curline'><a href='../S/6277.html#L1014'>error</a>            1014 resolv/res_debug.c 	if (sizestr != (char *) error)</span>
<span class='curline'><a href='../S/6277.html#L1016'>error</a>            1016 resolv/res_debug.c 	if (hpstr != (char *) error)</span>
<span class='curline'><a href='../S/6277.html#L1018'>error</a>            1018 resolv/res_debug.c 	if (vpstr != (char *) error)</span>
<span class='curline'><a href='../S/1262.html#L57'>error</a>              57 rt/tst-aio.c       error (EXIT_FAILURE, errno, "cannot open test file `%s'", name);</span>
<span class='curline'><a href='../S/1262.html#L71'>error</a>              71 rt/tst-aio.c         error (0, errno, "%s: failed stat", msg);</span>
<span class='curline'><a href='../S/1262.html#L77'>error</a>              77 rt/tst-aio.c         error (0, errno, "%s: wrong size: %lu, should be %lu",</span>
<span class='curline'><a href='../S/1262.html#L84'>error</a>              84 rt/tst-aio.c         error (0, errno, "%s: failed pread", msg);</span>
<span class='curline'><a href='../S/1262.html#L90'>error</a>              90 rt/tst-aio.c         error (0, errno, "%s: failed comparison", msg);</span>
<span class='curline'><a href='../S/1262.html#L122'>error</a>             122 rt/tst-aio.c   		    error (0, aio_error (cbp[cnt]), "Operation failed\n");</span>
<span class='curline'><a href='../S/1262.html#L163'>error</a>             163 rt/tst-aio.c   	error (0, 0, "no aio support in this configuration");</span>
<span class='curline'><a href='../S/1262.html#L187'>error</a>             187 rt/tst-aio.c   	error (0, 0, "comparison failed for aio_read test");</span>
<span class='curline'><a href='../S/1262.html#L197'>error</a>             197 rt/tst-aio.c         error (0, errno, "ftruncate failed\n");</span>
<span class='curline'><a href='../S/1262.html#L220'>error</a>             220 rt/tst-aio.c         error (0, errno, "ftruncate failed\n");</span>
<span class='curline'><a href='../S/1262.html#L230'>error</a>             230 rt/tst-aio.c         error (0, errno, "aio_fsync failed\n");</span>
<span class='curline'><a href='../S/1262.html#L242'>error</a>             242 rt/tst-aio.c         error (0, errno, "ftruncate failed\n");</span>
<span class='curline'><a href='../S/1262.html#L260'>error</a>             260 rt/tst-aio.c         error (0, errno, "ftruncate failed\n");</span>
<span class='curline'><a href='../S/1285.html#L58'>error</a>              58 rt/tst-aio64.c     error (EXIT_FAILURE, errno, "cannot open test file `%s'", name);</span>
<span class='curline'><a href='../S/1285.html#L72'>error</a>              72 rt/tst-aio64.c       error (0, errno, "%s: failed stat", msg);</span>
<span class='curline'><a href='../S/1285.html#L78'>error</a>              78 rt/tst-aio64.c       error (0, errno, "%s: wrong size: %lu, should be %lu",</span>
<span class='curline'><a href='../S/1285.html#L85'>error</a>              85 rt/tst-aio64.c       error (0, errno, "%s: failed pread", msg);</span>
<span class='curline'><a href='../S/1285.html#L91'>error</a>              91 rt/tst-aio64.c       error (0, errno, "%s: failed comparison", msg);</span>
<span class='curline'><a href='../S/1285.html#L123'>error</a>             123 rt/tst-aio64.c 		    error (0, aio_error64 (cbp[cnt]), "Operation failed\n");</span>
<span class='curline'><a href='../S/1285.html#L164'>error</a>             164 rt/tst-aio64.c 	error (0, 0, "no aio support in this configuration");</span>
<span class='curline'><a href='../S/1285.html#L188'>error</a>             188 rt/tst-aio64.c 	error (0, 0, "comparison failed for aio_read test");</span>
<span class='curline'><a href='../S/1285.html#L198'>error</a>             198 rt/tst-aio64.c       error (0, errno, "ftruncate failed\n");</span>
<span class='curline'><a href='../S/1285.html#L221'>error</a>             221 rt/tst-aio64.c       error (0, errno, "ftruncate failed\n");</span>
<span class='curline'><a href='../S/1285.html#L231'>error</a>             231 rt/tst-aio64.c       error (0, errno, "aio_fsync failed\n");</span>
<span class='curline'><a href='../S/1285.html#L243'>error</a>             243 rt/tst-aio64.c       error (0, errno, "ftruncate failed\n");</span>
<span class='curline'><a href='../S/1285.html#L261'>error</a>             261 rt/tst-aio64.c       error (0, errno, "ftruncate failed\n");</span>
<span class='curline'><a href='../S/1277.html#L112'>error</a>             112 rt/tst-aio7.c        error (1, errno, "creating temp file");</span>
<span class='curline'><a href='../S/1277.html#L115'>error</a>             115 rt/tst-aio7.c        error (1, errno, "unlinking temp file");</span>
<span class='curline'><a href='../S/1277.html#L118'>error</a>             118 rt/tst-aio7.c        error (1, errno, "writing to temp file");</span>
<span class='curline'><a href='../S/1277.html#L129'>error</a>             129 rt/tst-aio7.c        error (1, errno, "reading from file");</span>
<span class='curline'><a href='../S/1277.html#L149'>error</a>             149 rt/tst-aio7.c        error (1, errno, "reading from file");</span>
<span class='curline'><a href='../S/1300.html#L58'>error</a>              58 rt/tst-shm.c       error (EXIT_FAILURE, 0, "failed to open shared memory object: shm_open");</span>
<span class='curline'><a href='../S/1300.html#L66'>error</a>              66 rt/tst-shm.c       error (EXIT_FAILURE, 0, "stat failed");</span>
<span class='curline'><a href='../S/1300.html#L68'>error</a>              68 rt/tst-shm.c       error (EXIT_FAILURE, 0, "size incorrect");</span>
<span class='curline'><a href='../S/1300.html#L72'>error</a>              72 rt/tst-shm.c       error (EXIT_FAILURE, 0, "mmap failed");</span>
<span class='curline'><a href='../S/1300.html#L114'>error</a>             114 rt/tst-shm.c       error (EXIT_FAILURE, errno, "munmap");</span>
<span class='curline'><a href='../S/1300.html#L153'>error</a>             153 rt/tst-shm.c           error (EXIT_FAILURE, 0, "failed to create shared memory object: shm_open");</span>
<span class='curline'><a href='../S/1300.html#L170'>error</a>             170 rt/tst-shm.c         error (EXIT_FAILURE, 0, "initial stat failed");</span>
<span class='curline'><a href='../S/1300.html#L175'>error</a>             175 rt/tst-shm.c         error (EXIT_FAILURE, 0, "initial size not correct");</span>
<span class='curline'><a href='../S/71.html#L32'>error</a>              32 signal/tst-sigset2.c     error (1, errno, "sigaction");</span>
<span class='curline'><a href='../S/71.html#L78'>error</a>              78 signal/tst-sigset2.c     error (1, errno, "sighold");</span>
<span class='curline'><a href='../S/71.html#L84'>error</a>              84 signal/tst-sigset2.c     error(1, errno, "sigset");</span>
<span class='curline'><a href='../S/71.html#L107'>error</a>             107 signal/tst-sigset2.c     error (1, errno, "sigset");</span>
<span class='curline'><a href='../S/71.html#L130'>error</a>             130 signal/tst-sigset2.c     error (1, errno, "sigset");</span>
<span class='curline'><a href='../S/71.html#L135'>error</a>             135 signal/tst-sigset2.c     error (1, errno, "sigset");</span>
<span class='curline'><a href='../S/71.html#L155'>error</a>             155 signal/tst-sigset2.c     error (1, errno, "fork");</span>
<span class='curline'><a href='../S/71.html#L162'>error</a>             162 signal/tst-sigset2.c     error (1, errno, "waitpid");</span>
<span class='curline'><a href='../S/71.html#L167'>error</a>             167 signal/tst-sigset2.c     error (1, errno, "fork");</span>
<span class='curline'><a href='../S/71.html#L173'>error</a>             173 signal/tst-sigset2.c     error (1, errno, "waitpid");</span>
<span class='curline'><a href='../S/71.html#L178'>error</a>             178 signal/tst-sigset2.c     error (1, errno, "fork");</span>
<span class='curline'><a href='../S/71.html#L184'>error</a>             184 signal/tst-sigset2.c     error (1, errno, "waitpid");</span>
<span class='curline'><a href='../S/6133.html#L49'>error</a>              49 stdio-common/tst-fseek.c     error (EXIT_FAILURE, errno, "cannot generate name for temporary file");</span>
<span class='curline'><a href='../S/6133.html#L54'>error</a>              54 stdio-common/tst-fseek.c     error (EXIT_FAILURE, errno, "cannot open temporary file");</span>
<span class='curline'><a href='../S/6133.html#L58'>error</a>              58 stdio-common/tst-fseek.c     error (EXIT_FAILURE, errno, "cannot get FILE for temporary file");</span>
<span class='curline'><a href='../S/6079.html#L37'>error</a>              37 stdio-common/tst-perror.c     error (EXIT_FAILURE, errno, "cannot create temporary file");</span>
<span class='curline'><a href='../S/6241.html#L33'>error</a>              33 stdio-common/tst-put-error.c     error (EXIT_FAILURE, errno, "cannot create temporary file");</span>
<span class='curline'><a href='../S/6241.html#L36'>error</a>              36 stdio-common/tst-put-error.c     error (EXIT_FAILURE, errno, "fdopen");</span>
<span class='curline'><a href='../S/6241.html#L52'>error</a>              52 stdio-common/tst-put-error.c     error (EXIT_FAILURE, 0, "first fprintf succeeded");</span>
<span class='curline'><a href='../S/6241.html#L57'>error</a>              57 stdio-common/tst-put-error.c     error (EXIT_FAILURE, 0, "second fprintf succeeded");</span>
<span class='curline'><a href='../S/6241.html#L63'>error</a>              63 stdio-common/tst-put-error.c     error (EXIT_FAILURE, 0, "padded fprintf succeeded");</span>
<span class='curline'><a href='../S/6659.html#L244'>error</a>             244 stdlib/canonicalize.c               goto error;</span>
<span class='curline'><a href='../S/6659.html#L332'>error</a>             332 stdlib/canonicalize.c                   goto error;</span>
<span class='curline'><a href='../S/6659.html#L391'>error</a>             391 stdlib/canonicalize.c             goto error;</span>
<span class='curline'><a href='../S/6659.html#L401'>error</a>             401 stdlib/canonicalize.c error:</span>
<span class='curline'><a href='../S/6775.html#L54'>error</a>              54 stdlib/test-canon.c   int error;</span>
<span class='curline'><a href='../S/6775.html#L186'>error</a>             186 stdlib/test-canon.c       if (!tests[i].out &amp;&amp; errno != tests[i].error)</span>
<span class='curline'><a href='../S/6775.html#L189'>error</a>             189 stdlib/test-canon.c 		  argv[0], i, tests[i].error, errno);</span>
<span class='curline'><a href='../S/2000.html#L64'>error</a>              64 string/test-memccpy.c       error (0, 0, "Wrong result in function %s %p %p", impl-&gt;name,</span>
<span class='curline'><a href='../S/2000.html#L72'>error</a>              72 string/test-memccpy.c       error (0, 0, "Wrong result in function %s", impl-&gt;name);</span>
<span class='curline'><a href='../S/2000.html#L192'>error</a>             192 string/test-memccpy.c 	      error (0, 0, "Iteration %zd - wrong result in function %s (%zd, %zd, %zd, %zd, %d) %p != %p",</span>
<span class='curline'><a href='../S/2000.html#L200'>error</a>             200 string/test-memccpy.c 		  error (0, 0, "Iteration %zd - garbage before, %s (%zd, %zd, %zd)",</span>
<span class='curline'><a href='../S/2000.html#L213'>error</a>             213 string/test-memccpy.c 		  error (0, 0, "Iteration %zd - garbage after, %s (%zd, %zd, %zd)",</span>
<span class='curline'><a href='../S/2000.html#L224'>error</a>             224 string/test-memccpy.c 	      error (0, 0, "Iteration %zd - different strings, %s (%zd, %zd, %zd)",</span>
<span class='curline'><a href='../S/2049.html#L67'>error</a>              67 string/test-memchr.c       error (0, 0, "Wrong result in function %s (%p, %d, %zu) -&gt; %p != %p",</span>
<span class='curline'><a href='../S/2049.html#L190'>error</a>             190 string/test-memchr.c 	    error (0, 0, "Iteration %zd - wrong result in function %s (%zd, %d, %zd, %zd) %p != %p, p %p",</span>
<span class='curline'><a href='../S/2053.html#L98'>error</a>              98 string/test-memcmp.c       error (0, 0, "Wrong result in function %s %d %d", impl-&gt;name,</span>
<span class='curline'><a href='../S/2053.html#L203'>error</a>             203 string/test-memcmp.c 	      error (0, 0, "Iteration %zd - wrong result in function %s (%zd, %zd, %zd, %zd) %ld != %d, p1 %p p2 %p",</span>
<span class='curline'><a href='../S/1964.html#L67'>error</a>              67 string/test-memcpy-support.h       error (0, 0, "Wrong result in function %s %p %p", impl-&gt;name,</span>
<span class='curline'><a href='../S/1964.html#L75'>error</a>              75 string/test-memcpy-support.h       error (0, 0,</span>
<span class='curline'><a href='../S/1964.html#L135'>error</a>             135 string/test-memcpy-support.h     error (EXIT_FAILURE, errno, "mprotect failed");</span>
<span class='curline'><a href='../S/1964.html#L155'>error</a>             155 string/test-memcpy-support.h                   error (0, 0,</span>
<span class='curline'><a href='../S/2074.html#L98'>error</a>              98 string/test-memcpy.c             error (0, 0,</span>
<span class='curline'><a href='../S/2074.html#L109'>error</a>             109 string/test-memcpy.c                 error (0, 0,</span>
<span class='curline'><a href='../S/2074.html#L120'>error</a>             120 string/test-memcpy.c                 error (0, 0,</span>
<span class='curline'><a href='../S/2074.html#L129'>error</a>             129 string/test-memcpy.c             error (0, 0,</span>
<span class='curline'><a href='../S/1985.html#L68'>error</a>              68 string/test-memmem.c       error (0, 0, "Wrong result in function %s %p %p", impl-&gt;name,</span>
<span class='curline'><a href='../S/2071.html#L81'>error</a>              81 string/test-memmove.c       error (0, 0, "Wrong result in function %s %p %p", impl-&gt;name,</span>
<span class='curline'><a href='../S/2071.html#L90'>error</a>              90 string/test-memmove.c       error (0, 0, "Wrong result in function %s dst \"%s\" src \"%s\"",</span>
<span class='curline'><a href='../S/2071.html#L193'>error</a>             193 string/test-memmove.c 	      error (0, 0, "Iteration %zd - wrong result in function %s (%zd, %zd, %zd) %p != %p",</span>
<span class='curline'><a href='../S/2071.html#L200'>error</a>             200 string/test-memmove.c 	      error (0, 0, "Iteration %zd - different strings, %s (%zd, %zd, %zd)",</span>
<span class='curline'><a href='../S/2071.html#L218'>error</a>             218 string/test-memmove.c 		  error (0, 0, "Iteration %zd - garbage in memset area, %s (%zd, %zd, %zd)",</span>
<span class='curline'><a href='../S/2071.html#L229'>error</a>             229 string/test-memmove.c 	      error (0, 0, "Iteration %zd - garbage before dst, %s (%zd, %zd, %zd)",</span>
<span class='curline'><a href='../S/2071.html#L239'>error</a>             239 string/test-memmove.c 	      error (0, 0, "Iteration %zd - garbage after dst, %s (%zd, %zd, %zd)",</span>
<span class='curline'><a href='../S/2071.html#L258'>error</a>             258 string/test-memmove.c     error (EXIT_UNSUPPORTED, errno, "Large mmap failed");</span>
<span class='curline'><a href='../S/2071.html#L263'>error</a>             263 string/test-memmove.c       error (0, 0, "Large mmap allocated improperly");</span>
<span class='curline'><a href='../S/2071.html#L298'>error</a>             298 string/test-memmove.c 		  error (0, 0,</span>
<span class='curline'><a href='../S/2071.html#L324'>error</a>             324 string/test-memmove.c     error (EXIT_UNSUPPORTED, errno, "mmap failed");</span>
<span class='curline'><a href='../S/2071.html#L346'>error</a>             346 string/test-memmove.c 	      error (0, 0,</span>
<span class='curline'><a href='../S/2071.html#L369'>error</a>             369 string/test-memmove.c     error (EXIT_UNSUPPORTED, errno, "mmap failed");</span>
<span class='curline'><a href='../S/2071.html#L388'>error</a>             388 string/test-memmove.c                   error (0, 0,</span>
<span class='curline'><a href='../S/2025.html#L45'>error</a>              45 string/test-memrchr.c       error (0, 0, "Wrong result in function %s %p %p", impl-&gt;name,</span>
<span class='curline'><a href='../S/2025.html#L130'>error</a>             130 string/test-memrchr.c 	    error (0, 0, "Iteration %zd - wrong result in function %s (%zd, %d, %zd, %zd) %p != %p, p %p",</span>
<span class='curline'><a href='../S/2062.html#L131'>error</a>             131 string/test-memset.c       error (0, 0, "Wrong result in function %s", impl-&gt;name);</span>
<span class='curline'><a href='../S/2062.html#L203'>error</a>             203 string/test-memset.c 	      error (0, 0, "Iteration %zd - wrong result in function %s (%zd, %d, %zd) %p != %p",</span>
<span class='curline'><a href='../S/2062.html#L210'>error</a>             210 string/test-memset.c 		error (0, 0, "Iteration %zd - garbage before %s (%zd, %d, %zd)",</span>
<span class='curline'><a href='../S/2062.html#L218'>error</a>             218 string/test-memset.c 		error (0, 0, "Iteration %zd - not cleared correctly %s (%zd, %d, %zd)",</span>
<span class='curline'><a href='../S/2062.html#L226'>error</a>             226 string/test-memset.c 		error (0, 0, "Iteration %zd - garbage after %s (%zd, %d, %zd)",</span>
<span class='curline'><a href='../S/2034.html#L46'>error</a>              46 string/test-rawmemchr.c       error (0, 0, "Wrong result in function %s %p %p", impl-&gt;name,</span>
<span class='curline'><a href='../S/2034.html#L126'>error</a>             126 string/test-rawmemchr.c 	    error (0, 0, "Iteration %zd - wrong result in function %s (%zd, %d, %zd, %zd) %p != %p, p %p",</span>
<span class='curline'><a href='../S/2040.html#L71'>error</a>              71 string/test-strcasecmp.c       error (0, 0, "Wrong result in function %s %d %d", impl-&gt;name,</span>
<span class='curline'><a href='../S/2040.html#L201'>error</a>             201 string/test-strcasecmp.c 	      error (0, 0, "Iteration %zd - wrong result in function %s (%zd, %zd, %zd, %zd, %zd) %ld != %d, p1 %p p2 %p",</span>
<span class='curline'><a href='../S/2040.html#L216'>error</a>             216 string/test-strcasecmp.c       error (0, 0, "cannot set locale \"%s\"", locale);</span>
<span class='curline'><a href='../S/1979.html#L68'>error</a>              68 string/test-strcasestr.c       error (0, 0, "Wrong result in function %s %s %s", impl-&gt;name,</span>
<span class='curline'><a href='../S/1963.html#L78'>error</a>              78 string/test-strcat.c       error (0, 0, "Wrong result in function %s %p %p", impl-&gt;name,</span>
<span class='curline'><a href='../S/1963.html#L86'>error</a>              86 string/test-strcat.c       error (0, 0, "Wrong result in function %s dst \"%" sfmt "\" src \"%" sfmt "\"",</span>
<span class='curline'><a href='../S/1963.html#L190'>error</a>             190 string/test-strcat.c 	      error (0, 0, "Iteration %zd - wrong result in function %s (%zd, %zd, %zd %zd) %p != %p",</span>
<span class='curline'><a href='../S/1963.html#L199'>error</a>             199 string/test-strcat.c 		  error (0, 0, "Iteration %zd - garbage before, %s (%zd, %zd, %zd, %zd)",</span>
<span class='curline'><a href='../S/1963.html#L207'>error</a>             207 string/test-strcat.c 	      error (0, 0, "Iteration %zd - garbage in string before, %s (%zd, %zd, %zd, %zd)",</span>
<span class='curline'><a href='../S/1963.html#L215'>error</a>             215 string/test-strcat.c 		  error (0, 0, "Iteration %zd - garbage after, %s (%zd, %zd, %zd, %zd)",</span>
<span class='curline'><a href='../S/1963.html#L223'>error</a>             223 string/test-strcat.c 	      error (0, 0, "Iteration %zd - different strings, %s (%zd, %zd, %zd, %zd)",</span>
<span class='curline'><a href='../S/1980.html#L107'>error</a>             107 string/test-strchr.c       error (0, 0, "Wrong result in function %s %#x %p %p", impl-&gt;name,</span>
<span class='curline'><a href='../S/1980.html#L220'>error</a>             220 string/test-strchr.c 	    error (0, 0, "Iteration %zd - wrong result in function \</span>
<span class='curline'><a href='../S/1965.html#L147'>error</a>             147 string/test-strcmp.c       error (0, 0, "Wrong result in function %s %d %d", impl-&gt;name,</span>
<span class='curline'><a href='../S/1965.html#L288'>error</a>             288 string/test-strcmp.c 		    error (0, 0, "Iteration %zd - wrong result in function %s (align in bytes: %zd, align in bytes: %zd, len1:  %zd, len2: %zd, pos: %zd) %d != %d, p1 %p p2 %p",</span>
<span class='curline'><a href='../S/1965.html#L404'>error</a>             404 string/test-strcmp.c     error (EXIT_UNSUPPORTED, errno, "mmap failed");</span>
<span class='curline'><a href='../S/2063.html#L79'>error</a>              79 string/test-strcpy.c       error (0, 0, "Wrong result in function %s %p %p", impl-&gt;name,</span>
<span class='curline'><a href='../S/2063.html#L87'>error</a>              87 string/test-strcpy.c       error (0, 0,</span>
<span class='curline'><a href='../S/2063.html#L170'>error</a>             170 string/test-strcpy.c 	      error (0, 0, "Iteration %zd - wrong result in function %s (%zd, %zd, %zd) %p != %p",</span>
<span class='curline'><a href='../S/2063.html#L179'>error</a>             179 string/test-strcpy.c 		  error (0, 0, "Iteration %zd - garbage before, %s (%zd, %zd, %zd)",</span>
<span class='curline'><a href='../S/2063.html#L189'>error</a>             189 string/test-strcpy.c 		  error (0, 0, "Iteration %zd - garbage after, %s (%zd, %zd, %zd)",</span>
<span class='curline'><a href='../S/2063.html#L197'>error</a>             197 string/test-strcpy.c 	      error (0, 0, "Iteration %zd - different strings, %s (%zd, %zd, %zd)",</span>
<span class='curline'><a href='../S/1959.html#L202'>error</a>             202 string/test-string.h     error (EXIT_FAILURE, errno, "mmap failed");</span>
<span class='curline'><a href='../S/1959.html#L204'>error</a>             204 string/test-string.h     error (EXIT_FAILURE, errno, "mprotect failed");</span>
<span class='curline'><a href='../S/1959.html#L208'>error</a>             208 string/test-string.h     error (EXIT_FAILURE, errno, "mmap failed");</span>
<span class='curline'><a href='../S/1959.html#L210'>error</a>             210 string/test-string.h     error (EXIT_FAILURE, errno, "mprotect failed");</span>
<span class='curline'><a href='../S/1961.html#L68'>error</a>              68 string/test-strlen.c       error (0, 0, "Wrong result in function %s %zd %zd", impl-&gt;name,</span>
<span class='curline'><a href='../S/1961.html#L125'>error</a>             125 string/test-strlen.c 	    error (0, 0, "Iteration %zd - wrong result in function %s (%zd) %zd != %zd, p %p",</span>
<span class='curline'><a href='../S/2054.html#L82'>error</a>              82 string/test-strncasecmp.c       error (0, 0, "Wrong result in function %s %d %d", impl-&gt;name,</span>
<span class='curline'><a href='../S/2054.html#L265'>error</a>             265 string/test-strncasecmp.c 	      error (0, 0, "Iteration %zd - wrong result in function %s (%zd, %zd, %zd, %zd, %zd) %ld != %d, p1 %p p2 %p",</span>
<span class='curline'><a href='../S/2054.html#L308'>error</a>             308 string/test-strncasecmp.c       error (0, 0, "cannot set locale \"%s\"", locale);</span>
<span class='curline'><a href='../S/2085.html#L79'>error</a>              79 string/test-strncat.c       error (0, 0, "Wrong result in function %s %p != %p", impl-&gt;name,</span>
<span class='curline'><a href='../S/2085.html#L88'>error</a>              88 string/test-strncat.c       error (0, 0, "Incorrect concatenation in function %s",</span>
<span class='curline'><a href='../S/2085.html#L95'>error</a>              95 string/test-strncat.c       error (0, 0, "There is no zero in the end of output string in %s",</span>
<span class='curline'><a href='../S/2085.html#L264'>error</a>             264 string/test-strncat.c 	      error (0, 0, "Iteration %zd - wrong result in function %s "</span>
<span class='curline'><a href='../S/2085.html#L274'>error</a>             274 string/test-strncat.c 		  error (0, 0, "Iteration %zd - garbage before dst, %s "</span>
<span class='curline'><a href='../S/2085.html#L283'>error</a>             283 string/test-strncat.c 	      error (0, 0, "Iteration %zd - garbage in string before, %s "</span>
<span class='curline'><a href='../S/2085.html#L297'>error</a>             297 string/test-strncat.c 		  error (0, 0, "Iteration %zd - garbage after, %s "</span>
<span class='curline'><a href='../S/2085.html#L308'>error</a>             308 string/test-strncat.c 		  error (0, 0, "Iteration %zd - there is no zero at the "</span>
<span class='curline'><a href='../S/2085.html#L317'>error</a>             317 string/test-strncat.c 	      error (0, 0, "Iteration %zd - different strings, %s "</span>
<span class='curline'><a href='../S/1976.html#L134'>error</a>             134 string/test-strncmp.c       error (0, 0, "Wrong result in function %s %d %d", impl-&gt;name,</span>
<span class='curline'><a href='../S/1976.html#L352'>error</a>             352 string/test-strncmp.c 	      error (0, 0, "Iteration %zd - wrong result in function %s (%zd, %zd, %zd, %zd, %zd, %zd) %ld != %d, p1 %p p2 %p",</span>
<span class='curline'><a href='../S/2082.html#L100'>error</a>             100 string/test-strncpy.c       error (0, 0, "Wrong result in function %s %p %p", impl-&gt;name,</span>
<span class='curline'><a href='../S/2082.html#L108'>error</a>             108 string/test-strncpy.c       error (0, 0, "Wrong result in function %s", impl-&gt;name);</span>
<span class='curline'><a href='../S/2082.html#L120'>error</a>             120 string/test-strncpy.c 	    error (0, 0, "Wrong result in function %s", impl-&gt;name);</span>
<span class='curline'><a href='../S/2082.html#L271'>error</a>             271 string/test-strncpy.c 	      error (0, 0, "Iteration %zd - wrong result in function %s (%zd, %zd, %zd) %p != %p",</span>
<span class='curline'><a href='../S/2082.html#L280'>error</a>             280 string/test-strncpy.c 		  error (0, 0, "Iteration %zd - garbage before, %s (%zd, %zd, %zd)",</span>
<span class='curline'><a href='../S/2082.html#L293'>error</a>             293 string/test-strncpy.c 		  error (0, 0, "Iteration %zd - garbage after, %s (%zd, %zd, %zd)",</span>
<span class='curline'><a href='../S/2082.html#L302'>error</a>             302 string/test-strncpy.c 		error (0, 0, "Iteration %zd - garbage after size, %s (%zd, %zd, %zd)",</span>
<span class='curline'><a href='../S/2082.html#L312'>error</a>             312 string/test-strncpy.c 	      error (0, 0, "Iteration %zd - different strings, %s (%zd, %zd, %zd)",</span>
<span class='curline'><a href='../S/1999.html#L65'>error</a>              65 string/test-strnlen.c       error (0, 0, "Wrong result in function %s %zd %zd", impl-&gt;name,</span>
<span class='curline'><a href='../S/1999.html#L160'>error</a>             160 string/test-strnlen.c 	      error (0, 0, "Iteration %zd (limited) - wrong result in function %s (%zd) %zd != %zd, p %p",</span>
<span class='curline'><a href='../S/1999.html#L167'>error</a>             167 string/test-strnlen.c 	      error (0, 0, "Iteration %zd (exact) - wrong result in function %s (%zd) %zd != %zd, p %p",</span>
<span class='curline'><a href='../S/1999.html#L174'>error</a>             174 string/test-strnlen.c 	      error (0, 0, "Iteration %zd (long) - wrong result in function %s (%zd) %zd != %zd, p %p",</span>
<span class='curline'><a href='../S/1938.html#L99'>error</a>              99 string/test-strpbrk.c       error (0, 0, "Wrong result in function %s %p %p", impl-&gt;name,</span>
<span class='curline'><a href='../S/1938.html#L223'>error</a>             223 string/test-strpbrk.c 	    error (0, 0, "Iteration %zd - wrong result in function %s (%zd, %p, %zd, %zd, %zd) %p != %p",</span>
<span class='curline'><a href='../S/1983.html#L68'>error</a>              68 string/test-strrchr.c       error (0, 0, "Wrong result in function %s %p %p", impl-&gt;name,</span>
<span class='curline'><a href='../S/1983.html#L184'>error</a>             184 string/test-strrchr.c 	    error (0, 0, "Iteration %zd - wrong result in function %s (%zd, %d, %zd, %zd) %p != %p, p %p",</span>
<span class='curline'><a href='../S/2031.html#L98'>error</a>              98 string/test-strspn.c       error (0, 0, "Wrong result in function %s %p %p", impl-&gt;name,</span>
<span class='curline'><a href='../S/2031.html#L201'>error</a>             201 string/test-strspn.c 	    error (0, 0, "Iteration %zd - wrong result in function %s (%zd, %p, %zd, %zd, %zd) %zd != %zd",</span>
<span class='curline'><a href='../S/1987.html#L67'>error</a>              67 string/test-strstr.c       error (0, 0, "Wrong result in function %s %s %s", impl-&gt;name,</span>
<span class='curline'><a href='../S/18215.html#L139'>error</a>             139 sunrpc/clnt_raw.c   struct rpc_err error;</span>
<span class='curline'><a href='../S/18215.html#L178'>error</a>             178 sunrpc/clnt_raw.c   _seterr_reply (&amp;msg, &amp;error);</span>
<span class='curline'><a href='../S/18215.html#L179'>error</a>             179 sunrpc/clnt_raw.c   status = error.re_status;</span>
<span class='curline'><a href='../S/18268.html#L172'>error</a>             172 sunrpc/rpc_prot.c 	  struct rpc_err *error)</span>
<span class='curline'><a href='../S/18268.html#L178'>error</a>             178 sunrpc/rpc_prot.c       error-&gt;re_status = RPC_PROGUNAVAIL;</span>
<span class='curline'><a href='../S/18268.html#L182'>error</a>             182 sunrpc/rpc_prot.c       error-&gt;re_status = RPC_PROGVERSMISMATCH;</span>
<span class='curline'><a href='../S/18268.html#L186'>error</a>             186 sunrpc/rpc_prot.c       error-&gt;re_status = RPC_PROCUNAVAIL;</span>
<span class='curline'><a href='../S/18268.html#L190'>error</a>             190 sunrpc/rpc_prot.c       error-&gt;re_status = RPC_CANTDECODEARGS;</span>
<span class='curline'><a href='../S/18268.html#L194'>error</a>             194 sunrpc/rpc_prot.c       error-&gt;re_status = RPC_SYSTEMERROR;</span>
<span class='curline'><a href='../S/18268.html#L198'>error</a>             198 sunrpc/rpc_prot.c       error-&gt;re_status = RPC_SUCCESS;</span>
<span class='curline'><a href='../S/18268.html#L202'>error</a>             202 sunrpc/rpc_prot.c   error-&gt;re_status = RPC_FAILED;</span>
<span class='curline'><a href='../S/18268.html#L203'>error</a>             203 sunrpc/rpc_prot.c   error-&gt;re_lb.s1 = (long) MSG_ACCEPTED;</span>
<span class='curline'><a href='../S/18268.html#L204'>error</a>             204 sunrpc/rpc_prot.c   error-&gt;re_lb.s2 = (long) acpt_stat;</span>
<span class='curline'><a href='../S/18268.html#L209'>error</a>             209 sunrpc/rpc_prot.c 	  struct rpc_err *error)</span>
<span class='curline'><a href='../S/18268.html#L214'>error</a>             214 sunrpc/rpc_prot.c       error-&gt;re_status = RPC_VERSMISMATCH;</span>
<span class='curline'><a href='../S/18268.html#L217'>error</a>             217 sunrpc/rpc_prot.c       error-&gt;re_status = RPC_AUTHERROR;</span>
<span class='curline'><a href='../S/18268.html#L221'>error</a>             221 sunrpc/rpc_prot.c       error-&gt;re_status = RPC_FAILED;</span>
<span class='curline'><a href='../S/18268.html#L222'>error</a>             222 sunrpc/rpc_prot.c       error-&gt;re_lb.s1 = (long) MSG_DENIED;</span>
<span class='curline'><a href='../S/18268.html#L223'>error</a>             223 sunrpc/rpc_prot.c       error-&gt;re_lb.s2 = (long) rjct_stat;</span>
<span class='curline'><a href='../S/18268.html#L233'>error</a>             233 sunrpc/rpc_prot.c 	       struct rpc_err *error)</span>
<span class='curline'><a href='../S/18268.html#L241'>error</a>             241 sunrpc/rpc_prot.c 	  error-&gt;re_status = RPC_SUCCESS;</span>
<span class='curline'><a href='../S/18268.html#L244'>error</a>             244 sunrpc/rpc_prot.c       accepted (msg-&gt;acpted_rply.ar_stat, error);</span>
<span class='curline'><a href='../S/18268.html#L248'>error</a>             248 sunrpc/rpc_prot.c       rejected (msg-&gt;rjcted_rply.rj_stat, error);</span>
<span class='curline'><a href='../S/18268.html#L252'>error</a>             252 sunrpc/rpc_prot.c       error-&gt;re_status = RPC_FAILED;</span>
<span class='curline'><a href='../S/18268.html#L253'>error</a>             253 sunrpc/rpc_prot.c       error-&gt;re_lb.s1 = (long) (msg-&gt;rm_reply.rp_stat);</span>
<span class='curline'><a href='../S/18268.html#L256'>error</a>             256 sunrpc/rpc_prot.c   switch (error-&gt;re_status)</span>
<span class='curline'><a href='../S/18268.html#L260'>error</a>             260 sunrpc/rpc_prot.c       error-&gt;re_vers.low = msg-&gt;rjcted_rply.rj_vers.low;</span>
<span class='curline'><a href='../S/18268.html#L261'>error</a>             261 sunrpc/rpc_prot.c       error-&gt;re_vers.high = msg-&gt;rjcted_rply.rj_vers.high;</span>
<span class='curline'><a href='../S/18268.html#L265'>error</a>             265 sunrpc/rpc_prot.c       error-&gt;re_why = msg-&gt;rjcted_rply.rj_why;</span>
<span class='curline'><a href='../S/18268.html#L269'>error</a>             269 sunrpc/rpc_prot.c       error-&gt;re_vers.low = msg-&gt;acpted_rply.ar_vers.low;</span>
<span class='curline'><a href='../S/18268.html#L270'>error</a>             270 sunrpc/rpc_prot.c       error-&gt;re_vers.high = msg-&gt;acpted_rply.ar_vers.high;</span>
<span class='curline'><a href='../S/5773.html#L44'>error</a>              44 support/xdlfcn.c       const char *error = dlerror ();</span>
<span class='curline'><a href='../S/5773.html#L45'>error</a>              45 support/xdlfcn.c       if (error != NULL)</span>
<span class='curline'><a href='../S/5773.html#L46'>error</a>              46 support/xdlfcn.c         FAIL_EXIT1 ("error: dlsym: %s\n", error);</span>
<span class='curline'><a href='../S/5773.html#L64'>error</a>              64 support/xdlfcn.c       const char *error = dlerror ();</span>
<span class='curline'><a href='../S/5773.html#L65'>error</a>              65 support/xdlfcn.c       if (error != NULL)</span>
<span class='curline'><a href='../S/5773.html#L66'>error</a>              66 support/xdlfcn.c         FAIL_EXIT1 ("error: dlvsym: %s\n", error);</span>
<span class='curline'><a href='../S/12222.html#L136'>error</a>             136 sysdeps/generic/dl-machine.h #define RTLD_START #error need some startup code</span>
<span class='curline'><a href='../S/17167.html#L149'>error</a>             149 sysdeps/htl/sem-timedwait.c 		  goto error;</span>
<span class='curline'><a href='../S/17167.html#L161'>error</a>             161 sysdeps/htl/sem-timedwait.c error:</span>
<span class='curline'><a href='../S/12824.html#L50'>error</a>              50 sysdeps/hurd/htl/pt-kill.c   detail.error = 0;</span>
<span class='curline'><a href='../S/9533.html#L29'>error</a>              29 sysdeps/ieee754/ldbl-128ibm-compat/ieee128-error.c IEEE128_DECL (error) (int status, int errnum, const char *message, ...)</span>
<span class='curline'><a href='../S/9533.html#L37'>error</a>              37 sysdeps/ieee754/ldbl-128ibm-compat/ieee128-error.c IEEE128_ALIAS (error)</span>
<span class='curline'><a href='../S/8816.html#L91'>error</a>              91 sysdeps/ieee754/ldbl-opt/nldbl-compat.h NLDBL_DECL (error);</span>
<span class='curline'><a href='../S/14019.html#L29'>error</a>              29 sysdeps/mach/hurd/i386/exc2signal.c   detail-&gt;error = 0;</span>
<span class='curline'><a href='../S/14019.html#L58'>error</a>              58 sysdeps/mach/hurd/i386/exc2signal.c       detail-&gt;error = detail-&gt;exc_code;</span>
<span class='curline'><a href='../S/14027.html#L37'>error</a>              37 sysdeps/mach/hurd/i386/trampoline.c   si-&gt;si_errno = detail-&gt;error;</span>
<span class='curline'><a href='../S/13848.html#L54'>error</a>              54 sysdeps/mach/sysdep.h #define ENTRY(name) .error ENTRY not defined by sysdeps/mach/MACHINE/sysdep.h</span>
<span class='curline'><a href='../S/8426.html#L148'>error</a>             148 sysdeps/posix/euidaccess.c   ?error Oops, portability assumptions incorrect.</span>
<span class='curline'><a href='../S/8426.html#L212'>error</a>             212 sysdeps/posix/euidaccess.c     error (0, errno, "%s", file);</span>
<span class='curline'><a href='../S/16316.html#L66'>error</a>              66 sysdeps/pthread/tst-cancel19.c     error (EXIT_FAILURE, errno, "couldn't create pipe");</span>
<span class='curline'><a href='../S/16316.html#L70'>error</a>              70 sysdeps/pthread/tst-cancel19.c     error (EXIT_FAILURE, rc, "couldn't create thread");</span>
<span class='curline'><a href='../S/16316.html#L75'>error</a>              75 sysdeps/pthread/tst-cancel19.c       error (0, rc, "1st pthread_setcanceltype failed");</span>
<span class='curline'><a href='../S/16316.html#L80'>error</a>              80 sysdeps/pthread/tst-cancel19.c       error (0, 0, "1st pthread_setcanceltype returned invalid value %d",</span>
<span class='curline'><a href='../S/16316.html#L91'>error</a>              91 sysdeps/pthread/tst-cancel19.c       error (0, rc, "pthread_setcanceltype after close failed");</span>
<span class='curline'><a href='../S/16316.html#L96'>error</a>              96 sysdeps/pthread/tst-cancel19.c       error (0, 0, "pthread_setcanceltype after close returned invalid value %d",</span>
<span class='curline'><a href='../S/16316.html#L107'>error</a>             107 sysdeps/pthread/tst-cancel19.c       error (0, rc, "pthread_setcanceltype after 2nd close failed");</span>
<span class='curline'><a href='../S/16316.html#L112'>error</a>             112 sysdeps/pthread/tst-cancel19.c       error (0, 0, "pthread_setcanceltype after 2nd close returned invalid value %d",</span>
<span class='curline'><a href='../S/16316.html#L136'>error</a>             136 sysdeps/pthread/tst-cancel19.c       error (0, rc, "pthread_setcanceltype after pause failed");</span>
<span class='curline'><a href='../S/16316.html#L141'>error</a>             141 sysdeps/pthread/tst-cancel19.c       error (0, 0, "pthread_setcanceltype after pause returned invalid value %d",</span>
<span class='curline'><a href='../S/16316.html#L160'>error</a>             160 sysdeps/pthread/tst-cancel19.c       error (0, rc, "pthread_setcanceltype after 2nd pause failed");</span>
<span class='curline'><a href='../S/16316.html#L165'>error</a>             165 sysdeps/pthread/tst-cancel19.c       error (0, 0, "pthread_setcanceltype after 2nd pause returned invalid value %d",</span>
<span class='curline'><a href='../S/16316.html#L174'>error</a>             174 sysdeps/pthread/tst-cancel19.c       error (0, errno, "mkdtemp failed");</span>
<span class='curline'><a href='../S/16316.html#L185'>error</a>             185 sysdeps/pthread/tst-cancel19.c       error (0, rc, "pthread_setcanceltype after creat failed");</span>
<span class='curline'><a href='../S/16316.html#L190'>error</a>             190 sysdeps/pthread/tst-cancel19.c       error (0, 0, "pthread_setcanceltype after creat returned invalid value %d",</span>
<span class='curline'><a href='../S/16316.html#L201'>error</a>             201 sysdeps/pthread/tst-cancel19.c       error (0, rc, "pthread_setcanceltype after 2nd creat failed");</span>
<span class='curline'><a href='../S/16316.html#L206'>error</a>             206 sysdeps/pthread/tst-cancel19.c       error (0, 0, "pthread_setcanceltype after 2nd creat returned invalid value %d",</span>
<span class='curline'><a href='../S/16316.html#L217'>error</a>             217 sysdeps/pthread/tst-cancel19.c       error (0, rc, "pthread_setcanceltype after open failed");</span>
<span class='curline'><a href='../S/16316.html#L222'>error</a>             222 sysdeps/pthread/tst-cancel19.c       error (0, 0, "pthread_setcanceltype after open returned invalid value %d",</span>
<span class='curline'><a href='../S/16316.html#L233'>error</a>             233 sysdeps/pthread/tst-cancel19.c       error (0, rc, "pthread_setcanceltype after 2nd open failed");</span>
<span class='curline'><a href='../S/16316.html#L238'>error</a>             238 sysdeps/pthread/tst-cancel19.c       error (0, 0, "pthread_setcanceltype after 2nd open returned invalid value %d",</span>
<span class='curline'><a href='../S/16316.html#L252'>error</a>             252 sysdeps/pthread/tst-cancel19.c       error (0, rc, "pthread_setcanceltype after select failed");</span>
<span class='curline'><a href='../S/16316.html#L257'>error</a>             257 sysdeps/pthread/tst-cancel19.c       error (0, 0, "pthread_setcanceltype after select returned invalid value %d",</span>
<span class='curline'><a href='../S/16316.html#L268'>error</a>             268 sysdeps/pthread/tst-cancel19.c       error (0, rc, "pthread_setcanceltype after 2nd select failed");</span>
<span class='curline'><a href='../S/16316.html#L273'>error</a>             273 sysdeps/pthread/tst-cancel19.c       error (0, 0, "pthread_setcanceltype after 2nd select returned invalid value %d",</span>
<span class='curline'><a href='../S/16150.html#L35'>error</a>              35 sysdeps/pthread/tst-cond1.c     error (EXIT_FAILURE, err, "child: cannot get mutex");</span>
<span class='curline'><a href='../S/16150.html#L45'>error</a>              45 sysdeps/pthread/tst-cond1.c     error (EXIT_FAILURE, err, "child: cannot unlock");</span>
<span class='curline'><a href='../S/16150.html#L65'>error</a>              65 sysdeps/pthread/tst-cond1.c     error (EXIT_FAILURE, err, "parent: cannot get mutex");</span>
<span class='curline'><a href='../S/16150.html#L71'>error</a>              71 sysdeps/pthread/tst-cond1.c     error (EXIT_FAILURE, err, "parent: cannot create thread");</span>
<span class='curline'><a href='../S/16150.html#L80'>error</a>              80 sysdeps/pthread/tst-cond1.c     error (EXIT_FAILURE, err, "parent: cannot wait fir signal");</span>
<span class='curline'><a href='../S/16150.html#L86'>error</a>              86 sysdeps/pthread/tst-cond1.c     error (EXIT_FAILURE, err, "parent: failed to join");</span>
<span class='curline'><a href='../S/16105.html#L40'>error</a>              40 sysdeps/pthread/tst-cond2.c     error (EXIT_FAILURE, err, "locking in child failed");</span>
<span class='curline'><a href='../S/16105.html#L55'>error</a>              55 sysdeps/pthread/tst-cond2.c     error (EXIT_FAILURE, err, "child %d: failed to wait", i);</span>
<span class='curline'><a href='../S/16105.html#L61'>error</a>              61 sysdeps/pthread/tst-cond2.c     error (EXIT_FAILURE, err, "child %d: unlock[2] failed", i);</span>
<span class='curline'><a href='../S/16105.html#L107'>error</a>             107 sysdeps/pthread/tst-cond2.c 	error (EXIT_FAILURE, err, "cannot create thread %d", i);</span>
<span class='curline'><a href='../S/16105.html#L131'>error</a>             131 sysdeps/pthread/tst-cond2.c     error (EXIT_FAILURE, err, "mut locking failed");</span>
<span class='curline'><a href='../S/16105.html#L138'>error</a>             138 sysdeps/pthread/tst-cond2.c     error (EXIT_FAILURE, err, "parent: broadcast failed");</span>
<span class='curline'><a href='../S/16105.html#L142'>error</a>             142 sysdeps/pthread/tst-cond2.c     error (EXIT_FAILURE, err, "mut unlocking failed");</span>
<span class='curline'><a href='../S/16105.html#L151'>error</a>             151 sysdeps/pthread/tst-cond2.c 	error (EXIT_FAILURE, err, "join of child %d failed", i);</span>
<span class='curline'><a href='../S/16347.html#L43'>error</a>              43 sysdeps/pthread/tst-pt-popen1.c     error (EXIT_FAILURE, errno, "popen failed");</span>
<span class='curline'><a href='../S/16347.html#L45'>error</a>              45 sysdeps/pthread/tst-pt-popen1.c     error (EXIT_FAILURE, 0, "fgets failed");</span>
<span class='curline'><a href='../S/16347.html#L47'>error</a>              47 sysdeps/pthread/tst-pt-popen1.c     error (EXIT_FAILURE, 0, "read wrong data");</span>
<span class='curline'><a href='../S/16347.html#L49'>error</a>              49 sysdeps/pthread/tst-pt-popen1.c     error (EXIT_FAILURE, errno, "pclose returned non-zero");</span>
<span class='curline'><a href='../S/16347.html#L51'>error</a>              51 sysdeps/pthread/tst-pt-popen1.c     error (EXIT_FAILURE, err, "pthread_create failed");</span>
<span class='curline'><a href='../S/16347.html#L53'>error</a>              53 sysdeps/pthread/tst-pt-popen1.c     error (EXIT_FAILURE, err, "pthread_join failed");</span>
<span class='curline'><a href='../S/16251.html#L29'>error</a>              29 sysdeps/pthread/tst-pthread-mutexattr.c   int error;</span>
<span class='curline'><a href='../S/16251.html#L31'>error</a>              31 sysdeps/pthread/tst-pthread-mutexattr.c   error = pthread_mutexattr_init (&amp;attr);</span>
<span class='curline'><a href='../S/16251.html#L32'>error</a>              32 sysdeps/pthread/tst-pthread-mutexattr.c   if (error)</span>
<span class='curline'><a href='../S/16251.html#L34'>error</a>              34 sysdeps/pthread/tst-pthread-mutexattr.c       printf ("pthread_mutexattr_init: %s\n", strerror (error));</span>
<span class='curline'><a href='../S/16251.html#L37'>error</a>              37 sysdeps/pthread/tst-pthread-mutexattr.c   error = pthread_mutexattr_settype (&amp;attr, PTHREAD_MUTEX_DEFAULT);</span>
<span class='curline'><a href='../S/16251.html#L38'>error</a>              38 sysdeps/pthread/tst-pthread-mutexattr.c   if (error)</span>
<span class='curline'><a href='../S/16251.html#L40'>error</a>              40 sysdeps/pthread/tst-pthread-mutexattr.c       printf ("pthread_mutexattr_settype (1): %s\n", strerror (error));</span>
<span class='curline'><a href='../S/16251.html#L43'>error</a>              43 sysdeps/pthread/tst-pthread-mutexattr.c   error = pthread_mutexattr_gettype (&amp;attr, &amp;kind);</span>
<span class='curline'><a href='../S/16251.html#L44'>error</a>              44 sysdeps/pthread/tst-pthread-mutexattr.c   if (error)</span>
<span class='curline'><a href='../S/16251.html#L46'>error</a>              46 sysdeps/pthread/tst-pthread-mutexattr.c       printf ("pthread_mutexattr_gettype: %s\n", strerror (error));</span>
<span class='curline'><a href='../S/16251.html#L49'>error</a>              49 sysdeps/pthread/tst-pthread-mutexattr.c   error = pthread_mutexattr_settype (&amp;attr, kind);</span>
<span class='curline'><a href='../S/16251.html#L50'>error</a>              50 sysdeps/pthread/tst-pthread-mutexattr.c   if (error)</span>
<span class='curline'><a href='../S/16251.html#L52'>error</a>              52 sysdeps/pthread/tst-pthread-mutexattr.c       printf ("pthread_mutexattr_settype (2): %s\n", strerror (error));</span>
<span class='curline'><a href='../S/10654.html#L26'>error</a>              26 sysdeps/unix/sysv/linux/i386/sysdep.c __syscall_error (int error)</span>
<span class='curline'><a href='../S/10654.html#L28'>error</a>              28 sysdeps/unix/sysv/linux/i386/sysdep.c   __set_errno (-error);</span>
<span class='curline'><a href='../S/9736.html#L207'>error</a>             207 sysdeps/unix/sysv/linux/ifaddrs.c 		errno = -nlerr-&gt;error;</span>
<span class='curline'><a href='../S/9718.html#L80'>error</a>              80 sysdeps/unix/sysv/linux/lddlibc4.c     error (2, errno, gettext ("cannot open `%s'"), filename);</span>
<span class='curline'><a href='../S/9718.html#L84'>error</a>              84 sysdeps/unix/sysv/linux/lddlibc4.c     error (2, errno, gettext ("cannot read header from `%s'"), filename);</span>
<span class='curline'><a href='../S/11361.html#L280'>error</a>             280 sysdeps/unix/sysv/linux/tst-skeleton-affinity.c   bool error = false;</span>
<span class='curline'><a href='../S/11361.html#L281'>error</a>             281 sysdeps/unix/sysv/linux/tst-skeleton-affinity.c   error |= !test_size (&amp;conf, 1024);</span>
<span class='curline'><a href='../S/11361.html#L282'>error</a>             282 sysdeps/unix/sysv/linux/tst-skeleton-affinity.c   error |= !test_size (&amp;conf, conf.set_size);</span>
<span class='curline'><a href='../S/11361.html#L283'>error</a>             283 sysdeps/unix/sysv/linux/tst-skeleton-affinity.c   error |= !test_size (&amp;conf, 2);</span>
<span class='curline'><a href='../S/11361.html#L284'>error</a>             284 sysdeps/unix/sysv/linux/tst-skeleton-affinity.c   error |= !test_size (&amp;conf, 32);</span>
<span class='curline'><a href='../S/11361.html#L285'>error</a>             285 sysdeps/unix/sysv/linux/tst-skeleton-affinity.c   error |= !test_size (&amp;conf, 40);</span>
<span class='curline'><a href='../S/11361.html#L286'>error</a>             286 sysdeps/unix/sysv/linux/tst-skeleton-affinity.c   error |= !test_size (&amp;conf, 64);</span>
<span class='curline'><a href='../S/11361.html#L287'>error</a>             287 sysdeps/unix/sysv/linux/tst-skeleton-affinity.c   error |= !test_size (&amp;conf, 96);</span>
<span class='curline'><a href='../S/11361.html#L288'>error</a>             288 sysdeps/unix/sysv/linux/tst-skeleton-affinity.c   error |= !test_size (&amp;conf, 128);</span>
<span class='curline'><a href='../S/11361.html#L289'>error</a>             289 sysdeps/unix/sysv/linux/tst-skeleton-affinity.c   error |= !test_size (&amp;conf, 256);</span>
<span class='curline'><a href='../S/11361.html#L290'>error</a>             290 sysdeps/unix/sysv/linux/tst-skeleton-affinity.c   error |= !test_size (&amp;conf, 8192);</span>
<span class='curline'><a href='../S/11361.html#L291'>error</a>             291 sysdeps/unix/sysv/linux/tst-skeleton-affinity.c   return error;</span>
<span class='curline'><a href='../S/9665.html#L64'>error</a>              64 sysdeps/unix/sysv/linux/x86/readelflib.c       error (0, 0, _("%s is for unknown machine %d.\n"),</span>
<span class='curline'><a href='../S/14375.html#L72'>error</a>              72 sysdeps/x86_64/tst-rsi-strlen.c 	  error (0, 0, "Wrong result in function %s: %zu != %zu",</span>
<span class='curline'><a href='../S/14427.html#L63'>error</a>              63 sysdeps/x86_64/x32/tst-size_t-memchr.c 	  error (0, 0, "Wrong result in function %s: %p != NULL",</span>
<span class='curline'><a href='../S/14438.html#L70'>error</a>              70 sysdeps/x86_64/x32/tst-size_t-memcmp-2.c 	  error (0, 0, "Wrong result in function %s: %i &gt;= 0",</span>
<span class='curline'><a href='../S/14417.html#L67'>error</a>              67 sysdeps/x86_64/x32/tst-size_t-memcmp.c 	  error (0, 0, "Wrong result in function %s: %i != 0",</span>
<span class='curline'><a href='../S/14439.html#L49'>error</a>              49 sysdeps/x86_64/x32/tst-size_t-memcpy.c 	  error (0, 0, "Wrong result in function %s: %i != 0",</span>
<span class='curline'><a href='../S/14421.html#L48'>error</a>              48 sysdeps/x86_64/x32/tst-size_t-memrchr.c 	  error (0, 0, "Wrong result in function %s: %p != NULL",</span>
<span class='curline'><a href='../S/14413.html#L65'>error</a>              65 sysdeps/x86_64/x32/tst-size_t-memset.c 	    error (0, 0, "Wrong result in function %s", impl-&gt;name);</span>
<span class='curline'><a href='../S/14416.html#L50'>error</a>              50 sysdeps/x86_64/x32/tst-size_t-strncasecmp.c 	  error (0, 0, "Wrong result in function %s: %i != 0",</span>
<span class='curline'><a href='../S/14437.html#L69'>error</a>              69 sysdeps/x86_64/x32/tst-size_t-strncmp.c 	  error (0, 0, "Wrong result in function %s: %i != 0",</span>
<span class='curline'><a href='../S/14426.html#L49'>error</a>              49 sysdeps/x86_64/x32/tst-size_t-strncpy.c 	  error (0, 0, "Wrong result in function %s: %i != 0",</span>
<span class='curline'><a href='../S/14435.html#L63'>error</a>              63 sysdeps/x86_64/x32/tst-size_t-strnlen.c 	  error (0, 0, "Wrong result in function %s: 0x%x != 0x%x",</span>
<span class='curline'><a href='../S/3752.html#L541'>error</a>             541 timezone/zic.c error(const char *const string, ...)</span>
<span class='curline'><a href='../S/3752.html#L716'>error</a>             716 timezone/zic.c 				    error(_("incompatible -b options"));</span>
<span class='curline'><a href='../S/3752.html#L720'>error</a>             720 timezone/zic.c 				    error(_("incompatible -b options"));</span>
<span class='curline'><a href='../S/3752.html#L723'>error</a>             723 timezone/zic.c 				  error(_("invalid option: -b '%s'"), optarg);</span>
<span class='curline'><a href='../S/3752.html#L871'>error</a>             871 timezone/zic.c 	    error (_("empty file name"));</span>
<span class='curline'><a href='../S/3752.html#L873'>error</a>             873 timezone/zic.c 	    error (_(component == name</span>
<span class='curline'><a href='../S/3752.html#L884'>error</a>             884 timezone/zic.c 	  error(_("file name '%s' contains '%.*s' component"),</span>
<span class='curline'><a href='../S/3752.html#L1171'>error</a>            1171 timezone/zic.c 				error("%s", _("%s in ruleless zone"));</span>
<span class='curline'><a href='../S/3752.html#L1207'>error</a>            1207 timezone/zic.c 			error(_("line too long"));</span>
<span class='curline'><a href='../S/3752.html#L1230'>error</a>            1230 timezone/zic.c 				error(_("input line of unknown type"));</span>
<span class='curline'><a href='../S/3752.html#L1262'>error</a>            1262 timezone/zic.c 		error(_("expected continuation line not found"));</span>
<span class='curline'><a href='../S/3752.html#L1306'>error</a>            1306 timezone/zic.c 			error("%s", errstring);</span>
<span class='curline'><a href='../S/3752.html#L1312'>error</a>            1312 timezone/zic.c 			error("%s", errstring);</span>
<span class='curline'><a href='../S/3752.html#L1316'>error</a>            1316 timezone/zic.c 		error(_("time overflow"));</span>
<span class='curline'><a href='../S/3752.html#L1351'>error</a>            1351 timezone/zic.c 		error(_("wrong number of fields on Rule line"));</span>
<span class='curline'><a href='../S/3752.html#L1360'>error</a>            1360 timezone/zic.c 		error(_("Invalid rule name \"%s\""), fields[RF_NAME]);</span>
<span class='curline'><a href='../S/3752.html#L1382'>error</a>            1382 timezone/zic.c 		error(_("wrong number of fields on Zone line"));</span>
<span class='curline'><a href='../S/3752.html#L1386'>error</a>            1386 timezone/zic.c 		error(</span>
<span class='curline'><a href='../S/3752.html#L1392'>error</a>            1392 timezone/zic.c 		error(</span>
<span class='curline'><a href='../S/3752.html#L1400'>error</a>            1400 timezone/zic.c 				error(_("duplicate zone name %s"</span>
<span class='curline'><a href='../S/3752.html#L1414'>error</a>            1414 timezone/zic.c 		error(_("wrong number of fields on Zone continuation line"));</span>
<span class='curline'><a href='../S/3752.html#L1458'>error</a>            1458 timezone/zic.c 			error(_("invalid abbreviation format"));</span>
<span class='curline'><a href='../S/3752.html#L1493'>error</a>            1493 timezone/zic.c 				error(_(</span>
<span class='curline'><a href='../S/3752.html#L1526'>error</a>            1526 timezone/zic.c 		error(_("invalid leaping year"));</span>
<span class='curline'><a href='../S/3752.html#L1548'>error</a>            1548 timezone/zic.c 		error(_("invalid month name"));</span>
<span class='curline'><a href='../S/3752.html#L1561'>error</a>            1561 timezone/zic.c 			error(_("invalid day of month"));</span>
<span class='curline'><a href='../S/3752.html#L1566'>error</a>            1566 timezone/zic.c 		error(_("time too small"));</span>
<span class='curline'><a href='../S/3752.html#L1570'>error</a>            1570 timezone/zic.c 		error(_("time too large"));</span>
<span class='curline'><a href='../S/3752.html#L1577'>error</a>            1577 timezone/zic.c 	  error(_("leap second precedes Epoch"));</span>
<span class='curline'><a href='../S/3752.html#L1585'>error</a>            1585 timezone/zic.c     error(_("wrong number of fields on Leap line"));</span>
<span class='curline'><a href='../S/3752.html#L1591'>error</a>            1591 timezone/zic.c 	error(_("invalid Rolling/Stationary field on Leap line"));</span>
<span class='curline'><a href='../S/3752.html#L1599'>error</a>            1599 timezone/zic.c 	  error(_("invalid CORRECTION field on Leap line"));</span>
<span class='curline'><a href='../S/3752.html#L1611'>error</a>            1611 timezone/zic.c     error(_("wrong number of fields on Expires line"));</span>
<span class='curline'><a href='../S/3752.html#L1613'>error</a>            1613 timezone/zic.c     error(_("multiple Expires lines"));</span>
<span class='curline'><a href='../S/3752.html#L1624'>error</a>            1624 timezone/zic.c 		error(_("wrong number of fields on Link line"));</span>
<span class='curline'><a href='../S/3752.html#L1628'>error</a>            1628 timezone/zic.c 		error(_("blank FROM field on Link line"));</span>
<span class='curline'><a href='../S/3752.html#L1653'>error</a>            1653 timezone/zic.c 		error(_("invalid month name"));</span>
<span class='curline'><a href='../S/3752.html#L1703'>error</a>            1703 timezone/zic.c 		error(_("invalid starting year"));</span>
<span class='curline'><a href='../S/3752.html#L1725'>error</a>            1725 timezone/zic.c 		error(_("invalid ending year"));</span>
<span class='curline'><a href='../S/3752.html#L1729'>error</a>            1729 timezone/zic.c 		error(_("starting year greater than ending year"));</span>
<span class='curline'><a href='../S/3752.html#L1736'>error</a>            1736 timezone/zic.c 			error(_("typed single year"));</span>
<span class='curline'><a href='../S/3752.html#L1769'>error</a>            1769 timezone/zic.c 				error(_("invalid day of month"));</span>
<span class='curline'><a href='../S/3752.html#L1774'>error</a>            1774 timezone/zic.c 				error(_("invalid weekday name"));</span>
<span class='curline'><a href='../S/3752.html#L1783'>error</a>            1783 timezone/zic.c 				error(_("invalid day of month"));</span>
<span class='curline'><a href='../S/3752.html#L2058'>error</a>            2058 timezone/zic.c 		  error(_("too many transition times"));</span>
<span class='curline'><a href='../S/3752.html#L2297'>error</a>            2297 timezone/zic.c     error(_("%%z UT offset magnitude exceeds 99:59:59"));</span>
<span class='curline'><a href='../S/3752.html#L2825'>error</a>            2825 timezone/zic.c 					  error("%s", dup_rules_msg);</span>
<span class='curline'><a href='../S/3752.html#L2889'>error</a>            2889 timezone/zic.c error(_("can't determine time zone abbreviation to use just after until time"));</span>
<span class='curline'><a href='../S/3752.html#L2964'>error</a>            2964 timezone/zic.c 		error(_("UT offset out of range"));</span>
<span class='curline'><a href='../S/3752.html#L2987'>error</a>            2987 timezone/zic.c 		error(_("too many local time types"));</span>
<span class='curline'><a href='../S/3752.html#L3005'>error</a>            3005 timezone/zic.c 		error(_("too many leap seconds"));</span>
<span class='curline'><a href='../S/3752.html#L3032'>error</a>            3032 timezone/zic.c 		  error(_("Leap seconds too close together"));</span>
<span class='curline'><a href='../S/3752.html#L3049'>error</a>            3049 timezone/zic.c 	    error(_("last Leap time does not precede Expires time"));</span>
<span class='curline'><a href='../S/3752.html#L3095'>error</a>            3095 timezone/zic.c 	error(_("Wild result from command execution"));</span>
<span class='curline'><a href='../S/3752.html#L3267'>error</a>            3267 timezone/zic.c 				  error(_("Odd number of quotation marks"));</span>
<span class='curline'><a href='../S/3752.html#L3282'>error</a>            3282 timezone/zic.c   error(_("time overflow"));</span>
<span class='curline'><a href='../S/3752.html#L3361'>error</a>            3361 timezone/zic.c 			error(_("use of 2/29 in non leap-year"));</span>
<span class='curline'><a href='../S/3752.html#L3433'>error</a>            3433 timezone/zic.c 		error(_("too many, or too long, time zone abbreviations"));</span>
<span class='curline'><a href='../S/3752.html#L3479'>error</a>            3479 timezone/zic.c 				error(_("%s: Can't create directory %s: %s"),</span>
<span class='curline'><a href='../S/4151.html#L136'>error</a>             136 wcsmbs/tst-mbrtowc.c   int error = 0;</span>
<span class='curline'><a href='../S/4151.html#L144'>error</a>             144 wcsmbs/tst-mbrtowc.c   error |= utf8_test_1 ();</span>
<span class='curline'><a href='../S/4151.html#L145'>error</a>             145 wcsmbs/tst-mbrtowc.c   error |= utf8_test_2 ();</span>
<span class='curline'><a href='../S/4151.html#L146'>error</a>             146 wcsmbs/tst-mbrtowc.c   error |= utf8_test_3 ();</span>
<span class='curline'><a href='../S/4151.html#L148'>error</a>             148 wcsmbs/tst-mbrtowc.c   return error;</span>
</pre>
</body>
</html>
